[ 01/05/2024-00:00:08 ] [ _.Main._ ] 
[ 01/05/2024-00:00:08 ] [ _.Main._ ] 	"░█▀▀" "░█▀█" "░█▀▄" "░█▀▀"      "░█▀█ ░█▀█ ░█▄ █ ░█▀▀ ░█"
[ 01/05/2024-00:00:08 ] [ _.Main._ ] 	"░█  " "░█░█" "░█▀▄" "░█▀▀"  ▀▀▀ "░█▀▀ ░█▀█ ░█ ▀█ ░█▀▀ ░█"
[ 01/05/2024-00:00:08 ] [ _.Main._ ] 	"░▀▀▀" "░▀▀▀" "░▀░▀" "░▀▀▀"      "░▀   ░▀ ▀ ░▀  ▀ ░▀▀▀ ░▀▀▀"
[ 01/05/2024-00:00:08 ] [ _.Main._ ] 
[ 01/05/2024-00:00:09 ] [ _.Main._ ] 
[ 01/05/2024-00:00:09 ] [ _.Main._ ] ----------------------------------------------------------------
[ 01/05/2024-00:00:09 ] [ _.Main._ ]                          "Estatisticas"                    
[ 01/05/2024-00:00:09 ] [ _.Main._ ] ----------------------------------------------------------------
[ 01/05/2024-00:00:09 ] [ _.Main._ ] "Versão:" "1.0.1"
[ 01/05/2024-00:00:09 ] [ _.Main._ ] "Modo:" "Desenvolvimento"
[ 01/05/2024-00:00:09 ] [ _.Main._ ] "Uptime de iniciação:" "3s "
[ 01/05/2024-00:00:09 ] [ _.Main._ ] "Struturas Carregadas:" "0"
[ 01/05/2024-00:00:09 ] [ _.Main._ ] "Linguagem Padrão:" "pt-BR"
[ 01/05/2024-00:00:09 ] [ _.Main._ ] "Envs Carregados:" "22"
[ 01/05/2024-00:00:09 ] [ _.Main._ ] "Middlewares Carregados:" "3"
[ 01/05/2024-00:00:09 ] [ _.Main._ ] "Rotas Carregadas:" "5"
[ 01/05/2024-00:00:09 ] [ _.Main._ ] "Iniciado:" "http://localhost:3000"
[ 01/05/2024-00:00:09 ] [ _.Main._ ] ----------------------------------------------------------------
[ 01/05/2024-00:00:09 ] [ _.Main._ ]                     "Principais  dependencias"                    
[ 01/05/2024-00:00:09 ] [ _.Main._ ] ----------------------------------------------------------------
[ 01/05/2024-00:00:09 ] [ _.Main._ ] "Controlador Backend" "Express" ":" "^4.19.2"
[ 01/05/2024-00:00:09 ] [ _.Main._ ] 
[ 01/05/2024-00:00:27 ] [ _.Main._ ] 
[ 01/05/2024-00:00:27 ] [ _.Main._ ] 	"░█▀▀" "░█▀█" "░█▀▄" "░█▀▀"      "░█▀█ ░█▀█ ░█▄ █ ░█▀▀ ░█"
[ 01/05/2024-00:00:27 ] [ _.Main._ ] 	"░█  " "░█░█" "░█▀▄" "░█▀▀"  ▀▀▀ "░█▀▀ ░█▀█ ░█ ▀█ ░█▀▀ ░█"
[ 01/05/2024-00:00:27 ] [ _.Main._ ] 	"░▀▀▀" "░▀▀▀" "░▀░▀" "░▀▀▀"      "░▀   ░▀ ▀ ░▀  ▀ ░▀▀▀ ░▀▀▀"
[ 01/05/2024-00:00:27 ] [ _.Main._ ] 
[ 01/05/2024-00:00:27 ] [ _.Main._ ] 
[ 01/05/2024-00:00:27 ] [ _.Main._ ] ----------------------------------------------------------------
[ 01/05/2024-00:00:27 ] [ _.Main._ ]                          "Estatisticas"                    
[ 01/05/2024-00:00:27 ] [ _.Main._ ] ----------------------------------------------------------------
[ 01/05/2024-00:00:27 ] [ _.Main._ ] "Versão:" "1.0.1"
[ 01/05/2024-00:00:27 ] [ _.Main._ ] "Modo:" "Desenvolvimento"
[ 01/05/2024-00:00:27 ] [ _.Main._ ] "Uptime de iniciação:" "3s "
[ 01/05/2024-00:00:27 ] [ _.Main._ ] "Struturas Carregadas:" "0"
[ 01/05/2024-00:00:27 ] [ _.Main._ ] "Linguagem Padrão:" "pt-BR"
[ 01/05/2024-00:00:27 ] [ _.Main._ ] "Envs Carregados:" "22"
[ 01/05/2024-00:00:27 ] [ _.Main._ ] "Middlewares Carregados:" "3"
[ 01/05/2024-00:00:27 ] [ _.Main._ ] "Rotas Carregadas:" "5"
[ 01/05/2024-00:00:27 ] [ _.Main._ ] "Iniciado:" "http://localhost:3000"
[ 01/05/2024-00:00:27 ] [ _.Main._ ] ----------------------------------------------------------------
[ 01/05/2024-00:00:27 ] [ _.Main._ ]                     "Principais  dependencias"                    
[ 01/05/2024-00:00:27 ] [ _.Main._ ] ----------------------------------------------------------------
[ 01/05/2024-00:00:27 ] [ _.Main._ ] "Controlador Backend" "Express" ":" "^4.19.2"
[ 01/05/2024-00:00:27 ] [ _.Main._ ] 
[ 01/05/2024-00:00:47 ] [ _.Main._ ] 
[ 01/05/2024-00:00:47 ] [ _.Main._ ] 	"░█▀▀" "░█▀█" "░█▀▄" "░█▀▀"      "░█▀█ ░█▀█ ░█▄ █ ░█▀▀ ░█"
[ 01/05/2024-00:00:47 ] [ _.Main._ ] 	"░█  " "░█░█" "░█▀▄" "░█▀▀"  ▀▀▀ "░█▀▀ ░█▀█ ░█ ▀█ ░█▀▀ ░█"
[ 01/05/2024-00:00:47 ] [ _.Main._ ] 	"░▀▀▀" "░▀▀▀" "░▀░▀" "░▀▀▀"      "░▀   ░▀ ▀ ░▀  ▀ ░▀▀▀ ░▀▀▀"
[ 01/05/2024-00:00:47 ] [ _.Main._ ] 
[ 01/05/2024-00:00:47 ] [ _.Main._ ] 
[ 01/05/2024-00:00:47 ] [ _.Main._ ] ----------------------------------------------------------------
[ 01/05/2024-00:00:47 ] [ _.Main._ ]                          "Estatisticas"                    
[ 01/05/2024-00:00:47 ] [ _.Main._ ] ----------------------------------------------------------------
[ 01/05/2024-00:00:47 ] [ _.Main._ ] "Versão:" "1.0.1"
[ 01/05/2024-00:00:48 ] [ _.Main._ ] "Modo:" "Desenvolvimento"
[ 01/05/2024-00:00:48 ] [ _.Main._ ] "Uptime de iniciação:" "3s "
[ 01/05/2024-00:00:48 ] [ _.Main._ ] "Struturas Carregadas:" "0"
[ 01/05/2024-00:00:48 ] [ _.Main._ ] "Linguagem Padrão:" "pt-BR"
[ 01/05/2024-00:00:48 ] [ _.Main._ ] "Envs Carregados:" "22"
[ 01/05/2024-00:00:48 ] [ _.Main._ ] "Middlewares Carregados:" "3"
[ 01/05/2024-00:00:48 ] [ _.Main._ ] "Rotas Carregadas:" "5"
[ 01/05/2024-00:00:48 ] [ _.Main._ ] "Iniciado:" "http://localhost:3000"
[ 01/05/2024-00:00:48 ] [ _.Main._ ] ----------------------------------------------------------------
[ 01/05/2024-00:00:48 ] [ _.Main._ ]                     "Principais  dependencias"                    
[ 01/05/2024-00:00:48 ] [ _.Main._ ] ----------------------------------------------------------------
[ 01/05/2024-00:00:48 ] [ _.Main._ ] "Controlador Backend" "Express" ":" "^4.19.2"
[ 01/05/2024-00:00:48 ] [ _.Main._ ] 
[ 01/05/2024-00:01:02 ] [ _.Main._ ] 
[ 01/05/2024-00:01:02 ] [ _.Main._ ] 	"░█▀▀" "░█▀█" "░█▀▄" "░█▀▀"      "░█▀█ ░█▀█ ░█▄ █ ░█▀▀ ░█"
[ 01/05/2024-00:01:02 ] [ _.Main._ ] 	"░█  " "░█░█" "░█▀▄" "░█▀▀"  ▀▀▀ "░█▀▀ ░█▀█ ░█ ▀█ ░█▀▀ ░█"
[ 01/05/2024-00:01:02 ] [ _.Main._ ] 	"░▀▀▀" "░▀▀▀" "░▀░▀" "░▀▀▀"      "░▀   ░▀ ▀ ░▀  ▀ ░▀▀▀ ░▀▀▀"
[ 01/05/2024-00:01:02 ] [ _.Main._ ] 
[ 01/05/2024-00:01:02 ] [ _.Main._ ] 
[ 01/05/2024-00:01:02 ] [ _.Main._ ] ----------------------------------------------------------------
[ 01/05/2024-00:01:02 ] [ _.Main._ ]                          "Estatisticas"                    
[ 01/05/2024-00:01:02 ] [ _.Main._ ] ----------------------------------------------------------------
[ 01/05/2024-00:01:02 ] [ _.Main._ ] "Versão:" "1.0.1"
[ 01/05/2024-00:01:02 ] [ _.Main._ ] "Modo:" "Desenvolvimento"
[ 01/05/2024-00:01:02 ] [ _.Main._ ] "Uptime de iniciação:" "2s "
[ 01/05/2024-00:01:02 ] [ _.Main._ ] "Struturas Carregadas:" "0"
[ 01/05/2024-00:01:02 ] [ _.Main._ ] "Linguagem Padrão:" "pt-BR"
[ 01/05/2024-00:01:02 ] [ _.Main._ ] "Envs Carregados:" "22"
[ 01/05/2024-00:01:02 ] [ _.Main._ ] "Middlewares Carregados:" "3"
[ 01/05/2024-00:01:02 ] [ _.Main._ ] "Rotas Carregadas:" "5"
[ 01/05/2024-00:01:02 ] [ _.Main._ ] "Iniciado:" "http://localhost:3000"
[ 01/05/2024-00:01:02 ] [ _.Main._ ] ----------------------------------------------------------------
[ 01/05/2024-00:01:02 ] [ _.Main._ ]                     "Principais  dependencias"                    
[ 01/05/2024-00:01:02 ] [ _.Main._ ] ----------------------------------------------------------------
[ 01/05/2024-00:01:02 ] [ _.Main._ ] "Controlador Backend" "Express" ":" "^4.19.2"
[ 01/05/2024-00:01:02 ] [ _.Main._ ] 
[ 01/05/2024-00:01:13 ] [ _.Main._ ] 
[ 01/05/2024-00:01:13 ] [ _.Main._ ] 	"░█▀▀" "░█▀█" "░█▀▄" "░█▀▀"      "░█▀█ ░█▀█ ░█▄ █ ░█▀▀ ░█"
[ 01/05/2024-00:01:13 ] [ _.Main._ ] 	"░█  " "░█░█" "░█▀▄" "░█▀▀"  ▀▀▀ "░█▀▀ ░█▀█ ░█ ▀█ ░█▀▀ ░█"
[ 01/05/2024-00:01:13 ] [ _.Main._ ] 	"░▀▀▀" "░▀▀▀" "░▀░▀" "░▀▀▀"      "░▀   ░▀ ▀ ░▀  ▀ ░▀▀▀ ░▀▀▀"
[ 01/05/2024-00:01:13 ] [ _.Main._ ] 
[ 01/05/2024-00:01:13 ] [ _.Main._ ] 
[ 01/05/2024-00:01:14 ] [ _.Main._ ] ----------------------------------------------------------------
[ 01/05/2024-00:01:14 ] [ _.Main._ ]                          "Estatisticas"                    
[ 01/05/2024-00:01:14 ] [ _.Main._ ] ----------------------------------------------------------------
[ 01/05/2024-00:01:14 ] [ _.Main._ ] "Versão:" "1.0.1"
[ 01/05/2024-00:01:14 ] [ _.Main._ ] "Modo:" "Desenvolvimento"
[ 01/05/2024-00:01:14 ] [ _.Main._ ] "Uptime de iniciação:" "4s "
[ 01/05/2024-00:01:14 ] [ _.Main._ ] "Struturas Carregadas:" "0"
[ 01/05/2024-00:01:14 ] [ _.Main._ ] "Linguagem Padrão:" "pt-BR"
[ 01/05/2024-00:01:14 ] [ _.Main._ ] "Envs Carregados:" "22"
[ 01/05/2024-00:01:14 ] [ _.Main._ ] "Middlewares Carregados:" "3"
[ 01/05/2024-00:01:14 ] [ _.Main._ ] "Rotas Carregadas:" "5"
[ 01/05/2024-00:01:14 ] [ _.Main._ ] "Iniciado:" "http://localhost:3000"
[ 01/05/2024-00:01:14 ] [ _.Main._ ] ----------------------------------------------------------------
[ 01/05/2024-00:01:14 ] [ _.Main._ ]                     "Principais  dependencias"                    
[ 01/05/2024-00:01:14 ] [ _.Main._ ] ----------------------------------------------------------------
[ 01/05/2024-00:01:14 ] [ _.Main._ ] "Controlador Backend" "Express" ":" "^4.19.2"
[ 01/05/2024-00:01:14 ] [ _.Main._ ] 
[ 01/05/2024-00:01:25 ] [ _.Main._ ] 
[ 01/05/2024-00:01:25 ] [ _.Main._ ] 	"░█▀▀" "░█▀█" "░█▀▄" "░█▀▀"      "░█▀█ ░█▀█ ░█▄ █ ░█▀▀ ░█"
[ 01/05/2024-00:01:25 ] [ _.Main._ ] 	"░█  " "░█░█" "░█▀▄" "░█▀▀"  ▀▀▀ "░█▀▀ ░█▀█ ░█ ▀█ ░█▀▀ ░█"
[ 01/05/2024-00:01:25 ] [ _.Main._ ] 	"░▀▀▀" "░▀▀▀" "░▀░▀" "░▀▀▀"      "░▀   ░▀ ▀ ░▀  ▀ ░▀▀▀ ░▀▀▀"
[ 01/05/2024-00:01:25 ] [ _.Main._ ] 
[ 01/05/2024-00:01:25 ] [ _.Main._ ] 
[ 01/05/2024-00:01:25 ] [ _.Main._ ] ----------------------------------------------------------------
[ 01/05/2024-00:01:25 ] [ _.Main._ ]                          "Estatisticas"                    
[ 01/05/2024-00:01:25 ] [ _.Main._ ] ----------------------------------------------------------------
[ 01/05/2024-00:01:25 ] [ _.Main._ ] "Versão:" "1.0.1"
[ 01/05/2024-00:01:25 ] [ _.Main._ ] "Modo:" "Desenvolvimento"
[ 01/05/2024-00:01:25 ] [ _.Main._ ] "Uptime de iniciação:" "3s "
[ 01/05/2024-00:01:25 ] [ _.Main._ ] "Struturas Carregadas:" "0"
[ 01/05/2024-00:01:25 ] [ _.Main._ ] "Linguagem Padrão:" "pt-BR"
[ 01/05/2024-00:01:25 ] [ _.Main._ ] "Envs Carregados:" "22"
[ 01/05/2024-00:01:25 ] [ _.Main._ ] "Middlewares Carregados:" "3"
[ 01/05/2024-00:01:26 ] [ _.Main._ ] "Rotas Carregadas:" "5"
[ 01/05/2024-00:01:26 ] [ _.Main._ ] "Iniciado:" "http://localhost:3000"
[ 01/05/2024-00:01:26 ] [ _.Main._ ] ----------------------------------------------------------------
[ 01/05/2024-00:01:26 ] [ _.Main._ ]                     "Principais  dependencias"                    
[ 01/05/2024-00:01:26 ] [ _.Main._ ] ----------------------------------------------------------------
[ 01/05/2024-00:01:26 ] [ _.Main._ ] "Controlador Backend" "Express" ":" "^4.19.2"
[ 01/05/2024-00:01:26 ] [ _.Main._ ] 
[ 01/05/2024-00:01:37 ] [ _.Main._ ] 
[ 01/05/2024-00:01:37 ] [ _.Main._ ] 	"░█▀▀" "░█▀█" "░█▀▄" "░█▀▀"      "░█▀█ ░█▀█ ░█▄ █ ░█▀▀ ░█"
[ 01/05/2024-00:01:37 ] [ _.Main._ ] 	"░█  " "░█░█" "░█▀▄" "░█▀▀"  ▀▀▀ "░█▀▀ ░█▀█ ░█ ▀█ ░█▀▀ ░█"
[ 01/05/2024-00:01:37 ] [ _.Main._ ] 	"░▀▀▀" "░▀▀▀" "░▀░▀" "░▀▀▀"      "░▀   ░▀ ▀ ░▀  ▀ ░▀▀▀ ░▀▀▀"
[ 01/05/2024-00:01:37 ] [ _.Main._ ] 
[ 01/05/2024-00:01:37 ] [ _.Main._ ] 
[ 01/05/2024-00:01:37 ] [ _.Main._ ] ----------------------------------------------------------------
[ 01/05/2024-00:01:37 ] [ _.Main._ ]                          "Estatisticas"                    
[ 01/05/2024-00:01:37 ] [ _.Main._ ] ----------------------------------------------------------------
[ 01/05/2024-00:01:37 ] [ _.Main._ ] "Versão:" "1.0.1"
[ 01/05/2024-00:01:37 ] [ _.Main._ ] "Modo:" "Desenvolvimento"
[ 01/05/2024-00:01:37 ] [ _.Main._ ] "Uptime de iniciação:" "3s "
[ 01/05/2024-00:01:37 ] [ _.Main._ ] "Struturas Carregadas:" "0"
[ 01/05/2024-00:01:37 ] [ _.Main._ ] "Linguagem Padrão:" "pt-BR"
[ 01/05/2024-00:01:37 ] [ _.Main._ ] "Envs Carregados:" "22"
[ 01/05/2024-00:01:37 ] [ _.Main._ ] "Middlewares Carregados:" "3"
[ 01/05/2024-00:01:37 ] [ _.Main._ ] "Rotas Carregadas:" "5"
[ 01/05/2024-00:01:37 ] [ _.Main._ ] "Iniciado:" "http://localhost:3000"
[ 01/05/2024-00:01:37 ] [ _.Main._ ] ----------------------------------------------------------------
[ 01/05/2024-00:01:37 ] [ _.Main._ ]                     "Principais  dependencias"                    
[ 01/05/2024-00:01:37 ] [ _.Main._ ] ----------------------------------------------------------------
[ 01/05/2024-00:01:37 ] [ _.Main._ ] "Controlador Backend" "Express" ":" "^4.19.2"
[ 01/05/2024-00:01:37 ] [ _.Main._ ] 
[ 01/05/2024-00:01:50 ] [ _.Main._ ] 
[ 01/05/2024-00:01:50 ] [ _.Main._ ] 	"░█▀▀" "░█▀█" "░█▀▄" "░█▀▀"      "░█▀█ ░█▀█ ░█▄ █ ░█▀▀ ░█"
[ 01/05/2024-00:01:50 ] [ _.Main._ ] 	"░█  " "░█░█" "░█▀▄" "░█▀▀"  ▀▀▀ "░█▀▀ ░█▀█ ░█ ▀█ ░█▀▀ ░█"
[ 01/05/2024-00:01:50 ] [ _.Main._ ] 	"░▀▀▀" "░▀▀▀" "░▀░▀" "░▀▀▀"      "░▀   ░▀ ▀ ░▀  ▀ ░▀▀▀ ░▀▀▀"
[ 01/05/2024-00:01:50 ] [ _.Main._ ] 
[ 01/05/2024-00:01:50 ] [ _.Main._ ] 
[ 01/05/2024-00:01:50 ] [ _.Main._ ] ----------------------------------------------------------------
[ 01/05/2024-00:01:50 ] [ _.Main._ ]                          "Estatisticas"                    
[ 01/05/2024-00:01:50 ] [ _.Main._ ] ----------------------------------------------------------------
[ 01/05/2024-00:01:50 ] [ _.Main._ ] "Versão:" "1.0.1"
[ 01/05/2024-00:01:50 ] [ _.Main._ ] "Modo:" "Desenvolvimento"
[ 01/05/2024-00:01:50 ] [ _.Main._ ] "Uptime de iniciação:" "3s "
[ 01/05/2024-00:01:50 ] [ _.Main._ ] "Struturas Carregadas:" "0"
[ 01/05/2024-00:01:50 ] [ _.Main._ ] "Linguagem Padrão:" "pt-BR"
[ 01/05/2024-00:01:50 ] [ _.Main._ ] "Envs Carregados:" "22"
[ 01/05/2024-00:01:50 ] [ _.Main._ ] "Middlewares Carregados:" "3"
[ 01/05/2024-00:01:50 ] [ _.Main._ ] "Rotas Carregadas:" "5"
[ 01/05/2024-00:01:50 ] [ _.Main._ ] "Iniciado:" "http://localhost:3000"
[ 01/05/2024-00:01:50 ] [ _.Main._ ] ----------------------------------------------------------------
[ 01/05/2024-00:01:50 ] [ _.Main._ ]                     "Principais  dependencias"                    
[ 01/05/2024-00:01:50 ] [ _.Main._ ] ----------------------------------------------------------------
[ 01/05/2024-00:01:50 ] [ _.Main._ ] "Controlador Backend" "Express" ":" "^4.19.2"
[ 01/05/2024-00:01:50 ] [ _.Main._ ] 
[ 01/05/2024-00:02:53 ] [ _.Main._ ] 
[ 01/05/2024-00:02:53 ] [ _.Main._ ] 	"░█▀▀" "░█▀█" "░█▀▄" "░█▀▀"      "░█▀█ ░█▀█ ░█▄ █ ░█▀▀ ░█"
[ 01/05/2024-00:02:53 ] [ _.Main._ ] 	"░█  " "░█░█" "░█▀▄" "░█▀▀"  ▀▀▀ "░█▀▀ ░█▀█ ░█ ▀█ ░█▀▀ ░█"
[ 01/05/2024-00:02:53 ] [ _.Main._ ] 	"░▀▀▀" "░▀▀▀" "░▀░▀" "░▀▀▀"      "░▀   ░▀ ▀ ░▀  ▀ ░▀▀▀ ░▀▀▀"
[ 01/05/2024-00:02:53 ] [ _.Main._ ] 
[ 01/05/2024-00:02:53 ] [ _.Main._ ] 
[ 01/05/2024-00:02:53 ] [ _.Main._ ] ----------------------------------------------------------------
[ 01/05/2024-00:02:53 ] [ _.Main._ ]                          "Estatisticas"                    
[ 01/05/2024-00:02:53 ] [ _.Main._ ] ----------------------------------------------------------------
[ 01/05/2024-00:02:53 ] [ _.Main._ ] "Versão:" "1.0.1"
[ 01/05/2024-00:02:53 ] [ _.Main._ ] "Modo:" "Desenvolvimento"
[ 01/05/2024-00:02:53 ] [ _.Main._ ] "Uptime de iniciação:" "3s "
[ 01/05/2024-00:02:53 ] [ _.Main._ ] "Struturas Carregadas:" "0"
[ 01/05/2024-00:02:53 ] [ _.Main._ ] "Linguagem Padrão:" "pt-BR"
[ 01/05/2024-00:02:53 ] [ _.Main._ ] "Envs Carregados:" "22"
[ 01/05/2024-00:02:53 ] [ _.Main._ ] "Middlewares Carregados:" "3"
[ 01/05/2024-00:02:53 ] [ _.Main._ ] "Rotas Carregadas:" "5"
[ 01/05/2024-00:02:53 ] [ _.Main._ ] "Iniciado:" "http://localhost:3000"
[ 01/05/2024-00:02:53 ] [ _.Main._ ] ----------------------------------------------------------------
[ 01/05/2024-00:02:53 ] [ _.Main._ ]                     "Principais  dependencias"                    
[ 01/05/2024-00:02:53 ] [ _.Main._ ] ----------------------------------------------------------------
[ 01/05/2024-00:02:53 ] [ _.Main._ ] "Controlador Backend" "Express" ":" "^4.19.2"
[ 01/05/2024-00:02:53 ] [ _.Main._ ] 
[ 01/05/2024-00:03:03 ] [ _.Main._ ] 
[ 01/05/2024-00:03:03 ] [ _.Main._ ] 	"░█▀▀" "░█▀█" "░█▀▄" "░█▀▀"      "░█▀█ ░█▀█ ░█▄ █ ░█▀▀ ░█"
[ 01/05/2024-00:03:03 ] [ _.Main._ ] 	"░█  " "░█░█" "░█▀▄" "░█▀▀"  ▀▀▀ "░█▀▀ ░█▀█ ░█ ▀█ ░█▀▀ ░█"
[ 01/05/2024-00:03:03 ] [ _.Main._ ] 	"░▀▀▀" "░▀▀▀" "░▀░▀" "░▀▀▀"      "░▀   ░▀ ▀ ░▀  ▀ ░▀▀▀ ░▀▀▀"
[ 01/05/2024-00:03:03 ] [ _.Main._ ] 
[ 01/05/2024-00:03:03 ] [ _.Main._ ] 
[ 01/05/2024-00:03:03 ] [ _.Main._ ] ----------------------------------------------------------------
[ 01/05/2024-00:03:03 ] [ _.Main._ ]                          "Estatisticas"                    
[ 01/05/2024-00:03:03 ] [ _.Main._ ] ----------------------------------------------------------------
[ 01/05/2024-00:03:03 ] [ _.Main._ ] "Versão:" "1.0.1"
[ 01/05/2024-00:03:03 ] [ _.Main._ ] "Modo:" "Desenvolvimento"
[ 01/05/2024-00:03:03 ] [ _.Main._ ] "Uptime de iniciação:" "3s "
[ 01/05/2024-00:03:03 ] [ _.Main._ ] "Struturas Carregadas:" "0"
[ 01/05/2024-00:03:03 ] [ _.Main._ ] "Linguagem Padrão:" "pt-BR"
[ 01/05/2024-00:03:03 ] [ _.Main._ ] "Envs Carregados:" "22"
[ 01/05/2024-00:03:03 ] [ _.Main._ ] "Middlewares Carregados:" "3"
[ 01/05/2024-00:03:03 ] [ _.Main._ ] "Rotas Carregadas:" "5"
[ 01/05/2024-00:03:03 ] [ _.Main._ ] "Iniciado:" "http://localhost:3000"
[ 01/05/2024-00:03:03 ] [ _.Main._ ] ----------------------------------------------------------------
[ 01/05/2024-00:03:03 ] [ _.Main._ ]                     "Principais  dependencias"                    
[ 01/05/2024-00:03:03 ] [ _.Main._ ] ----------------------------------------------------------------
[ 01/05/2024-00:03:03 ] [ _.Main._ ] "Controlador Backend" "Express" ":" "^4.19.2"
[ 01/05/2024-00:03:03 ] [ _.Main._ ] 
[ 01/05/2024-00:03:38 ] [ _.Main._ ] 
[ 01/05/2024-00:03:38 ] [ _.Main._ ] 	"░█▀▀" "░█▀█" "░█▀▄" "░█▀▀"      "░█▀█ ░█▀█ ░█▄ █ ░█▀▀ ░█"
[ 01/05/2024-00:03:38 ] [ _.Main._ ] 	"░█  " "░█░█" "░█▀▄" "░█▀▀"  ▀▀▀ "░█▀▀ ░█▀█ ░█ ▀█ ░█▀▀ ░█"
[ 01/05/2024-00:03:38 ] [ _.Main._ ] 	"░▀▀▀" "░▀▀▀" "░▀░▀" "░▀▀▀"      "░▀   ░▀ ▀ ░▀  ▀ ░▀▀▀ ░▀▀▀"
[ 01/05/2024-00:03:38 ] [ _.Main._ ] 
[ 01/05/2024-00:03:38 ] [ _.Main._ ] 
[ 01/05/2024-00:03:38 ] [ _.Main._ ] ----------------------------------------------------------------
[ 01/05/2024-00:03:38 ] [ _.Main._ ]                          "Estatisticas"                    
[ 01/05/2024-00:03:38 ] [ _.Main._ ] ----------------------------------------------------------------
[ 01/05/2024-00:03:38 ] [ _.Main._ ] "Versão:" "1.0.1"
[ 01/05/2024-00:03:38 ] [ _.Main._ ] "Modo:" "Desenvolvimento"
[ 01/05/2024-00:03:38 ] [ _.Main._ ] "Uptime de iniciação:" "4s "
[ 01/05/2024-00:03:38 ] [ _.Main._ ] "Struturas Carregadas:" "0"
[ 01/05/2024-00:03:38 ] [ _.Main._ ] "Linguagem Padrão:" "pt-BR"
[ 01/05/2024-00:03:38 ] [ _.Main._ ] "Envs Carregados:" "22"
[ 01/05/2024-00:03:38 ] [ _.Main._ ] "Middlewares Carregados:" "3"
[ 01/05/2024-00:03:38 ] [ _.Main._ ] "Rotas Carregadas:" "5"
[ 01/05/2024-00:03:38 ] [ _.Main._ ] "Iniciado:" "http://localhost:3000"
[ 01/05/2024-00:03:38 ] [ _.Main._ ] ----------------------------------------------------------------
[ 01/05/2024-00:03:38 ] [ _.Main._ ]                     "Principais  dependencias"                    
[ 01/05/2024-00:03:38 ] [ _.Main._ ] ----------------------------------------------------------------
[ 01/05/2024-00:03:38 ] [ _.Main._ ] "Controlador Backend" "Express" ":" "^4.19.2"
[ 01/05/2024-00:03:39 ] [ _.Main._ ] 
[ 01/05/2024-00:03:51 ] [ _.Main._ ] 
[ 01/05/2024-00:03:51 ] [ _.Main._ ] 	"░█▀▀" "░█▀█" "░█▀▄" "░█▀▀"      "░█▀█ ░█▀█ ░█▄ █ ░█▀▀ ░█"
[ 01/05/2024-00:03:51 ] [ _.Main._ ] 	"░█  " "░█░█" "░█▀▄" "░█▀▀"  ▀▀▀ "░█▀▀ ░█▀█ ░█ ▀█ ░█▀▀ ░█"
[ 01/05/2024-00:03:51 ] [ _.Main._ ] 	"░▀▀▀" "░▀▀▀" "░▀░▀" "░▀▀▀"      "░▀   ░▀ ▀ ░▀  ▀ ░▀▀▀ ░▀▀▀"
[ 01/05/2024-00:03:51 ] [ _.Main._ ] 
[ 01/05/2024-00:03:51 ] [ _.Main._ ] 
[ 01/05/2024-00:03:51 ] [ _.Main._ ] ----------------------------------------------------------------
[ 01/05/2024-00:03:51 ] [ _.Main._ ]                          "Estatisticas"                    
[ 01/05/2024-00:03:51 ] [ _.Main._ ] ----------------------------------------------------------------
[ 01/05/2024-00:03:51 ] [ _.Main._ ] "Versão:" "1.0.1"
[ 01/05/2024-00:03:51 ] [ _.Main._ ] "Modo:" "Desenvolvimento"
[ 01/05/2024-00:03:51 ] [ _.Main._ ] "Uptime de iniciação:" "3s "
[ 01/05/2024-00:03:51 ] [ _.Main._ ] "Struturas Carregadas:" "0"
[ 01/05/2024-00:03:51 ] [ _.Main._ ] "Linguagem Padrão:" "pt-BR"
[ 01/05/2024-00:03:51 ] [ _.Main._ ] "Envs Carregados:" "22"
[ 01/05/2024-00:03:51 ] [ _.Main._ ] "Middlewares Carregados:" "3"
[ 01/05/2024-00:03:51 ] [ _.Main._ ] "Rotas Carregadas:" "5"
[ 01/05/2024-00:03:51 ] [ _.Main._ ] "Iniciado:" "http://localhost:3000"
[ 01/05/2024-00:03:51 ] [ _.Main._ ] ----------------------------------------------------------------
[ 01/05/2024-00:03:51 ] [ _.Main._ ]                     "Principais  dependencias"                    
[ 01/05/2024-00:03:51 ] [ _.Main._ ] ----------------------------------------------------------------
[ 01/05/2024-00:03:51 ] [ _.Main._ ] "Controlador Backend" "Express" ":" "^4.19.2"
[ 01/05/2024-00:03:51 ] [ _.Main._ ] 
[ 01/05/2024-00:04:00 ] [ _.Main._ ] 
[ 01/05/2024-00:04:00 ] [ _.Main._ ] 	"░█▀▀" "░█▀█" "░█▀▄" "░█▀▀"      "░█▀█ ░█▀█ ░█▄ █ ░█▀▀ ░█"
[ 01/05/2024-00:04:00 ] [ _.Main._ ] 	"░█  " "░█░█" "░█▀▄" "░█▀▀"  ▀▀▀ "░█▀▀ ░█▀█ ░█ ▀█ ░█▀▀ ░█"
[ 01/05/2024-00:04:00 ] [ _.Main._ ] 	"░▀▀▀" "░▀▀▀" "░▀░▀" "░▀▀▀"      "░▀   ░▀ ▀ ░▀  ▀ ░▀▀▀ ░▀▀▀"
[ 01/05/2024-00:04:00 ] [ _.Main._ ] 
[ 01/05/2024-00:04:00 ] [ _.Main._ ] 
[ 01/05/2024-00:04:00 ] [ _.Main._ ] ----------------------------------------------------------------
[ 01/05/2024-00:04:00 ] [ _.Main._ ]                          "Estatisticas"                    
[ 01/05/2024-00:04:00 ] [ _.Main._ ] ----------------------------------------------------------------
[ 01/05/2024-00:04:00 ] [ _.Main._ ] "Versão:" "1.0.1"
[ 01/05/2024-00:04:00 ] [ _.Main._ ] "Modo:" "Desenvolvimento"
[ 01/05/2024-00:04:00 ] [ _.Main._ ] "Uptime de iniciação:" "3s "
[ 01/05/2024-00:04:00 ] [ _.Main._ ] "Struturas Carregadas:" "0"
[ 01/05/2024-00:04:00 ] [ _.Main._ ] "Linguagem Padrão:" "pt-BR"
[ 01/05/2024-00:04:00 ] [ _.Main._ ] "Envs Carregados:" "22"
[ 01/05/2024-00:04:00 ] [ _.Main._ ] "Middlewares Carregados:" "3"
[ 01/05/2024-00:04:00 ] [ _.Main._ ] "Rotas Carregadas:" "5"
[ 01/05/2024-00:04:00 ] [ _.Main._ ] "Iniciado:" "http://localhost:3000"
[ 01/05/2024-00:04:00 ] [ _.Main._ ] ----------------------------------------------------------------
[ 01/05/2024-00:04:00 ] [ _.Main._ ]                     "Principais  dependencias"                    
[ 01/05/2024-00:04:00 ] [ _.Main._ ] ----------------------------------------------------------------
[ 01/05/2024-00:04:00 ] [ _.Main._ ] "Controlador Backend" "Express" ":" "^4.19.2"
[ 01/05/2024-00:04:00 ] [ _.Main._ ] 
[ 01/05/2024-00:04:14 ] [ _.Main._ ] 
[ 01/05/2024-00:04:14 ] [ _.Main._ ] 	"░█▀▀" "░█▀█" "░█▀▄" "░█▀▀"      "░█▀█ ░█▀█ ░█▄ █ ░█▀▀ ░█"
[ 01/05/2024-00:04:14 ] [ _.Main._ ] 	"░█  " "░█░█" "░█▀▄" "░█▀▀"  ▀▀▀ "░█▀▀ ░█▀█ ░█ ▀█ ░█▀▀ ░█"
[ 01/05/2024-00:04:14 ] [ _.Main._ ] 	"░▀▀▀" "░▀▀▀" "░▀░▀" "░▀▀▀"      "░▀   ░▀ ▀ ░▀  ▀ ░▀▀▀ ░▀▀▀"
[ 01/05/2024-00:04:14 ] [ _.Main._ ] 
[ 01/05/2024-00:04:14 ] [ _.Main._ ] 
[ 01/05/2024-00:04:14 ] [ _.Main._ ] ----------------------------------------------------------------
[ 01/05/2024-00:04:14 ] [ _.Main._ ]                          "Estatisticas"                    
[ 01/05/2024-00:04:14 ] [ _.Main._ ] ----------------------------------------------------------------
[ 01/05/2024-00:04:14 ] [ _.Main._ ] "Versão:" "1.0.1"
[ 01/05/2024-00:04:14 ] [ _.Main._ ] "Modo:" "Desenvolvimento"
[ 01/05/2024-00:04:14 ] [ _.Main._ ] "Uptime de iniciação:" "4s "
[ 01/05/2024-00:04:15 ] [ _.Main._ ] "Struturas Carregadas:" "0"
[ 01/05/2024-00:04:15 ] [ _.Main._ ] "Linguagem Padrão:" "pt-BR"
[ 01/05/2024-00:04:15 ] [ _.Main._ ] "Envs Carregados:" "22"
[ 01/05/2024-00:04:15 ] [ _.Main._ ] "Middlewares Carregados:" "3"
[ 01/05/2024-00:04:15 ] [ _.Main._ ] "Rotas Carregadas:" "5"
[ 01/05/2024-00:04:15 ] [ _.Main._ ] "Iniciado:" "http://localhost:3000"
[ 01/05/2024-00:04:15 ] [ _.Main._ ] ----------------------------------------------------------------
[ 01/05/2024-00:04:15 ] [ _.Main._ ]                     "Principais  dependencias"                    
[ 01/05/2024-00:04:15 ] [ _.Main._ ] ----------------------------------------------------------------
[ 01/05/2024-00:04:15 ] [ _.Main._ ] "Controlador Backend" "Express" ":" "^4.19.2"
[ 01/05/2024-00:04:15 ] [ _.Main._ ] 
[ 01/05/2024-00:04:45 ] [ _.Main._ ] 
[ 01/05/2024-00:04:45 ] [ _.Main._ ] 	"░█▀▀" "░█▀█" "░█▀▄" "░█▀▀"      "░█▀█ ░█▀█ ░█▄ █ ░█▀▀ ░█"
[ 01/05/2024-00:04:45 ] [ _.Main._ ] 	"░█  " "░█░█" "░█▀▄" "░█▀▀"  ▀▀▀ "░█▀▀ ░█▀█ ░█ ▀█ ░█▀▀ ░█"
[ 01/05/2024-00:04:45 ] [ _.Main._ ] 	"░▀▀▀" "░▀▀▀" "░▀░▀" "░▀▀▀"      "░▀   ░▀ ▀ ░▀  ▀ ░▀▀▀ ░▀▀▀"
[ 01/05/2024-00:04:45 ] [ _.Main._ ] 
[ 01/05/2024-00:04:45 ] [ _.Main._ ] 
[ 01/05/2024-00:04:45 ] [ _.Main._ ] ----------------------------------------------------------------
[ 01/05/2024-00:04:45 ] [ _.Main._ ]                          "Estatisticas"                    
[ 01/05/2024-00:04:45 ] [ _.Main._ ] ----------------------------------------------------------------
[ 01/05/2024-00:04:45 ] [ _.Main._ ] "Versão:" "1.0.1"
[ 01/05/2024-00:04:45 ] [ _.Main._ ] "Modo:" "Desenvolvimento"
[ 01/05/2024-00:04:45 ] [ _.Main._ ] "Uptime de iniciação:" "4s "
[ 01/05/2024-00:04:45 ] [ _.Main._ ] "Struturas Carregadas:" "0"
[ 01/05/2024-00:04:45 ] [ _.Main._ ] "Linguagem Padrão:" "pt-BR"
[ 01/05/2024-00:04:45 ] [ _.Main._ ] "Envs Carregados:" "22"
[ 01/05/2024-00:04:45 ] [ _.Main._ ] "Middlewares Carregados:" "3"
[ 01/05/2024-00:04:45 ] [ _.Main._ ] "Rotas Carregadas:" "5"
[ 01/05/2024-00:04:45 ] [ _.Main._ ] "Iniciado:" "http://localhost:3000"
[ 01/05/2024-00:04:45 ] [ _.Main._ ] ----------------------------------------------------------------
[ 01/05/2024-00:04:45 ] [ _.Main._ ]                     "Principais  dependencias"                    
[ 01/05/2024-00:04:45 ] [ _.Main._ ] ----------------------------------------------------------------
[ 01/05/2024-00:04:45 ] [ _.Main._ ] "Controlador Backend" "Express" ":" "^4.19.2"
[ 01/05/2024-00:04:45 ] [ _.Main._ ] 
[ 01/05/2024-00:07:52 ] [ _.Main._ ] 
[ 01/05/2024-00:07:52 ] [ _.Main._ ] 	"░█▀▀" "░█▀█" "░█▀▄" "░█▀▀"      "░█▀█ ░█▀█ ░█▄ █ ░█▀▀ ░█"
[ 01/05/2024-00:07:52 ] [ _.Main._ ] 	"░█  " "░█░█" "░█▀▄" "░█▀▀"  ▀▀▀ "░█▀▀ ░█▀█ ░█ ▀█ ░█▀▀ ░█"
[ 01/05/2024-00:07:52 ] [ _.Main._ ] 	"░▀▀▀" "░▀▀▀" "░▀░▀" "░▀▀▀"      "░▀   ░▀ ▀ ░▀  ▀ ░▀▀▀ ░▀▀▀"
[ 01/05/2024-00:07:52 ] [ _.Main._ ] 
[ 01/05/2024-00:07:52 ] [ _.Main._ ] 
[ 01/05/2024-00:07:52 ] [ _.Main._ ] ----------------------------------------------------------------
[ 01/05/2024-00:07:52 ] [ _.Main._ ]                          "Estatisticas"                    
[ 01/05/2024-00:07:52 ] [ _.Main._ ] ----------------------------------------------------------------
[ 01/05/2024-00:07:52 ] [ _.Main._ ] "Versão:" "1.0.1"
[ 01/05/2024-00:07:52 ] [ _.Main._ ] "Modo:" "Desenvolvimento"
[ 01/05/2024-00:07:52 ] [ _.Main._ ] "Uptime de iniciação:" "2s "
[ 01/05/2024-00:07:52 ] [ _.Main._ ] "Struturas Carregadas:" "1"
[ 01/05/2024-00:07:52 ] [ _.Main._ ] "Linguagem Padrão:" "pt-BR"
[ 01/05/2024-00:07:52 ] [ _.Main._ ] "Envs Carregados:" "22"
[ 01/05/2024-00:07:52 ] [ _.Main._ ] "Middlewares Carregados:" "3"
[ 01/05/2024-00:07:52 ] [ _.Main._ ] "Rotas Carregadas:" "5"
[ 01/05/2024-00:07:52 ] [ _.Main._ ] "Iniciado:" "http://localhost:3000"
[ 01/05/2024-00:07:52 ] [ _.Main._ ] ----------------------------------------------------------------
[ 01/05/2024-00:07:52 ] [ _.Main._ ]                     "Principais  dependencias"                    
[ 01/05/2024-00:07:52 ] [ _.Main._ ] ----------------------------------------------------------------
[ 01/05/2024-00:07:52 ] [ _.Main._ ] "Controlador Backend" "Express" ":" "^4.19.2"
[ 01/05/2024-00:07:52 ] [ _.Main._ ] 
[ 01/05/2024-00:08:15 ] [ _.Main._ ] 
[ 01/05/2024-00:08:15 ] [ _.Main._ ] 	"░█▀▀" "░█▀█" "░█▀▄" "░█▀▀"      "░█▀█ ░█▀█ ░█▄ █ ░█▀▀ ░█"
[ 01/05/2024-00:08:15 ] [ _.Main._ ] 	"░█  " "░█░█" "░█▀▄" "░█▀▀"  ▀▀▀ "░█▀▀ ░█▀█ ░█ ▀█ ░█▀▀ ░█"
[ 01/05/2024-00:08:15 ] [ _.Main._ ] 	"░▀▀▀" "░▀▀▀" "░▀░▀" "░▀▀▀"      "░▀   ░▀ ▀ ░▀  ▀ ░▀▀▀ ░▀▀▀"
[ 01/05/2024-00:08:15 ] [ _.Main._ ] 
[ 01/05/2024-00:08:15 ] [ _.Main._ ] 
[ 01/05/2024-00:08:15 ] [ _.Main._ ] ----------------------------------------------------------------
[ 01/05/2024-00:08:16 ] [ _.Main._ ]                          "Estatisticas"                    
[ 01/05/2024-00:08:16 ] [ _.Main._ ] ----------------------------------------------------------------
[ 01/05/2024-00:08:16 ] [ _.Main._ ] "Versão:" "1.0.1"
[ 01/05/2024-00:08:16 ] [ _.Main._ ] "Modo:" "Desenvolvimento"
[ 01/05/2024-00:08:16 ] [ _.Main._ ] "Uptime de iniciação:" "3s "
[ 01/05/2024-00:08:16 ] [ _.Main._ ] "Struturas Carregadas:" "1"
[ 01/05/2024-00:08:16 ] [ _.Main._ ] "Linguagem Padrão:" "pt-BR"
[ 01/05/2024-00:08:16 ] [ _.Main._ ] "Envs Carregados:" "22"
[ 01/05/2024-00:08:16 ] [ _.Main._ ] "Middlewares Carregados:" "3"
[ 01/05/2024-00:08:16 ] [ _.Main._ ] "Rotas Carregadas:" "5"
[ 01/05/2024-00:08:16 ] [ _.Main._ ] "Iniciado:" "http://localhost:3000"
[ 01/05/2024-00:08:16 ] [ _.Main._ ] ----------------------------------------------------------------
[ 01/05/2024-00:08:16 ] [ _.Main._ ]                     "Principais  dependencias"                    
[ 01/05/2024-00:08:16 ] [ _.Main._ ] ----------------------------------------------------------------
[ 01/05/2024-00:08:16 ] [ _.Main._ ] "Controlador Backend" "Express" ":" "^4.19.2"
[ 01/05/2024-00:08:16 ] [ _.Main._ ] 
[ 01/05/2024-00:08:25 ] [ _.Main._ ] 
[ 01/05/2024-00:08:25 ] [ _.Main._ ] 	"░█▀▀" "░█▀█" "░█▀▄" "░█▀▀"      "░█▀█ ░█▀█ ░█▄ █ ░█▀▀ ░█"
[ 01/05/2024-00:08:25 ] [ _.Main._ ] 	"░█  " "░█░█" "░█▀▄" "░█▀▀"  ▀▀▀ "░█▀▀ ░█▀█ ░█ ▀█ ░█▀▀ ░█"
[ 01/05/2024-00:08:25 ] [ _.Main._ ] 	"░▀▀▀" "░▀▀▀" "░▀░▀" "░▀▀▀"      "░▀   ░▀ ▀ ░▀  ▀ ░▀▀▀ ░▀▀▀"
[ 01/05/2024-00:08:25 ] [ _.Main._ ] 
[ 01/05/2024-00:08:25 ] [ _.Main._ ] 
[ 01/05/2024-00:08:25 ] [ _.Main._ ] ----------------------------------------------------------------
[ 01/05/2024-00:08:25 ] [ _.Main._ ]                          "Estatisticas"                    
[ 01/05/2024-00:08:25 ] [ _.Main._ ] ----------------------------------------------------------------
[ 01/05/2024-00:08:25 ] [ _.Main._ ] "Versão:" "1.0.1"
[ 01/05/2024-00:08:25 ] [ _.Main._ ] "Modo:" "Desenvolvimento"
[ 01/05/2024-00:08:25 ] [ _.Main._ ] "Uptime de iniciação:" "2s "
[ 01/05/2024-00:08:25 ] [ _.Main._ ] "Struturas Carregadas:" "1"
[ 01/05/2024-00:08:25 ] [ _.Main._ ] "Linguagem Padrão:" "pt-BR"
[ 01/05/2024-00:08:25 ] [ _.Main._ ] "Envs Carregados:" "22"
[ 01/05/2024-00:08:25 ] [ _.Main._ ] "Middlewares Carregados:" "3"
[ 01/05/2024-00:08:25 ] [ _.Main._ ] "Rotas Carregadas:" "5"
[ 01/05/2024-00:08:25 ] [ _.Main._ ] "Iniciado:" "http://localhost:3000"
[ 01/05/2024-00:08:25 ] [ _.Main._ ] ----------------------------------------------------------------
[ 01/05/2024-00:08:25 ] [ _.Main._ ]                     "Principais  dependencias"                    
[ 01/05/2024-00:08:25 ] [ _.Main._ ] ----------------------------------------------------------------
[ 01/05/2024-00:08:25 ] [ _.Main._ ] "Controlador Backend" "Express" ":" "^4.19.2"
[ 01/05/2024-00:08:26 ] [ _.Main._ ] 
[ 01/05/2024-00:08:33 ] [ _.Main._ ] 
[ 01/05/2024-00:08:33 ] [ _.Main._ ] 	"░█▀▀" "░█▀█" "░█▀▄" "░█▀▀"      "░█▀█ ░█▀█ ░█▄ █ ░█▀▀ ░█"
[ 01/05/2024-00:08:33 ] [ _.Main._ ] 	"░█  " "░█░█" "░█▀▄" "░█▀▀"  ▀▀▀ "░█▀▀ ░█▀█ ░█ ▀█ ░█▀▀ ░█"
[ 01/05/2024-00:08:33 ] [ _.Main._ ] 	"░▀▀▀" "░▀▀▀" "░▀░▀" "░▀▀▀"      "░▀   ░▀ ▀ ░▀  ▀ ░▀▀▀ ░▀▀▀"
[ 01/05/2024-00:08:33 ] [ _.Main._ ] 
[ 01/05/2024-00:08:33 ] [ _.Main._ ] 
[ 01/05/2024-00:08:33 ] [ _.Main._ ] ----------------------------------------------------------------
[ 01/05/2024-00:08:33 ] [ _.Main._ ]                          "Estatisticas"                    
[ 01/05/2024-00:08:33 ] [ _.Main._ ] ----------------------------------------------------------------
[ 01/05/2024-00:08:33 ] [ _.Main._ ] "Versão:" "1.0.1"
[ 01/05/2024-00:08:33 ] [ _.Main._ ] "Modo:" "Desenvolvimento"
[ 01/05/2024-00:08:33 ] [ _.Main._ ] "Uptime de iniciação:" "3s "
[ 01/05/2024-00:08:33 ] [ _.Main._ ] "Struturas Carregadas:" "1"
[ 01/05/2024-00:08:33 ] [ _.Main._ ] "Linguagem Padrão:" "pt-BR"
[ 01/05/2024-00:08:33 ] [ _.Main._ ] "Envs Carregados:" "22"
[ 01/05/2024-00:08:33 ] [ _.Main._ ] "Middlewares Carregados:" "3"
[ 01/05/2024-00:08:33 ] [ _.Main._ ] "Rotas Carregadas:" "5"
[ 01/05/2024-00:08:33 ] [ _.Main._ ] "Iniciado:" "http://localhost:3000"
[ 01/05/2024-00:08:33 ] [ _.Main._ ] ----------------------------------------------------------------
[ 01/05/2024-00:08:33 ] [ _.Main._ ]                     "Principais  dependencias"                    
[ 01/05/2024-00:08:33 ] [ _.Main._ ] ----------------------------------------------------------------
[ 01/05/2024-00:08:33 ] [ _.Main._ ] "Controlador Backend" "Express" ":" "^4.19.2"
[ 01/05/2024-00:08:33 ] [ _.Main._ ] 
[ 01/05/2024-00:08:40 ] [ _.Main._ ] 
[ 01/05/2024-00:08:40 ] [ _.Main._ ] 	"░█▀▀" "░█▀█" "░█▀▄" "░█▀▀"      "░█▀█ ░█▀█ ░█▄ █ ░█▀▀ ░█"
[ 01/05/2024-00:08:40 ] [ _.Main._ ] 	"░█  " "░█░█" "░█▀▄" "░█▀▀"  ▀▀▀ "░█▀▀ ░█▀█ ░█ ▀█ ░█▀▀ ░█"
[ 01/05/2024-00:08:40 ] [ _.Main._ ] 	"░▀▀▀" "░▀▀▀" "░▀░▀" "░▀▀▀"      "░▀   ░▀ ▀ ░▀  ▀ ░▀▀▀ ░▀▀▀"
[ 01/05/2024-00:08:40 ] [ _.Main._ ] 
[ 01/05/2024-00:08:40 ] [ _.Main._ ] 
[ 01/05/2024-00:08:40 ] [ _.Main._ ] ----------------------------------------------------------------
[ 01/05/2024-00:08:40 ] [ _.Main._ ]                          "Estatisticas"                    
[ 01/05/2024-00:08:40 ] [ _.Main._ ] ----------------------------------------------------------------
[ 01/05/2024-00:08:40 ] [ _.Main._ ] "Versão:" "1.0.1"
[ 01/05/2024-00:08:40 ] [ _.Main._ ] "Modo:" "Desenvolvimento"
[ 01/05/2024-00:08:40 ] [ _.Main._ ] "Uptime de iniciação:" "4s "
[ 01/05/2024-00:08:40 ] [ _.Main._ ] "Struturas Carregadas:" "1"
[ 01/05/2024-00:08:40 ] [ _.Main._ ] "Linguagem Padrão:" "pt-BR"
[ 01/05/2024-00:08:40 ] [ _.Main._ ] "Envs Carregados:" "22"
[ 01/05/2024-00:08:40 ] [ _.Main._ ] "Middlewares Carregados:" "3"
[ 01/05/2024-00:08:40 ] [ _.Main._ ] "Rotas Carregadas:" "5"
[ 01/05/2024-00:08:40 ] [ _.Main._ ] "Iniciado:" "http://localhost:3000"
[ 01/05/2024-00:08:40 ] [ _.Main._ ] ----------------------------------------------------------------
[ 01/05/2024-00:08:40 ] [ _.Main._ ]                     "Principais  dependencias"                    
[ 01/05/2024-00:08:40 ] [ _.Main._ ] ----------------------------------------------------------------
[ 01/05/2024-00:08:40 ] [ _.Main._ ] "Controlador Backend" "Express" ":" "^4.19.2"
[ 01/05/2024-00:08:40 ] [ _.Main._ ] 
[ 01/05/2024-00:09:16 ] [ _.Main._ ] 
[ 01/05/2024-00:09:16 ] [ _.Main._ ] 	"░█▀▀" "░█▀█" "░█▀▄" "░█▀▀"      "░█▀█ ░█▀█ ░█▄ █ ░█▀▀ ░█"
[ 01/05/2024-00:09:16 ] [ _.Main._ ] 	"░█  " "░█░█" "░█▀▄" "░█▀▀"  ▀▀▀ "░█▀▀ ░█▀█ ░█ ▀█ ░█▀▀ ░█"
[ 01/05/2024-00:09:16 ] [ _.Main._ ] 	"░▀▀▀" "░▀▀▀" "░▀░▀" "░▀▀▀"      "░▀   ░▀ ▀ ░▀  ▀ ░▀▀▀ ░▀▀▀"
[ 01/05/2024-00:09:16 ] [ _.Main._ ] 
[ 01/05/2024-00:09:16 ] [ _.Main._ ] 
[ 01/05/2024-00:09:16 ] [ _.Main._ ] ----------------------------------------------------------------
[ 01/05/2024-00:09:16 ] [ _.Main._ ]                          "Estatisticas"                    
[ 01/05/2024-00:09:16 ] [ _.Main._ ] ----------------------------------------------------------------
[ 01/05/2024-00:09:16 ] [ _.Main._ ] "Versão:" "1.0.1"
[ 01/05/2024-00:09:16 ] [ _.Main._ ] "Modo:" "Desenvolvimento"
[ 01/05/2024-00:09:16 ] [ _.Main._ ] "Uptime de iniciação:" "4s "
[ 01/05/2024-00:09:16 ] [ _.Main._ ] "Struturas Carregadas:" "1"
[ 01/05/2024-00:09:16 ] [ _.Main._ ] "Linguagem Padrão:" "pt-BR"
[ 01/05/2024-00:09:16 ] [ _.Main._ ] "Envs Carregados:" "22"
[ 01/05/2024-00:09:16 ] [ _.Main._ ] "Middlewares Carregados:" "3"
[ 01/05/2024-00:09:16 ] [ _.Main._ ] "Rotas Carregadas:" "5"
[ 01/05/2024-00:09:16 ] [ _.Main._ ] "Iniciado:" "http://localhost:3000"
[ 01/05/2024-00:09:16 ] [ _.Main._ ] ----------------------------------------------------------------
[ 01/05/2024-00:09:16 ] [ _.Main._ ]                     "Principais  dependencias"                    
[ 01/05/2024-00:09:16 ] [ _.Main._ ] ----------------------------------------------------------------
[ 01/05/2024-00:09:16 ] [ _.Main._ ] "Controlador Backend" "Express" ":" "^4.19.2"
[ 01/05/2024-00:09:16 ] [ _.Main._ ] 
[ 01/05/2024-00:09:53 ] [ _.Main._ ] 
[ 01/05/2024-00:09:53 ] [ _.Main._ ] 	"░█▀▀" "░█▀█" "░█▀▄" "░█▀▀"      "░█▀█ ░█▀█ ░█▄ █ ░█▀▀ ░█"
[ 01/05/2024-00:09:53 ] [ _.Main._ ] 	"░█  " "░█░█" "░█▀▄" "░█▀▀"  ▀▀▀ "░█▀▀ ░█▀█ ░█ ▀█ ░█▀▀ ░█"
[ 01/05/2024-00:09:53 ] [ _.Main._ ] 	"░▀▀▀" "░▀▀▀" "░▀░▀" "░▀▀▀"      "░▀   ░▀ ▀ ░▀  ▀ ░▀▀▀ ░▀▀▀"
[ 01/05/2024-00:09:53 ] [ _.Main._ ] 
[ 01/05/2024-00:09:53 ] [ _.Main._ ] 
[ 01/05/2024-00:09:53 ] [ _.Main._ ] ----------------------------------------------------------------
[ 01/05/2024-00:09:53 ] [ _.Main._ ]                          "Estatisticas"                    
[ 01/05/2024-00:09:53 ] [ _.Main._ ] ----------------------------------------------------------------
[ 01/05/2024-00:09:53 ] [ _.Main._ ] "Versão:" "1.0.1"
[ 01/05/2024-00:09:53 ] [ _.Main._ ] "Modo:" "Desenvolvimento"
[ 01/05/2024-00:09:53 ] [ _.Main._ ] "Uptime de iniciação:" "3s "
[ 01/05/2024-00:09:53 ] [ _.Main._ ] "Struturas Carregadas:" "1"
[ 01/05/2024-00:09:53 ] [ _.Main._ ] "Linguagem Padrão:" "pt-BR"
[ 01/05/2024-00:09:53 ] [ _.Main._ ] "Envs Carregados:" "22"
[ 01/05/2024-00:09:53 ] [ _.Main._ ] "Middlewares Carregados:" "3"
[ 01/05/2024-00:09:53 ] [ _.Main._ ] "Rotas Carregadas:" "5"
[ 01/05/2024-00:09:53 ] [ _.Main._ ] "Iniciado:" "http://localhost:3000"
[ 01/05/2024-00:09:53 ] [ _.Main._ ] ----------------------------------------------------------------
[ 01/05/2024-00:09:53 ] [ _.Main._ ]                     "Principais  dependencias"                    
[ 01/05/2024-00:09:53 ] [ _.Main._ ] ----------------------------------------------------------------
[ 01/05/2024-00:09:53 ] [ _.Main._ ] "Controlador Backend" "Express" ":" "^4.19.2"
[ 01/05/2024-00:09:53 ] [ _.Main._ ] 
[ 01/05/2024-00:13:04 ] [ _.Main._ ] 
[ 01/05/2024-00:13:04 ] [ _.Main._ ] 	"░█▀▀" "░█▀█" "░█▀▄" "░█▀▀"      "░█▀█ ░█▀█ ░█▄ █ ░█▀▀ ░█"
[ 01/05/2024-00:13:04 ] [ _.Main._ ] 	"░█  " "░█░█" "░█▀▄" "░█▀▀"  ▀▀▀ "░█▀▀ ░█▀█ ░█ ▀█ ░█▀▀ ░█"
[ 01/05/2024-00:13:04 ] [ _.Main._ ] 	"░▀▀▀" "░▀▀▀" "░▀░▀" "░▀▀▀"      "░▀   ░▀ ▀ ░▀  ▀ ░▀▀▀ ░▀▀▀"
[ 01/05/2024-00:13:04 ] [ _.Main._ ] 
[ 01/05/2024-00:13:04 ] [ _.Main._ ] 
[ 01/05/2024-00:13:04 ] [ _.Main._ ] ----------------------------------------------------------------
[ 01/05/2024-00:13:04 ] [ _.Main._ ]                          "Estatisticas"                    
[ 01/05/2024-00:13:04 ] [ _.Main._ ] ----------------------------------------------------------------
[ 01/05/2024-00:13:04 ] [ _.Main._ ] "Versão:" "1.0.1"
[ 01/05/2024-00:13:04 ] [ _.Main._ ] "Modo:" "Desenvolvimento"
[ 01/05/2024-00:13:04 ] [ _.Main._ ] "Uptime de iniciação:" "3s "
[ 01/05/2024-00:13:04 ] [ _.Main._ ] "Struturas Carregadas:" "1"
[ 01/05/2024-00:13:04 ] [ _.Main._ ] "Linguagem Padrão:" "pt-BR"
[ 01/05/2024-00:13:04 ] [ _.Main._ ] "Envs Carregados:" "22"
[ 01/05/2024-00:13:04 ] [ _.Main._ ] "Middlewares Carregados:" "3"
[ 01/05/2024-00:13:04 ] [ _.Main._ ] "Rotas Carregadas:" "5"
[ 01/05/2024-00:13:04 ] [ _.Main._ ] "Iniciado:" "http://localhost:3000"
[ 01/05/2024-00:13:04 ] [ _.Main._ ] ----------------------------------------------------------------
[ 01/05/2024-00:13:04 ] [ _.Main._ ]                     "Principais  dependencias"                    
[ 01/05/2024-00:13:04 ] [ _.Main._ ] ----------------------------------------------------------------
[ 01/05/2024-00:13:04 ] [ _.Main._ ] "Controlador Backend" "Express" ":" "^4.19.2"
[ 01/05/2024-00:13:04 ] [ _.Main._ ] 
[ 01/05/2024-00:13:12 ] [ _.Main._ ] 
[ 01/05/2024-00:13:12 ] [ _.Main._ ] 	"░█▀▀" "░█▀█" "░█▀▄" "░█▀▀"      "░█▀█ ░█▀█ ░█▄ █ ░█▀▀ ░█"
[ 01/05/2024-00:13:12 ] [ _.Main._ ] 	"░█  " "░█░█" "░█▀▄" "░█▀▀"  ▀▀▀ "░█▀▀ ░█▀█ ░█ ▀█ ░█▀▀ ░█"
[ 01/05/2024-00:13:12 ] [ _.Main._ ] 	"░▀▀▀" "░▀▀▀" "░▀░▀" "░▀▀▀"      "░▀   ░▀ ▀ ░▀  ▀ ░▀▀▀ ░▀▀▀"
[ 01/05/2024-00:13:12 ] [ _.Main._ ] 
[ 01/05/2024-00:13:12 ] [ _.Main._ ] 
[ 01/05/2024-00:13:12 ] [ _.Main._ ] ----------------------------------------------------------------
[ 01/05/2024-00:13:12 ] [ _.Main._ ]                          "Estatisticas"                    
[ 01/05/2024-00:13:12 ] [ _.Main._ ] ----------------------------------------------------------------
[ 01/05/2024-00:13:12 ] [ _.Main._ ] "Versão:" "1.0.1"
[ 01/05/2024-00:13:12 ] [ _.Main._ ] "Modo:" "Desenvolvimento"
[ 01/05/2024-00:13:12 ] [ _.Main._ ] "Uptime de iniciação:" "4s "
[ 01/05/2024-00:13:12 ] [ _.Main._ ] "Struturas Carregadas:" "1"
[ 01/05/2024-00:13:12 ] [ _.Main._ ] "Linguagem Padrão:" "pt-BR"
[ 01/05/2024-00:13:12 ] [ _.Main._ ] "Envs Carregados:" "22"
[ 01/05/2024-00:13:12 ] [ _.Main._ ] "Middlewares Carregados:" "3"
[ 01/05/2024-00:13:12 ] [ _.Main._ ] "Rotas Carregadas:" "5"
[ 01/05/2024-00:13:12 ] [ _.Main._ ] "Iniciado:" "http://localhost:3000"
[ 01/05/2024-00:13:12 ] [ _.Main._ ] ----------------------------------------------------------------
[ 01/05/2024-00:13:12 ] [ _.Main._ ]                     "Principais  dependencias"                    
[ 01/05/2024-00:13:12 ] [ _.Main._ ] ----------------------------------------------------------------
[ 01/05/2024-00:13:12 ] [ _.Main._ ] "Controlador Backend" "Express" ":" "^4.19.2"
[ 01/05/2024-00:13:12 ] [ _.Main._ ] 
[ 01/05/2024-00:13:45 ] [ _.Main._ ] 
[ 01/05/2024-00:13:45 ] [ _.Main._ ] 	"░█▀▀" "░█▀█" "░█▀▄" "░█▀▀"      "░█▀█ ░█▀█ ░█▄ █ ░█▀▀ ░█"
[ 01/05/2024-00:13:45 ] [ _.Main._ ] 	"░█  " "░█░█" "░█▀▄" "░█▀▀"  ▀▀▀ "░█▀▀ ░█▀█ ░█ ▀█ ░█▀▀ ░█"
[ 01/05/2024-00:13:45 ] [ _.Main._ ] 	"░▀▀▀" "░▀▀▀" "░▀░▀" "░▀▀▀"      "░▀   ░▀ ▀ ░▀  ▀ ░▀▀▀ ░▀▀▀"
[ 01/05/2024-00:13:45 ] [ _.Main._ ] 
[ 01/05/2024-00:13:45 ] [ _.Main._ ] 
[ 01/05/2024-00:13:45 ] [ _.Main._ ] ----------------------------------------------------------------
[ 01/05/2024-00:13:45 ] [ _.Main._ ]                          "Estatisticas"                    
[ 01/05/2024-00:13:45 ] [ _.Main._ ] ----------------------------------------------------------------
[ 01/05/2024-00:13:45 ] [ _.Main._ ] "Versão:" "1.0.1"
[ 01/05/2024-00:13:45 ] [ _.Main._ ] "Modo:" "Desenvolvimento"
[ 01/05/2024-00:13:45 ] [ _.Main._ ] "Uptime de iniciação:" "4s "
[ 01/05/2024-00:13:45 ] [ _.Main._ ] "Struturas Carregadas:" "1"
[ 01/05/2024-00:13:45 ] [ _.Main._ ] "Linguagem Padrão:" "pt-BR"
[ 01/05/2024-00:13:45 ] [ _.Main._ ] "Envs Carregados:" "22"
[ 01/05/2024-00:13:45 ] [ _.Main._ ] "Middlewares Carregados:" "3"
[ 01/05/2024-00:13:45 ] [ _.Main._ ] "Rotas Carregadas:" "5"
[ 01/05/2024-00:13:46 ] [ _.Main._ ] "Iniciado:" "http://localhost:3000"
[ 01/05/2024-00:13:46 ] [ _.Main._ ] ----------------------------------------------------------------
[ 01/05/2024-00:13:46 ] [ _.Main._ ]                     "Principais  dependencias"                    
[ 01/05/2024-00:13:46 ] [ _.Main._ ] ----------------------------------------------------------------
[ 01/05/2024-00:13:46 ] [ _.Main._ ] "Controlador Backend" "Express" ":" "^4.19.2"
[ 01/05/2024-00:13:46 ] [ _.Main._ ] 
[ 01/05/2024-00:13:59 ] [ _.Main._ ] 
[ 01/05/2024-00:13:59 ] [ _.Main._ ] 	"░█▀▀" "░█▀█" "░█▀▄" "░█▀▀"      "░█▀█ ░█▀█ ░█▄ █ ░█▀▀ ░█"
[ 01/05/2024-00:13:59 ] [ _.Main._ ] 	"░█  " "░█░█" "░█▀▄" "░█▀▀"  ▀▀▀ "░█▀▀ ░█▀█ ░█ ▀█ ░█▀▀ ░█"
[ 01/05/2024-00:13:59 ] [ _.Main._ ] 	"░▀▀▀" "░▀▀▀" "░▀░▀" "░▀▀▀"      "░▀   ░▀ ▀ ░▀  ▀ ░▀▀▀ ░▀▀▀"
[ 01/05/2024-00:13:59 ] [ _.Main._ ] 
[ 01/05/2024-00:13:59 ] [ _.Main._ ] 
[ 01/05/2024-00:13:59 ] [ _.Main._ ] ----------------------------------------------------------------
[ 01/05/2024-00:13:59 ] [ _.Main._ ]                          "Estatisticas"                    
[ 01/05/2024-00:13:59 ] [ _.Main._ ] ----------------------------------------------------------------
[ 01/05/2024-00:13:59 ] [ _.Main._ ] "Versão:" "1.0.1"
[ 01/05/2024-00:13:59 ] [ _.Main._ ] "Modo:" "Desenvolvimento"
[ 01/05/2024-00:13:59 ] [ _.Main._ ] "Uptime de iniciação:" "3s "
[ 01/05/2024-00:13:59 ] [ _.Main._ ] "Struturas Carregadas:" "1"
[ 01/05/2024-00:13:59 ] [ _.Main._ ] "Linguagem Padrão:" "pt-BR"
[ 01/05/2024-00:13:59 ] [ _.Main._ ] "Envs Carregados:" "22"
[ 01/05/2024-00:13:59 ] [ _.Main._ ] "Middlewares Carregados:" "3"
[ 01/05/2024-00:13:59 ] [ _.Main._ ] "Rotas Carregadas:" "5"
[ 01/05/2024-00:13:59 ] [ _.Main._ ] "Iniciado:" "http://localhost:3000"
[ 01/05/2024-00:13:59 ] [ _.Main._ ] ----------------------------------------------------------------
[ 01/05/2024-00:13:59 ] [ _.Main._ ]                     "Principais  dependencias"                    
[ 01/05/2024-00:13:59 ] [ _.Main._ ] ----------------------------------------------------------------
[ 01/05/2024-00:13:59 ] [ _.Main._ ] "Controlador Backend" "Express" ":" "^4.19.2"
[ 01/05/2024-00:13:59 ] [ _.Main._ ] 
[ 01/05/2024-00:14:24 ] [ _.Main._ ] 
[ 01/05/2024-00:14:24 ] [ _.Main._ ] 	"░█▀▀" "░█▀█" "░█▀▄" "░█▀▀"      "░█▀█ ░█▀█ ░█▄ █ ░█▀▀ ░█"
[ 01/05/2024-00:14:24 ] [ _.Main._ ] 	"░█  " "░█░█" "░█▀▄" "░█▀▀"  ▀▀▀ "░█▀▀ ░█▀█ ░█ ▀█ ░█▀▀ ░█"
[ 01/05/2024-00:14:24 ] [ _.Main._ ] 	"░▀▀▀" "░▀▀▀" "░▀░▀" "░▀▀▀"      "░▀   ░▀ ▀ ░▀  ▀ ░▀▀▀ ░▀▀▀"
[ 01/05/2024-00:14:24 ] [ _.Main._ ] 
[ 01/05/2024-00:14:24 ] [ _.Main._ ] 
[ 01/05/2024-00:14:24 ] [ _.Main._ ] ----------------------------------------------------------------
[ 01/05/2024-00:14:24 ] [ _.Main._ ]                          "Estatisticas"                    
[ 01/05/2024-00:14:24 ] [ _.Main._ ] ----------------------------------------------------------------
[ 01/05/2024-00:14:24 ] [ _.Main._ ] "Versão:" "1.0.1"
[ 01/05/2024-00:14:24 ] [ _.Main._ ] "Modo:" "Desenvolvimento"
[ 01/05/2024-00:14:24 ] [ _.Main._ ] "Uptime de iniciação:" "4s "
[ 01/05/2024-00:14:24 ] [ _.Main._ ] "Struturas Carregadas:" "1"
[ 01/05/2024-00:14:24 ] [ _.Main._ ] "Linguagem Padrão:" "pt-BR"
[ 01/05/2024-00:14:24 ] [ _.Main._ ] "Envs Carregados:" "22"
[ 01/05/2024-00:14:24 ] [ _.Main._ ] "Middlewares Carregados:" "3"
[ 01/05/2024-00:14:24 ] [ _.Main._ ] "Rotas Carregadas:" "5"
[ 01/05/2024-00:14:24 ] [ _.Main._ ] "Iniciado:" "http://localhost:3000"
[ 01/05/2024-00:14:24 ] [ _.Main._ ] ----------------------------------------------------------------
[ 01/05/2024-00:14:24 ] [ _.Main._ ]                     "Principais  dependencias"                    
[ 01/05/2024-00:14:24 ] [ _.Main._ ] ----------------------------------------------------------------
[ 01/05/2024-00:14:24 ] [ _.Main._ ] "Controlador Backend" "Express" ":" "^4.19.2"
[ 01/05/2024-00:14:24 ] [ _.Main._ ] 
[ 01/05/2024-00:14:42 ] [ _.Main._ ] 
[ 01/05/2024-00:14:42 ] [ _.Main._ ] 	"░█▀▀" "░█▀█" "░█▀▄" "░█▀▀"      "░█▀█ ░█▀█ ░█▄ █ ░█▀▀ ░█"
[ 01/05/2024-00:14:42 ] [ _.Main._ ] 	"░█  " "░█░█" "░█▀▄" "░█▀▀"  ▀▀▀ "░█▀▀ ░█▀█ ░█ ▀█ ░█▀▀ ░█"
[ 01/05/2024-00:14:42 ] [ _.Main._ ] 	"░▀▀▀" "░▀▀▀" "░▀░▀" "░▀▀▀"      "░▀   ░▀ ▀ ░▀  ▀ ░▀▀▀ ░▀▀▀"
[ 01/05/2024-00:14:42 ] [ _.Main._ ] 
[ 01/05/2024-00:14:42 ] [ _.Main._ ] 
[ 01/05/2024-00:14:42 ] [ _.Main._ ] ----------------------------------------------------------------
[ 01/05/2024-00:14:42 ] [ _.Main._ ]                          "Estatisticas"                    
[ 01/05/2024-00:14:42 ] [ _.Main._ ] ----------------------------------------------------------------
[ 01/05/2024-00:14:42 ] [ _.Main._ ] "Versão:" "1.0.1"
[ 01/05/2024-00:14:42 ] [ _.Main._ ] "Modo:" "Desenvolvimento"
[ 01/05/2024-00:14:42 ] [ _.Main._ ] "Uptime de iniciação:" "3s "
[ 01/05/2024-00:14:42 ] [ _.Main._ ] "Struturas Carregadas:" "1"
[ 01/05/2024-00:14:42 ] [ _.Main._ ] "Linguagem Padrão:" "pt-BR"
[ 01/05/2024-00:14:42 ] [ _.Main._ ] "Envs Carregados:" "22"
[ 01/05/2024-00:14:42 ] [ _.Main._ ] "Middlewares Carregados:" "3"
[ 01/05/2024-00:14:42 ] [ _.Main._ ] "Rotas Carregadas:" "5"
[ 01/05/2024-00:14:42 ] [ _.Main._ ] "Iniciado:" "http://localhost:3000"
[ 01/05/2024-00:14:42 ] [ _.Main._ ] ----------------------------------------------------------------
[ 01/05/2024-00:14:42 ] [ _.Main._ ]                     "Principais  dependencias"                    
[ 01/05/2024-00:14:42 ] [ _.Main._ ] ----------------------------------------------------------------
[ 01/05/2024-00:14:42 ] [ _.Main._ ] "Controlador Backend" "Express" ":" "^4.19.2"
[ 01/05/2024-00:14:42 ] [ _.Main._ ] 
[ 01/05/2024-00:14:55 ] [ _.Main._ ] 
[ 01/05/2024-00:14:55 ] [ _.Main._ ] 	"░█▀▀" "░█▀█" "░█▀▄" "░█▀▀"      "░█▀█ ░█▀█ ░█▄ █ ░█▀▀ ░█"
[ 01/05/2024-00:14:55 ] [ _.Main._ ] 	"░█  " "░█░█" "░█▀▄" "░█▀▀"  ▀▀▀ "░█▀▀ ░█▀█ ░█ ▀█ ░█▀▀ ░█"
[ 01/05/2024-00:14:55 ] [ _.Main._ ] 	"░▀▀▀" "░▀▀▀" "░▀░▀" "░▀▀▀"      "░▀   ░▀ ▀ ░▀  ▀ ░▀▀▀ ░▀▀▀"
[ 01/05/2024-00:14:55 ] [ _.Main._ ] 
[ 01/05/2024-00:14:55 ] [ _.Main._ ] 
[ 01/05/2024-00:14:55 ] [ _.Main._ ] ----------------------------------------------------------------
[ 01/05/2024-00:14:55 ] [ _.Main._ ]                          "Estatisticas"                    
[ 01/05/2024-00:14:55 ] [ _.Main._ ] ----------------------------------------------------------------
[ 01/05/2024-00:14:55 ] [ _.Main._ ] "Versão:" "1.0.1"
[ 01/05/2024-00:14:55 ] [ _.Main._ ] "Modo:" "Desenvolvimento"
[ 01/05/2024-00:14:55 ] [ _.Main._ ] "Uptime de iniciação:" "3s "
[ 01/05/2024-00:14:55 ] [ _.Main._ ] "Struturas Carregadas:" "1"
[ 01/05/2024-00:14:55 ] [ _.Main._ ] "Linguagem Padrão:" "pt-BR"
[ 01/05/2024-00:14:55 ] [ _.Main._ ] "Envs Carregados:" "22"
[ 01/05/2024-00:14:55 ] [ _.Main._ ] "Middlewares Carregados:" "3"
[ 01/05/2024-00:14:55 ] [ _.Main._ ] "Rotas Carregadas:" "5"
[ 01/05/2024-00:14:55 ] [ _.Main._ ] "Iniciado:" "http://localhost:3000"
[ 01/05/2024-00:14:55 ] [ _.Main._ ] ----------------------------------------------------------------
[ 01/05/2024-00:14:55 ] [ _.Main._ ]                     "Principais  dependencias"                    
[ 01/05/2024-00:14:55 ] [ _.Main._ ] ----------------------------------------------------------------
[ 01/05/2024-00:14:55 ] [ _.Main._ ] "Controlador Backend" "Express" ":" "^4.19.2"
[ 01/05/2024-00:14:55 ] [ _.Main._ ] 
[ 01/05/2024-00:22:15 ] [ _.Main._ ] 
[ 01/05/2024-00:22:15 ] [ _.Main._ ] 	"░█▀▀" "░█▀█" "░█▀▄" "░█▀▀"      "░█▀█ ░█▀█ ░█▄ █ ░█▀▀ ░█"
[ 01/05/2024-00:22:15 ] [ _.Main._ ] 	"░█  " "░█░█" "░█▀▄" "░█▀▀"  ▀▀▀ "░█▀▀ ░█▀█ ░█ ▀█ ░█▀▀ ░█"
[ 01/05/2024-00:22:15 ] [ _.Main._ ] 	"░▀▀▀" "░▀▀▀" "░▀░▀" "░▀▀▀"      "░▀   ░▀ ▀ ░▀  ▀ ░▀▀▀ ░▀▀▀"
[ 01/05/2024-00:22:15 ] [ _.Main._ ] 
[ 01/05/2024-00:22:15 ] [ _.Main._ ] 
[ 01/05/2024-00:22:15 ] [ _.Main._ ] ----------------------------------------------------------------
[ 01/05/2024-00:22:15 ] [ _.Main._ ]                          "Estatisticas"                    
[ 01/05/2024-00:22:15 ] [ _.Main._ ] ----------------------------------------------------------------
[ 01/05/2024-00:22:15 ] [ _.Main._ ] "Versão:" "1.0.1"
[ 01/05/2024-00:22:15 ] [ _.Main._ ] "Modo:" "Desenvolvimento"
[ 01/05/2024-00:22:15 ] [ _.Main._ ] "Uptime de iniciação:" "3s "
[ 01/05/2024-00:22:15 ] [ _.Main._ ] "Struturas Carregadas:" "1"
[ 01/05/2024-00:22:15 ] [ _.Main._ ] "Linguagem Padrão:" "pt-BR"
[ 01/05/2024-00:22:15 ] [ _.Main._ ] "Envs Carregados:" "22"
[ 01/05/2024-00:22:15 ] [ _.Main._ ] "Middlewares Carregados:" "3"
[ 01/05/2024-00:22:15 ] [ _.Main._ ] "Rotas Carregadas:" "5"
[ 01/05/2024-00:22:15 ] [ _.Main._ ] "Iniciado:" "http://localhost:3000"
[ 01/05/2024-00:22:15 ] [ _.Main._ ] ----------------------------------------------------------------
[ 01/05/2024-00:22:15 ] [ _.Main._ ]                     "Principais  dependencias"                    
[ 01/05/2024-00:22:15 ] [ _.Main._ ] ----------------------------------------------------------------
[ 01/05/2024-00:22:15 ] [ _.Main._ ] "Controlador Backend" "Express" ":" "^4.19.2"
[ 01/05/2024-00:22:15 ] [ _.Main._ ] 
[ 01/05/2024-17:41:10 ] [ _.Main._ ] 
[ 01/05/2024-17:41:10 ] [ _.Main._ ] 	"░█▀▀" "░█▀█" "░█▀▄" "░█▀▀"      "░█▀█ ░█▀█ ░█▄ █ ░█▀▀ ░█"
[ 01/05/2024-17:41:10 ] [ _.Main._ ] 	"░█  " "░█░█" "░█▀▄" "░█▀▀"  ▀▀▀ "░█▀▀ ░█▀█ ░█ ▀█ ░█▀▀ ░█"
[ 01/05/2024-17:41:10 ] [ _.Main._ ] 	"░▀▀▀" "░▀▀▀" "░▀░▀" "░▀▀▀"      "░▀   ░▀ ▀ ░▀  ▀ ░▀▀▀ ░▀▀▀"
[ 01/05/2024-17:41:10 ] [ _.Main._ ] 
[ 01/05/2024-17:41:10 ] [ _.Main._ ] 
[ 01/05/2024-17:41:10 ] [ _.Main._ ] ----------------------------------------------------------------
[ 01/05/2024-17:41:10 ] [ _.Main._ ]                          "Estatisticas"                    
[ 01/05/2024-17:41:10 ] [ _.Main._ ] ----------------------------------------------------------------
[ 01/05/2024-17:41:10 ] [ _.Main._ ] "Versão:" "1.0.1"
[ 01/05/2024-17:41:10 ] [ _.Main._ ] "Modo:" "Desenvolvimento"
[ 01/05/2024-17:41:10 ] [ _.Main._ ] "Uptime de iniciação:" "5s "
[ 01/05/2024-17:41:10 ] [ _.Main._ ] "Struturas Carregadas:" "1"
[ 01/05/2024-17:41:10 ] [ _.Main._ ] "Linguagem Padrão:" "pt-BR"
[ 01/05/2024-17:41:10 ] [ _.Main._ ] "Envs Carregados:" "22"
[ 01/05/2024-17:41:10 ] [ _.Main._ ] "Middlewares Carregados:" "3"
[ 01/05/2024-17:41:10 ] [ _.Main._ ] "Rotas Carregadas:" "5"
[ 01/05/2024-17:41:10 ] [ _.Main._ ] "Iniciado:" "http://localhost:3000"
[ 01/05/2024-17:41:10 ] [ _.Main._ ] ----------------------------------------------------------------
[ 01/05/2024-17:41:10 ] [ _.Main._ ]                     "Principais  dependencias"                    
[ 01/05/2024-17:41:10 ] [ _.Main._ ] ----------------------------------------------------------------
[ 01/05/2024-17:41:10 ] [ _.Main._ ] "Controlador Backend" "Express" ":" "^4.19.2"
[ 01/05/2024-17:41:10 ] [ _.Main._ ] 
[ 01/05/2024-19:40:32 ] [ _.Main._ ] 
[ 01/05/2024-19:40:32 ] [ _.Main._ ] 	"░█▀▀" "░█▀█" "░█▀▄" "░█▀▀"      "░█▀█ ░█▀█ ░█▄ █ ░█▀▀ ░█"
[ 01/05/2024-19:40:32 ] [ _.Main._ ] 	"░█  " "░█░█" "░█▀▄" "░█▀▀"  ▀▀▀ "░█▀▀ ░█▀█ ░█ ▀█ ░█▀▀ ░█"
[ 01/05/2024-19:40:32 ] [ _.Main._ ] 	"░▀▀▀" "░▀▀▀" "░▀░▀" "░▀▀▀"      "░▀   ░▀ ▀ ░▀  ▀ ░▀▀▀ ░▀▀▀"
[ 01/05/2024-19:40:32 ] [ _.Main._ ] 
[ 01/05/2024-19:40:32 ] [ _.Main._ ] 
[ 01/05/2024-19:40:32 ] [ _.Main._ ] ----------------------------------------------------------------
[ 01/05/2024-19:40:32 ] [ _.Main._ ]                          "Estatisticas"                    
[ 01/05/2024-19:40:32 ] [ _.Main._ ] ----------------------------------------------------------------
[ 01/05/2024-19:40:32 ] [ _.Main._ ] "Versão:" "1.0.1"
[ 01/05/2024-19:40:32 ] [ _.Main._ ] "Modo:" "Desenvolvimento"
[ 01/05/2024-19:40:32 ] [ _.Main._ ] "Uptime de iniciação:" "9s "
[ 01/05/2024-19:40:32 ] [ _.Main._ ] "Struturas Carregadas:" "1"
[ 01/05/2024-19:40:32 ] [ _.Main._ ] "Linguagem Padrão:" "pt-BR"
[ 01/05/2024-19:40:32 ] [ _.Main._ ] "Envs Carregados:" "22"
[ 01/05/2024-19:40:32 ] [ _.Main._ ] "Middlewares Carregados:" "3"
[ 01/05/2024-19:40:32 ] [ _.Main._ ] "Rotas Carregadas:" "5"
[ 01/05/2024-19:40:32 ] [ _.Main._ ] "Iniciado:" "http://localhost:3000"
[ 01/05/2024-19:40:32 ] [ _.Main._ ] ----------------------------------------------------------------
[ 01/05/2024-19:40:32 ] [ _.Main._ ]                     "Principais  dependencias"                    
[ 01/05/2024-19:40:32 ] [ _.Main._ ] ----------------------------------------------------------------
[ 01/05/2024-19:40:32 ] [ _.Main._ ] "Controlador Backend" "Express" ":" "^4.19.2"
[ 01/05/2024-19:40:32 ] [ _.Main._ ] 
