[ 02/05/2024-01:38:15 ] [ _.Main._ ] 
[ 02/05/2024-01:38:15 ] [ _.Main._ ] 	"░█▀▀ ░█▀█ ░█▀▄ ░█▀▀"      "░█▀█ ░█▀█ ░█▄ █ ░█▀▀ ░█"
[ 02/05/2024-01:38:15 ] [ _.Main._ ] 	"░█   ░█░█ ░█▀▄ ░█▀▀"  ▀▀▀ "░█▀▀ ░█▀█ ░█ ▀█ ░█▀▀ ░█"
[ 02/05/2024-01:38:15 ] [ _.Main._ ] 	"░▀▀▀ ░▀▀▀ ░▀░▀ ░▀▀▀"      "░▀   ░▀ ▀ ░▀  ▀ ░▀▀▀ ░▀▀▀"
[ 02/05/2024-01:38:15 ] [ _.Main._ ] 
[ 02/05/2024-01:38:15 ] [ _.Main._ ] 
[ 02/05/2024-01:38:15 ] [ _.Main._ ] ----------------------------------------------------------------
[ 02/05/2024-01:38:15 ] [ _.Main._ ]                          "Estatisticas"                    
[ 02/05/2024-01:38:15 ] [ _.Main._ ] ----------------------------------------------------------------
[ 02/05/2024-01:38:15 ] [ _.Main._ ] "PKG:" "Javascript"
[ 02/05/2024-01:38:16 ] [ _.Main._ ] "Versão:" "1.0.1"
[ 02/05/2024-01:38:16 ] [ _.Main._ ] "Build:" [Invalid Date
[ 02/05/2024-01:38:16 ] [ _.Main._ ] "Modo:" "Desenvolvimento"
[ 02/05/2024-01:38:16 ] [ _.Main._ ] "Uptime de iniciação:" "8s "
[ 02/05/2024-01:38:16 ] [ _.Main._ ] "Struturas Carregadas:" "1"
[ 02/05/2024-01:38:16 ] [ _.Main._ ] "Linguagem Padrão:" "pt-BR"
[ 02/05/2024-01:38:16 ] [ _.Main._ ] "Envs Carregados:" "23"
[ 02/05/2024-01:38:16 ] [ _.Main._ ] "Middlewares Carregados:" "3"
[ 02/05/2024-01:38:16 ] [ _.Main._ ] "Rotas Carregadas:" "5"
[ 02/05/2024-01:38:16 ] [ _.Main._ ] "Iniciado:" "http://localhost:3000"
[ 02/05/2024-01:38:16 ] [ _.Main._ ] ----------------------------------------------------------------
[ 02/05/2024-01:38:16 ] [ _.Main._ ]                     "Principais  dependencias"                    
[ 02/05/2024-01:38:16 ] [ _.Main._ ] ----------------------------------------------------------------
[ 02/05/2024-01:38:16 ] [ _.Main._ ] "Controlador Backend" "Express" ":" "^4.19.2"
[ 02/05/2024-01:38:16 ] [ _.Main._ ] 
