[ 29/04/2024-00:00:02 ] [ _.Main._ ] 
[ 29/04/2024-00:00:02 ] [ _.Main._ ] 	"░█▀▀" "░█▀█" "░█▀▄" "░█▀▀"      "░█▀█ ░█▀█ ░█▄ █ ░█▀▀ ░█"
[ 29/04/2024-00:00:02 ] [ _.Main._ ] 	"░█  " "░█░█" "░█▀▄" "░█▀▀"  ▀▀▀ "░█▀▀ ░█▀█ ░█ ▀█ ░█▀▀ ░█"
[ 29/04/2024-00:00:02 ] [ _.Main._ ] 	"░▀▀▀" "░▀▀▀" "░▀░▀" "░▀▀▀"      "░▀   ░▀ ▀ ░▀  ▀ ░▀▀▀ ░▀▀▀"
[ 29/04/2024-00:00:02 ] [ _.Main._ ] 
[ 29/04/2024-00:00:02 ] [ _.Main._ ] 
[ 29/04/2024-00:00:02 ] [ _.Main._ ] ----------------------------------------------------------------
[ 29/04/2024-00:00:02 ] [ _.Main._ ]                          "Estatisticas"                    
[ 29/04/2024-00:00:02 ] [ _.Main._ ] ----------------------------------------------------------------
[ 29/04/2024-00:00:02 ] [ _.Main._ ] "Versão:" "1.0.1"
[ 29/04/2024-00:00:02 ] [ _.Main._ ] "Modo:" "Desenvolvimento"
[ 29/04/2024-00:00:02 ] [ _.Main._ ] "Uptime de iniciação:" "4s "
[ 29/04/2024-00:00:02 ] [ _.Main._ ] "Linguagem Padrão:" "pt-BR"
[ 29/04/2024-00:00:02 ] [ _.Main._ ] "Envs Carregados:" "22"
[ 29/04/2024-00:00:02 ] [ _.Main._ ] "Middlewares Carregados:" "3"
[ 29/04/2024-00:00:02 ] [ _.Main._ ] "Rotas Carregadas:" "4"
[ 29/04/2024-00:00:02 ] [ _.Main._ ] "Iniciado:" "http://localhost:3000"
[ 29/04/2024-00:00:02 ] [ _.Main._ ] ----------------------------------------------------------------
[ 29/04/2024-00:00:02 ] [ _.Main._ ]                     "Principais  dependencias"                    
[ 29/04/2024-00:00:02 ] [ _.Main._ ] ----------------------------------------------------------------
[ 29/04/2024-00:00:02 ] [ _.Main._ ] "Controlador Backend" "Express" ":" "^4.19.2"
[ 29/04/2024-00:00:02 ] [ _.Main._ ] 
[ 29/04/2024-11:23:57 ] [ _.Main._ ] 
[ 29/04/2024-11:23:57 ] [ _.Main._ ] 	"░█▀▀" "░█▀█" "░█▀▄" "░█▀▀"      "░█▀█ ░█▀█ ░█▄ █ ░█▀▀ ░█"
[ 29/04/2024-11:23:57 ] [ _.Main._ ] 	"░█  " "░█░█" "░█▀▄" "░█▀▀"  ▀▀▀ "░█▀▀ ░█▀█ ░█ ▀█ ░█▀▀ ░█"
[ 29/04/2024-11:23:57 ] [ _.Main._ ] 	"░▀▀▀" "░▀▀▀" "░▀░▀" "░▀▀▀"      "░▀   ░▀ ▀ ░▀  ▀ ░▀▀▀ ░▀▀▀"
[ 29/04/2024-11:23:57 ] [ _.Main._ ] 
[ 29/04/2024-11:23:57 ] [ _.Main._ ] 
[ 29/04/2024-11:23:57 ] [ _.Main._ ] ----------------------------------------------------------------
[ 29/04/2024-11:23:57 ] [ _.Main._ ]                          "Estatisticas"                    
[ 29/04/2024-11:23:57 ] [ _.Main._ ] ----------------------------------------------------------------
[ 29/04/2024-11:23:57 ] [ _.Main._ ] "Versão:" "1.0.1"
[ 29/04/2024-11:23:57 ] [ _.Main._ ] "Modo:" "Desenvolvimento"
[ 29/04/2024-11:23:57 ] [ _.Main._ ] "Uptime de iniciação:" "5s "
[ 29/04/2024-11:23:57 ] [ _.Main._ ] "Linguagem Padrão:" "pt-BR"
[ 29/04/2024-11:23:57 ] [ _.Main._ ] "Envs Carregados:" "22"
[ 29/04/2024-11:23:57 ] [ _.Main._ ] "Middlewares Carregados:" "3"
[ 29/04/2024-11:23:57 ] [ _.Main._ ] "Rotas Carregadas:" "4"
[ 29/04/2024-11:23:57 ] [ _.Main._ ] "Iniciado:" "http://localhost:3000"
[ 29/04/2024-11:23:57 ] [ _.Main._ ] ----------------------------------------------------------------
[ 29/04/2024-11:23:57 ] [ _.Main._ ]                     "Principais  dependencias"                    
[ 29/04/2024-11:23:57 ] [ _.Main._ ] ----------------------------------------------------------------
[ 29/04/2024-11:23:57 ] [ _.Main._ ] "Controlador Backend" "Express" ":" "^4.19.2"
[ 29/04/2024-11:23:57 ] [ _.Main._ ] 
[ 29/04/2024-11:25:13 ] [ _.Main._ ] 
[ 29/04/2024-11:25:13 ] [ _.Main._ ] 	"░█▀▀" "░█▀█" "░█▀▄" "░█▀▀"      "░█▀█ ░█▀█ ░█▄ █ ░█▀▀ ░█"
[ 29/04/2024-11:25:13 ] [ _.Main._ ] 	"░█  " "░█░█" "░█▀▄" "░█▀▀"  ▀▀▀ "░█▀▀ ░█▀█ ░█ ▀█ ░█▀▀ ░█"
[ 29/04/2024-11:25:13 ] [ _.Main._ ] 	"░▀▀▀" "░▀▀▀" "░▀░▀" "░▀▀▀"      "░▀   ░▀ ▀ ░▀  ▀ ░▀▀▀ ░▀▀▀"
[ 29/04/2024-11:25:13 ] [ _.Main._ ] 
[ 29/04/2024-11:25:13 ] [ _.Main._ ] 
[ 29/04/2024-11:25:13 ] [ _.Main._ ] ----------------------------------------------------------------
[ 29/04/2024-11:25:13 ] [ _.Main._ ]                          "Estatisticas"                    
[ 29/04/2024-11:25:13 ] [ _.Main._ ] ----------------------------------------------------------------
[ 29/04/2024-11:25:13 ] [ _.Main._ ] "Versão:" "1.0.1"
[ 29/04/2024-11:25:13 ] [ _.Main._ ] "Modo:" "Desenvolvimento"
[ 29/04/2024-11:25:13 ] [ _.Main._ ] "Uptime de iniciação:" "3s "
[ 29/04/2024-11:25:13 ] [ _.Main._ ] "Linguagem Padrão:" "pt-BR"
[ 29/04/2024-11:25:13 ] [ _.Main._ ] "Envs Carregados:" "22"
[ 29/04/2024-11:25:13 ] [ _.Main._ ] "Middlewares Carregados:" "3"
[ 29/04/2024-11:25:13 ] [ _.Main._ ] "Rotas Carregadas:" "4"
[ 29/04/2024-11:25:13 ] [ _.Main._ ] "Iniciado:" "http://localhost:3000"
[ 29/04/2024-11:25:13 ] [ _.Main._ ] ----------------------------------------------------------------
[ 29/04/2024-11:25:13 ] [ _.Main._ ]                     "Principais  dependencias"                    
[ 29/04/2024-11:25:13 ] [ _.Main._ ] ----------------------------------------------------------------
[ 29/04/2024-11:25:13 ] [ _.Main._ ] "Controlador Backend" "Express" ":" "^4.19.2"
[ 29/04/2024-11:25:13 ] [ _.Main._ ] 
[ 29/04/2024-11:31:48 ] [ _.Main._ ] 
[ 29/04/2024-11:31:48 ] [ _.Main._ ] 	"░█▀▀" "░█▀█" "░█▀▄" "░█▀▀"      "░█▀█ ░█▀█ ░█▄ █ ░█▀▀ ░█"
[ 29/04/2024-11:31:48 ] [ _.Main._ ] 	"░█  " "░█░█" "░█▀▄" "░█▀▀"  ▀▀▀ "░█▀▀ ░█▀█ ░█ ▀█ ░█▀▀ ░█"
[ 29/04/2024-11:31:48 ] [ _.Main._ ] 	"░▀▀▀" "░▀▀▀" "░▀░▀" "░▀▀▀"      "░▀   ░▀ ▀ ░▀  ▀ ░▀▀▀ ░▀▀▀"
[ 29/04/2024-11:31:48 ] [ _.Main._ ] 
[ 29/04/2024-11:31:48 ] [ _.Main._ ] 
[ 29/04/2024-11:31:48 ] [ _.Main._ ] ----------------------------------------------------------------
[ 29/04/2024-11:31:48 ] [ _.Main._ ]                          "Estatisticas"                    
[ 29/04/2024-11:31:48 ] [ _.Main._ ] ----------------------------------------------------------------
[ 29/04/2024-11:31:48 ] [ _.Main._ ] "Versão:" "1.0.1"
[ 29/04/2024-11:31:48 ] [ _.Main._ ] "Modo:" "Desenvolvimento"
[ 29/04/2024-11:31:48 ] [ _.Main._ ] "Uptime de iniciação:" "3s "
[ 29/04/2024-11:31:48 ] [ _.Main._ ] "Linguagem Padrão:" "pt-BR"
[ 29/04/2024-11:31:48 ] [ _.Main._ ] "Envs Carregados:" "22"
[ 29/04/2024-11:31:48 ] [ _.Main._ ] "Middlewares Carregados:" "3"
[ 29/04/2024-11:31:48 ] [ _.Main._ ] "Rotas Carregadas:" "4"
[ 29/04/2024-11:31:48 ] [ _.Main._ ] "Iniciado:" "http://localhost:3000"
[ 29/04/2024-11:31:48 ] [ _.Main._ ] ----------------------------------------------------------------
[ 29/04/2024-11:31:48 ] [ _.Main._ ]                     "Principais  dependencias"                    
[ 29/04/2024-11:31:48 ] [ _.Main._ ] ----------------------------------------------------------------
[ 29/04/2024-11:31:48 ] [ _.Main._ ] "Controlador Backend" "Express" ":" "^4.19.2"
[ 29/04/2024-11:31:49 ] [ _.Main._ ] 
[ 29/04/2024-11:51:11 ] [ _.Main._ ] 
[ 29/04/2024-11:51:11 ] [ _.Main._ ] 	"░█▀▀" "░█▀█" "░█▀▄" "░█▀▀"      "░█▀█ ░█▀█ ░█▄ █ ░█▀▀ ░█"
[ 29/04/2024-11:51:11 ] [ _.Main._ ] 	"░█  " "░█░█" "░█▀▄" "░█▀▀"  ▀▀▀ "░█▀▀ ░█▀█ ░█ ▀█ ░█▀▀ ░█"
[ 29/04/2024-11:51:11 ] [ _.Main._ ] 	"░▀▀▀" "░▀▀▀" "░▀░▀" "░▀▀▀"      "░▀   ░▀ ▀ ░▀  ▀ ░▀▀▀ ░▀▀▀"
[ 29/04/2024-11:51:11 ] [ _.Main._ ] 
[ 29/04/2024-11:51:11 ] [ _.Main._ ] 
[ 29/04/2024-11:51:11 ] [ _.Main._ ] ----------------------------------------------------------------
[ 29/04/2024-11:51:11 ] [ _.Main._ ]                          "Estatisticas"                    
[ 29/04/2024-11:51:11 ] [ _.Main._ ] ----------------------------------------------------------------
[ 29/04/2024-11:51:11 ] [ _.Main._ ] "Versão:" "1.0.1"
[ 29/04/2024-11:51:11 ] [ _.Main._ ] "Modo:" "Desenvolvimento"
[ 29/04/2024-11:51:11 ] [ _.Main._ ] "Uptime de iniciação:" "2s "
[ 29/04/2024-11:51:11 ] [ _.Main._ ] "Linguagem Padrão:" "pt-BR"
[ 29/04/2024-11:51:11 ] [ _.Main._ ] "Envs Carregados:" "22"
[ 29/04/2024-11:51:11 ] [ _.Main._ ] "Middlewares Carregados:" "3"
[ 29/04/2024-11:51:11 ] [ _.Main._ ] "Rotas Carregadas:" "4"
[ 29/04/2024-11:51:11 ] [ _.Main._ ] "Iniciado:" "http://localhost:3000"
[ 29/04/2024-11:51:11 ] [ _.Main._ ] ----------------------------------------------------------------
[ 29/04/2024-11:51:11 ] [ _.Main._ ]                     "Principais  dependencias"                    
[ 29/04/2024-11:51:11 ] [ _.Main._ ] ----------------------------------------------------------------
[ 29/04/2024-11:51:11 ] [ _.Main._ ] "Controlador Backend" "Express" ":" "^4.19.2"
[ 29/04/2024-11:51:11 ] [ _.Main._ ] 
[ 29/04/2024-11:51:27 ] [ _.Main._ ] 
[ 29/04/2024-11:51:27 ] [ _.Main._ ] 	"░█▀▀" "░█▀█" "░█▀▄" "░█▀▀"      "░█▀█ ░█▀█ ░█▄ █ ░█▀▀ ░█"
[ 29/04/2024-11:51:27 ] [ _.Main._ ] 	"░█  " "░█░█" "░█▀▄" "░█▀▀"  ▀▀▀ "░█▀▀ ░█▀█ ░█ ▀█ ░█▀▀ ░█"
[ 29/04/2024-11:51:27 ] [ _.Main._ ] 	"░▀▀▀" "░▀▀▀" "░▀░▀" "░▀▀▀"      "░▀   ░▀ ▀ ░▀  ▀ ░▀▀▀ ░▀▀▀"
[ 29/04/2024-11:51:27 ] [ _.Main._ ] 
[ 29/04/2024-11:51:27 ] [ _.Main._ ] 
[ 29/04/2024-11:51:27 ] [ _.Main._ ] ----------------------------------------------------------------
[ 29/04/2024-11:51:27 ] [ _.Main._ ]                          "Estatisticas"                    
[ 29/04/2024-11:51:27 ] [ _.Main._ ] ----------------------------------------------------------------
[ 29/04/2024-11:51:27 ] [ _.Main._ ] "Versão:" "1.0.1"
[ 29/04/2024-11:51:27 ] [ _.Main._ ] "Modo:" "Desenvolvimento"
[ 29/04/2024-11:51:27 ] [ _.Main._ ] "Uptime de iniciação:" "2s "
[ 29/04/2024-11:51:27 ] [ _.Main._ ] "Linguagem Padrão:" "pt-BR"
[ 29/04/2024-11:51:27 ] [ _.Main._ ] "Envs Carregados:" "22"
[ 29/04/2024-11:51:28 ] [ _.Main._ ] "Middlewares Carregados:" "3"
[ 29/04/2024-11:51:28 ] [ _.Main._ ] "Rotas Carregadas:" "4"
[ 29/04/2024-11:51:28 ] [ _.Main._ ] "Iniciado:" "http://localhost:3000"
[ 29/04/2024-11:51:28 ] [ _.Main._ ] ----------------------------------------------------------------
[ 29/04/2024-11:51:28 ] [ _.Main._ ]                     "Principais  dependencias"                    
[ 29/04/2024-11:51:28 ] [ _.Main._ ] ----------------------------------------------------------------
[ 29/04/2024-11:51:28 ] [ _.Main._ ] "Controlador Backend" "Express" ":" "^4.19.2"
[ 29/04/2024-11:51:28 ] [ _.Main._ ] 
[ 29/04/2024-11:52:51 ] [ _.Main._ ] 
[ 29/04/2024-11:52:51 ] [ _.Main._ ] 	"░█▀▀" "░█▀█" "░█▀▄" "░█▀▀"      "░█▀█ ░█▀█ ░█▄ █ ░█▀▀ ░█"
[ 29/04/2024-11:52:51 ] [ _.Main._ ] 	"░█  " "░█░█" "░█▀▄" "░█▀▀"  ▀▀▀ "░█▀▀ ░█▀█ ░█ ▀█ ░█▀▀ ░█"
[ 29/04/2024-11:52:51 ] [ _.Main._ ] 	"░▀▀▀" "░▀▀▀" "░▀░▀" "░▀▀▀"      "░▀   ░▀ ▀ ░▀  ▀ ░▀▀▀ ░▀▀▀"
[ 29/04/2024-11:52:51 ] [ _.Main._ ] 
[ 29/04/2024-11:52:51 ] [ _.Main._ ] 
[ 29/04/2024-11:52:51 ] [ _.Main._ ] ----------------------------------------------------------------
[ 29/04/2024-11:52:51 ] [ _.Main._ ]                          "Estatisticas"                    
[ 29/04/2024-11:52:51 ] [ _.Main._ ] ----------------------------------------------------------------
[ 29/04/2024-11:52:51 ] [ _.Main._ ] "Versão:" "1.0.1"
[ 29/04/2024-11:52:51 ] [ _.Main._ ] "Modo:" "Desenvolvimento"
[ 29/04/2024-11:52:51 ] [ _.Main._ ] "Uptime de iniciação:" "3s "
[ 29/04/2024-11:52:51 ] [ _.Main._ ] "Linguagem Padrão:" "pt-BR"
[ 29/04/2024-11:52:51 ] [ _.Main._ ] "Envs Carregados:" "22"
[ 29/04/2024-11:52:51 ] [ _.Main._ ] "Middlewares Carregados:" "3"
[ 29/04/2024-11:52:51 ] [ _.Main._ ] "Rotas Carregadas:" "4"
[ 29/04/2024-11:52:51 ] [ _.Main._ ] "Iniciado:" "http://localhost:3000"
[ 29/04/2024-11:52:51 ] [ _.Main._ ] ----------------------------------------------------------------
[ 29/04/2024-11:52:51 ] [ _.Main._ ]                     "Principais  dependencias"                    
[ 29/04/2024-11:52:51 ] [ _.Main._ ] ----------------------------------------------------------------
[ 29/04/2024-11:52:51 ] [ _.Main._ ] "Controlador Backend" "Express" ":" "^4.19.2"
[ 29/04/2024-11:52:51 ] [ _.Main._ ] 
[ 29/04/2024-11:53:42 ] [ _.Main._ ] 
[ 29/04/2024-11:53:42 ] [ _.Main._ ] 	"░█▀▀" "░█▀█" "░█▀▄" "░█▀▀"      "░█▀█ ░█▀█ ░█▄ █ ░█▀▀ ░█"
[ 29/04/2024-11:53:42 ] [ _.Main._ ] 	"░█  " "░█░█" "░█▀▄" "░█▀▀"  ▀▀▀ "░█▀▀ ░█▀█ ░█ ▀█ ░█▀▀ ░█"
[ 29/04/2024-11:53:42 ] [ _.Main._ ] 	"░▀▀▀" "░▀▀▀" "░▀░▀" "░▀▀▀"      "░▀   ░▀ ▀ ░▀  ▀ ░▀▀▀ ░▀▀▀"
[ 29/04/2024-11:53:42 ] [ _.Main._ ] 
[ 29/04/2024-11:53:42 ] [ _.Main._ ] 
[ 29/04/2024-11:53:42 ] [ _.Main._ ] ----------------------------------------------------------------
[ 29/04/2024-11:53:42 ] [ _.Main._ ]                          "Estatisticas"                    
[ 29/04/2024-11:53:42 ] [ _.Main._ ] ----------------------------------------------------------------
[ 29/04/2024-11:53:42 ] [ _.Main._ ] "Versão:" "1.0.1"
[ 29/04/2024-11:53:42 ] [ _.Main._ ] "Modo:" "Desenvolvimento"
[ 29/04/2024-11:53:42 ] [ _.Main._ ] "Uptime de iniciação:" "3s "
[ 29/04/2024-11:53:42 ] [ _.Main._ ] "Linguagem Padrão:" "pt-BR"
[ 29/04/2024-11:53:42 ] [ _.Main._ ] "Envs Carregados:" "22"
[ 29/04/2024-11:53:42 ] [ _.Main._ ] "Middlewares Carregados:" "3"
[ 29/04/2024-11:53:42 ] [ _.Main._ ] "Rotas Carregadas:" "4"
[ 29/04/2024-11:53:42 ] [ _.Main._ ] "Iniciado:" "http://localhost:3000"
[ 29/04/2024-11:53:42 ] [ _.Main._ ] ----------------------------------------------------------------
[ 29/04/2024-11:53:42 ] [ _.Main._ ]                     "Principais  dependencias"                    
[ 29/04/2024-11:53:42 ] [ _.Main._ ] ----------------------------------------------------------------
[ 29/04/2024-11:53:43 ] [ _.Main._ ] "Controlador Backend" "Express" ":" "^4.19.2"
[ 29/04/2024-11:53:43 ] [ _.Main._ ] 
[ 29/04/2024-11:56:41 ] [ _.Main._ ] 
[ 29/04/2024-11:56:41 ] [ _.Main._ ] 	"░█▀▀" "░█▀█" "░█▀▄" "░█▀▀"      "░█▀█ ░█▀█ ░█▄ █ ░█▀▀ ░█"
[ 29/04/2024-11:56:41 ] [ _.Main._ ] 	"░█  " "░█░█" "░█▀▄" "░█▀▀"  ▀▀▀ "░█▀▀ ░█▀█ ░█ ▀█ ░█▀▀ ░█"
[ 29/04/2024-11:56:41 ] [ _.Main._ ] 	"░▀▀▀" "░▀▀▀" "░▀░▀" "░▀▀▀"      "░▀   ░▀ ▀ ░▀  ▀ ░▀▀▀ ░▀▀▀"
[ 29/04/2024-11:56:41 ] [ _.Main._ ] 
[ 29/04/2024-11:56:41 ] [ _.Main._ ] 
[ 29/04/2024-11:56:41 ] [ _.Main._ ] ----------------------------------------------------------------
[ 29/04/2024-11:56:41 ] [ _.Main._ ]                          "Estatisticas"                    
[ 29/04/2024-11:56:41 ] [ _.Main._ ] ----------------------------------------------------------------
[ 29/04/2024-11:56:41 ] [ _.Main._ ] "Versão:" "1.0.1"
[ 29/04/2024-11:56:41 ] [ _.Main._ ] "Modo:" "Desenvolvimento"
[ 29/04/2024-11:56:41 ] [ _.Main._ ] "Uptime de iniciação:" "2s "
[ 29/04/2024-11:56:41 ] [ _.Main._ ] "Linguagem Padrão:" "pt-BR"
[ 29/04/2024-11:56:41 ] [ _.Main._ ] "Envs Carregados:" "22"
[ 29/04/2024-11:56:41 ] [ _.Main._ ] "Middlewares Carregados:" "3"
[ 29/04/2024-11:56:41 ] [ _.Main._ ] "Rotas Carregadas:" "4"
[ 29/04/2024-11:56:41 ] [ _.Main._ ] "Iniciado:" "http://localhost:3000"
[ 29/04/2024-11:56:41 ] [ _.Main._ ] ----------------------------------------------------------------
[ 29/04/2024-11:56:41 ] [ _.Main._ ]                     "Principais  dependencias"                    
[ 29/04/2024-11:56:41 ] [ _.Main._ ] ----------------------------------------------------------------
[ 29/04/2024-11:56:41 ] [ _.Main._ ] "Controlador Backend" "Express" ":" "^4.19.2"
[ 29/04/2024-11:56:41 ] [ _.Main._ ] 
[ 29/04/2024-11:56:54 ] [ _.Main._ ] 
[ 29/04/2024-11:56:54 ] [ _.Main._ ] 	"░█▀▀" "░█▀█" "░█▀▄" "░█▀▀"      "░█▀█ ░█▀█ ░█▄ █ ░█▀▀ ░█"
[ 29/04/2024-11:56:54 ] [ _.Main._ ] 	"░█  " "░█░█" "░█▀▄" "░█▀▀"  ▀▀▀ "░█▀▀ ░█▀█ ░█ ▀█ ░█▀▀ ░█"
[ 29/04/2024-11:56:54 ] [ _.Main._ ] 	"░▀▀▀" "░▀▀▀" "░▀░▀" "░▀▀▀"      "░▀   ░▀ ▀ ░▀  ▀ ░▀▀▀ ░▀▀▀"
[ 29/04/2024-11:56:54 ] [ _.Main._ ] 
[ 29/04/2024-11:56:54 ] [ _.Main._ ] 
[ 29/04/2024-11:56:54 ] [ _.Main._ ] ----------------------------------------------------------------
[ 29/04/2024-11:56:54 ] [ _.Main._ ]                          "Estatisticas"                    
[ 29/04/2024-11:56:54 ] [ _.Main._ ] ----------------------------------------------------------------
[ 29/04/2024-11:56:54 ] [ _.Main._ ] "Versão:" "1.0.1"
[ 29/04/2024-11:56:54 ] [ _.Main._ ] "Modo:" "Desenvolvimento"
[ 29/04/2024-11:56:55 ] [ _.Main._ ] "Uptime de iniciação:" "3s "
[ 29/04/2024-11:56:55 ] [ _.Main._ ] "Linguagem Padrão:" "pt-BR"
[ 29/04/2024-11:56:55 ] [ _.Main._ ] "Envs Carregados:" "22"
[ 29/04/2024-11:56:55 ] [ _.Main._ ] "Middlewares Carregados:" "3"
[ 29/04/2024-11:56:55 ] [ _.Main._ ] "Rotas Carregadas:" "4"
[ 29/04/2024-11:56:55 ] [ _.Main._ ] "Iniciado:" "http://localhost:3000"
[ 29/04/2024-11:56:55 ] [ _.Main._ ] ----------------------------------------------------------------
[ 29/04/2024-11:56:55 ] [ _.Main._ ]                     "Principais  dependencias"                    
[ 29/04/2024-11:56:55 ] [ _.Main._ ] ----------------------------------------------------------------
[ 29/04/2024-11:56:55 ] [ _.Main._ ] "Controlador Backend" "Express" ":" "^4.19.2"
[ 29/04/2024-11:56:55 ] [ _.Main._ ] 
[ 29/04/2024-11:57:11 ] [ _.Main._ ] 
[ 29/04/2024-11:57:11 ] [ _.Main._ ] 	"░█▀▀" "░█▀█" "░█▀▄" "░█▀▀"      "░█▀█ ░█▀█ ░█▄ █ ░█▀▀ ░█"
[ 29/04/2024-11:57:11 ] [ _.Main._ ] 	"░█  " "░█░█" "░█▀▄" "░█▀▀"  ▀▀▀ "░█▀▀ ░█▀█ ░█ ▀█ ░█▀▀ ░█"
[ 29/04/2024-11:57:11 ] [ _.Main._ ] 	"░▀▀▀" "░▀▀▀" "░▀░▀" "░▀▀▀"      "░▀   ░▀ ▀ ░▀  ▀ ░▀▀▀ ░▀▀▀"
[ 29/04/2024-11:57:11 ] [ _.Main._ ] 
[ 29/04/2024-11:57:11 ] [ _.Main._ ] 
[ 29/04/2024-11:57:11 ] [ _.Main._ ] ----------------------------------------------------------------
[ 29/04/2024-11:57:11 ] [ _.Main._ ]                          "Estatisticas"                    
[ 29/04/2024-11:57:11 ] [ _.Main._ ] ----------------------------------------------------------------
[ 29/04/2024-11:57:11 ] [ _.Main._ ] "Versão:" "1.0.1"
[ 29/04/2024-11:57:11 ] [ _.Main._ ] "Modo:" "Desenvolvimento"
[ 29/04/2024-11:57:11 ] [ _.Main._ ] "Uptime de iniciação:" "3s "
[ 29/04/2024-11:57:11 ] [ _.Main._ ] "Linguagem Padrão:" "pt-BR"
[ 29/04/2024-11:57:11 ] [ _.Main._ ] "Envs Carregados:" "22"
[ 29/04/2024-11:57:11 ] [ _.Main._ ] "Middlewares Carregados:" "3"
[ 29/04/2024-11:57:11 ] [ _.Main._ ] "Rotas Carregadas:" "4"
[ 29/04/2024-11:57:11 ] [ _.Main._ ] "Iniciado:" "http://localhost:3000"
[ 29/04/2024-11:57:11 ] [ _.Main._ ] ----------------------------------------------------------------
[ 29/04/2024-11:57:11 ] [ _.Main._ ]                     "Principais  dependencias"                    
[ 29/04/2024-11:57:11 ] [ _.Main._ ] ----------------------------------------------------------------
[ 29/04/2024-11:57:11 ] [ _.Main._ ] "Controlador Backend" "Express" ":" "^4.19.2"
[ 29/04/2024-11:57:11 ] [ _.Main._ ] 
[ 29/04/2024-11:59:13 ] [ _.Main._ ] 
[ 29/04/2024-11:59:13 ] [ _.Main._ ] 	"░█▀▀" "░█▀█" "░█▀▄" "░█▀▀"      "░█▀█ ░█▀█ ░█▄ █ ░█▀▀ ░█"
[ 29/04/2024-11:59:13 ] [ _.Main._ ] 	"░█  " "░█░█" "░█▀▄" "░█▀▀"  ▀▀▀ "░█▀▀ ░█▀█ ░█ ▀█ ░█▀▀ ░█"
[ 29/04/2024-11:59:13 ] [ _.Main._ ] 	"░▀▀▀" "░▀▀▀" "░▀░▀" "░▀▀▀"      "░▀   ░▀ ▀ ░▀  ▀ ░▀▀▀ ░▀▀▀"
[ 29/04/2024-11:59:13 ] [ _.Main._ ] 
[ 29/04/2024-11:59:13 ] [ _.Main._ ] 
[ 29/04/2024-11:59:13 ] [ _.Main._ ] ----------------------------------------------------------------
[ 29/04/2024-11:59:13 ] [ _.Main._ ]                          "Estatisticas"                    
[ 29/04/2024-11:59:13 ] [ _.Main._ ] ----------------------------------------------------------------
[ 29/04/2024-11:59:13 ] [ _.Main._ ] "Versão:" "1.0.1"
[ 29/04/2024-11:59:13 ] [ _.Main._ ] "Modo:" "Desenvolvimento"
[ 29/04/2024-11:59:13 ] [ _.Main._ ] "Uptime de iniciação:" "2s "
[ 29/04/2024-11:59:13 ] [ _.Main._ ] "Linguagem Padrão:" "pt-BR"
[ 29/04/2024-11:59:13 ] [ _.Main._ ] "Envs Carregados:" "22"
[ 29/04/2024-11:59:13 ] [ _.Main._ ] "Middlewares Carregados:" "3"
[ 29/04/2024-11:59:13 ] [ _.Main._ ] "Rotas Carregadas:" "4"
[ 29/04/2024-11:59:13 ] [ _.Main._ ] "Iniciado:" "http://localhost:3000"
[ 29/04/2024-11:59:13 ] [ _.Main._ ] ----------------------------------------------------------------
[ 29/04/2024-11:59:13 ] [ _.Main._ ]                     "Principais  dependencias"                    
[ 29/04/2024-11:59:13 ] [ _.Main._ ] ----------------------------------------------------------------
[ 29/04/2024-11:59:13 ] [ _.Main._ ] "Controlador Backend" "Express" ":" "^4.19.2"
[ 29/04/2024-11:59:13 ] [ _.Main._ ] 
[ 29/04/2024-11:59:45 ] [ _.Main._ ] 
[ 29/04/2024-11:59:45 ] [ _.Main._ ] 	"░█▀▀" "░█▀█" "░█▀▄" "░█▀▀"      "░█▀█ ░█▀█ ░█▄ █ ░█▀▀ ░█"
[ 29/04/2024-11:59:45 ] [ _.Main._ ] 	"░█  " "░█░█" "░█▀▄" "░█▀▀"  ▀▀▀ "░█▀▀ ░█▀█ ░█ ▀█ ░█▀▀ ░█"
[ 29/04/2024-11:59:46 ] [ _.Main._ ] 	"░▀▀▀" "░▀▀▀" "░▀░▀" "░▀▀▀"      "░▀   ░▀ ▀ ░▀  ▀ ░▀▀▀ ░▀▀▀"
[ 29/04/2024-11:59:46 ] [ _.Main._ ] 
[ 29/04/2024-11:59:46 ] [ _.Main._ ] 
[ 29/04/2024-11:59:46 ] [ _.Main._ ] ----------------------------------------------------------------
[ 29/04/2024-11:59:46 ] [ _.Main._ ]                          "Estatisticas"                    
[ 29/04/2024-11:59:46 ] [ _.Main._ ] ----------------------------------------------------------------
[ 29/04/2024-11:59:46 ] [ _.Main._ ] "Versão:" "1.0.1"
[ 29/04/2024-11:59:46 ] [ _.Main._ ] "Modo:" "Desenvolvimento"
[ 29/04/2024-11:59:46 ] [ _.Main._ ] "Uptime de iniciação:" "2s "
[ 29/04/2024-11:59:46 ] [ _.Main._ ] "Linguagem Padrão:" "pt-BR"
[ 29/04/2024-11:59:46 ] [ _.Main._ ] "Envs Carregados:" "22"
[ 29/04/2024-11:59:46 ] [ _.Main._ ] "Middlewares Carregados:" "3"
[ 29/04/2024-11:59:46 ] [ _.Main._ ] "Rotas Carregadas:" "4"
[ 29/04/2024-11:59:46 ] [ _.Main._ ] "Iniciado:" "http://localhost:3000"
[ 29/04/2024-11:59:46 ] [ _.Main._ ] ----------------------------------------------------------------
[ 29/04/2024-11:59:46 ] [ _.Main._ ]                     "Principais  dependencias"                    
[ 29/04/2024-11:59:46 ] [ _.Main._ ] ----------------------------------------------------------------
[ 29/04/2024-11:59:46 ] [ _.Main._ ] "Controlador Backend" "Express" ":" "^4.19.2"
[ 29/04/2024-11:59:46 ] [ _.Main._ ] 
[ 29/04/2024-12:02:15 ] [ _.Main._ ] 
[ 29/04/2024-12:02:15 ] [ _.Main._ ] 	"░█▀▀" "░█▀█" "░█▀▄" "░█▀▀"      "░█▀█ ░█▀█ ░█▄ █ ░█▀▀ ░█"
[ 29/04/2024-12:02:15 ] [ _.Main._ ] 	"░█  " "░█░█" "░█▀▄" "░█▀▀"  ▀▀▀ "░█▀▀ ░█▀█ ░█ ▀█ ░█▀▀ ░█"
[ 29/04/2024-12:02:15 ] [ _.Main._ ] 	"░▀▀▀" "░▀▀▀" "░▀░▀" "░▀▀▀"      "░▀   ░▀ ▀ ░▀  ▀ ░▀▀▀ ░▀▀▀"
[ 29/04/2024-12:02:15 ] [ _.Main._ ] 
[ 29/04/2024-12:02:15 ] [ _.Main._ ] 
[ 29/04/2024-12:02:15 ] [ _.Main._ ] ----------------------------------------------------------------
[ 29/04/2024-12:02:15 ] [ _.Main._ ]                          "Estatisticas"                    
[ 29/04/2024-12:02:15 ] [ _.Main._ ] ----------------------------------------------------------------
[ 29/04/2024-12:02:15 ] [ _.Main._ ] "Versão:" "1.0.1"
[ 29/04/2024-12:02:15 ] [ _.Main._ ] "Modo:" "Desenvolvimento"
[ 29/04/2024-12:02:15 ] [ _.Main._ ] "Uptime de iniciação:" "3s "
[ 29/04/2024-12:02:15 ] [ _.Main._ ] "Linguagem Padrão:" "pt-BR"
[ 29/04/2024-12:02:15 ] [ _.Main._ ] "Envs Carregados:" "22"
[ 29/04/2024-12:02:16 ] [ _.Main._ ] "Middlewares Carregados:" "3"
[ 29/04/2024-12:02:16 ] [ _.Main._ ] "Rotas Carregadas:" "4"
[ 29/04/2024-12:02:16 ] [ _.Main._ ] "Iniciado:" "http://localhost:3000"
[ 29/04/2024-12:02:16 ] [ _.Main._ ] ----------------------------------------------------------------
[ 29/04/2024-12:02:16 ] [ _.Main._ ]                     "Principais  dependencias"                    
[ 29/04/2024-12:02:16 ] [ _.Main._ ] ----------------------------------------------------------------
[ 29/04/2024-12:02:16 ] [ _.Main._ ] "Controlador Backend" "Express" ":" "^4.19.2"
[ 29/04/2024-12:02:16 ] [ _.Main._ ] 
[ 29/04/2024-12:02:25 ] [ _.Main._ ] 
[ 29/04/2024-12:02:25 ] [ _.Main._ ] 	"░█▀▀" "░█▀█" "░█▀▄" "░█▀▀"      "░█▀█ ░█▀█ ░█▄ █ ░█▀▀ ░█"
[ 29/04/2024-12:02:25 ] [ _.Main._ ] 	"░█  " "░█░█" "░█▀▄" "░█▀▀"  ▀▀▀ "░█▀▀ ░█▀█ ░█ ▀█ ░█▀▀ ░█"
[ 29/04/2024-12:02:25 ] [ _.Main._ ] 	"░▀▀▀" "░▀▀▀" "░▀░▀" "░▀▀▀"      "░▀   ░▀ ▀ ░▀  ▀ ░▀▀▀ ░▀▀▀"
[ 29/04/2024-12:02:25 ] [ _.Main._ ] 
[ 29/04/2024-12:02:25 ] [ _.Main._ ] 
[ 29/04/2024-12:02:25 ] [ _.Main._ ] ----------------------------------------------------------------
[ 29/04/2024-12:02:25 ] [ _.Main._ ]                          "Estatisticas"                    
[ 29/04/2024-12:02:25 ] [ _.Main._ ] ----------------------------------------------------------------
[ 29/04/2024-12:02:25 ] [ _.Main._ ] "Versão:" "1.0.1"
[ 29/04/2024-12:02:25 ] [ _.Main._ ] "Modo:" "Desenvolvimento"
[ 29/04/2024-12:02:25 ] [ _.Main._ ] "Uptime de iniciação:" "3s "
[ 29/04/2024-12:02:25 ] [ _.Main._ ] "Linguagem Padrão:" "pt-BR"
[ 29/04/2024-12:02:25 ] [ _.Main._ ] "Envs Carregados:" "22"
[ 29/04/2024-12:02:25 ] [ _.Main._ ] "Middlewares Carregados:" "3"
[ 29/04/2024-12:02:25 ] [ _.Main._ ] "Rotas Carregadas:" "4"
[ 29/04/2024-12:02:25 ] [ _.Main._ ] "Iniciado:" "http://localhost:3000"
[ 29/04/2024-12:02:25 ] [ _.Main._ ] ----------------------------------------------------------------
[ 29/04/2024-12:02:25 ] [ _.Main._ ]                     "Principais  dependencias"                    
[ 29/04/2024-12:02:25 ] [ _.Main._ ] ----------------------------------------------------------------
[ 29/04/2024-12:02:25 ] [ _.Main._ ] "Controlador Backend" "Express" ":" "^4.19.2"
[ 29/04/2024-12:02:25 ] [ _.Main._ ] 
[ 29/04/2024-12:22:42 ] [ _.Main._ ] 
[ 29/04/2024-12:22:42 ] [ _.Main._ ] 	"░█▀▀" "░█▀█" "░█▀▄" "░█▀▀"      "░█▀█ ░█▀█ ░█▄ █ ░█▀▀ ░█"
[ 29/04/2024-12:22:42 ] [ _.Main._ ] 	"░█  " "░█░█" "░█▀▄" "░█▀▀"  ▀▀▀ "░█▀▀ ░█▀█ ░█ ▀█ ░█▀▀ ░█"
[ 29/04/2024-12:22:42 ] [ _.Main._ ] 	"░▀▀▀" "░▀▀▀" "░▀░▀" "░▀▀▀"      "░▀   ░▀ ▀ ░▀  ▀ ░▀▀▀ ░▀▀▀"
[ 29/04/2024-12:22:42 ] [ _.Main._ ] 
[ 29/04/2024-12:22:42 ] [ _.Main._ ] 
[ 29/04/2024-12:22:42 ] [ _.Main._ ] ----------------------------------------------------------------
[ 29/04/2024-12:22:42 ] [ _.Main._ ]                          "Estatisticas"                    
[ 29/04/2024-12:22:42 ] [ _.Main._ ] ----------------------------------------------------------------
[ 29/04/2024-12:22:42 ] [ _.Main._ ] "Versão:" "1.0.1"
[ 29/04/2024-12:22:42 ] [ _.Main._ ] "Modo:" "Desenvolvimento"
[ 29/04/2024-12:22:42 ] [ _.Main._ ] "Uptime de iniciação:" "5s "
[ 29/04/2024-12:22:42 ] [ _.Main._ ] "Linguagem Padrão:" "pt-BR"
[ 29/04/2024-12:22:43 ] [ _.Main._ ] "Envs Carregados:" "22"
[ 29/04/2024-12:22:43 ] [ _.Main._ ] "Middlewares Carregados:" "3"
[ 29/04/2024-12:22:43 ] [ _.Main._ ] "Rotas Carregadas:" "4"
[ 29/04/2024-12:22:43 ] [ _.Main._ ] "Iniciado:" "http://localhost:3000"
[ 29/04/2024-12:22:43 ] [ _.Main._ ] ----------------------------------------------------------------
[ 29/04/2024-12:22:43 ] [ _.Main._ ]                     "Principais  dependencias"                    
[ 29/04/2024-12:22:43 ] [ _.Main._ ] ----------------------------------------------------------------
[ 29/04/2024-12:22:43 ] [ _.Main._ ] "Controlador Backend" "Express" ":" "^4.19.2"
[ 29/04/2024-12:22:43 ] [ _.Main._ ] 
[ 29/04/2024-12:29:43 ] [ _.Main._ ] 
[ 29/04/2024-12:29:43 ] [ _.Main._ ] 	"░█▀▀" "░█▀█" "░█▀▄" "░█▀▀"      "░█▀█ ░█▀█ ░█▄ █ ░█▀▀ ░█"
[ 29/04/2024-12:29:43 ] [ _.Main._ ] 	"░█  " "░█░█" "░█▀▄" "░█▀▀"  ▀▀▀ "░█▀▀ ░█▀█ ░█ ▀█ ░█▀▀ ░█"
[ 29/04/2024-12:29:43 ] [ _.Main._ ] 	"░▀▀▀" "░▀▀▀" "░▀░▀" "░▀▀▀"      "░▀   ░▀ ▀ ░▀  ▀ ░▀▀▀ ░▀▀▀"
[ 29/04/2024-12:29:43 ] [ _.Main._ ] 
[ 29/04/2024-12:29:43 ] [ _.Main._ ] 
[ 29/04/2024-12:29:43 ] [ _.Main._ ] ----------------------------------------------------------------
[ 29/04/2024-12:29:43 ] [ _.Main._ ]                          "Estatisticas"                    
[ 29/04/2024-12:29:43 ] [ _.Main._ ] ----------------------------------------------------------------
[ 29/04/2024-12:29:43 ] [ _.Main._ ] "Versão:" "1.0.1"
[ 29/04/2024-12:29:43 ] [ _.Main._ ] "Modo:" "Desenvolvimento"
[ 29/04/2024-12:29:43 ] [ _.Main._ ] "Uptime de iniciação:" "4s "
[ 29/04/2024-12:29:43 ] [ _.Main._ ] "Linguagem Padrão:" "pt-BR"
[ 29/04/2024-12:29:43 ] [ _.Main._ ] "Envs Carregados:" "22"
[ 29/04/2024-12:29:43 ] [ _.Main._ ] "Middlewares Carregados:" "3"
[ 29/04/2024-12:29:44 ] [ _.Main._ ] "Rotas Carregadas:" "4"
[ 29/04/2024-12:29:44 ] [ _.Main._ ] "Iniciado:" "http://localhost:3000"
[ 29/04/2024-12:29:44 ] [ _.Main._ ] ----------------------------------------------------------------
[ 29/04/2024-12:29:44 ] [ _.Main._ ]                     "Principais  dependencias"                    
[ 29/04/2024-12:29:44 ] [ _.Main._ ] ----------------------------------------------------------------
[ 29/04/2024-12:29:44 ] [ _.Main._ ] "Controlador Backend" "Express" ":" "^4.19.2"
[ 29/04/2024-12:29:44 ] [ _.Main._ ] 
[ 29/04/2024-12:56:12 ] [ _.Main._ ] 
[ 29/04/2024-12:56:12 ] [ _.Main._ ] 	"░█▀▀" "░█▀█" "░█▀▄" "░█▀▀"      "░█▀█ ░█▀█ ░█▄ █ ░█▀▀ ░█"
[ 29/04/2024-12:56:12 ] [ _.Main._ ] 	"░█  " "░█░█" "░█▀▄" "░█▀▀"  ▀▀▀ "░█▀▀ ░█▀█ ░█ ▀█ ░█▀▀ ░█"
[ 29/04/2024-12:56:12 ] [ _.Main._ ] 	"░▀▀▀" "░▀▀▀" "░▀░▀" "░▀▀▀"      "░▀   ░▀ ▀ ░▀  ▀ ░▀▀▀ ░▀▀▀"
[ 29/04/2024-12:56:12 ] [ _.Main._ ] 
[ 29/04/2024-12:56:12 ] [ _.Main._ ] 
[ 29/04/2024-12:56:12 ] [ _.Main._ ] ----------------------------------------------------------------
[ 29/04/2024-12:56:12 ] [ _.Main._ ]                          "Estatisticas"                    
[ 29/04/2024-12:56:12 ] [ _.Main._ ] ----------------------------------------------------------------
[ 29/04/2024-12:56:12 ] [ _.Main._ ] "Versão:" "1.0.1"
[ 29/04/2024-12:56:12 ] [ _.Main._ ] "Modo:" "Desenvolvimento"
[ 29/04/2024-12:56:12 ] [ _.Main._ ] "Uptime de iniciação:" "3s "
[ 29/04/2024-12:56:12 ] [ _.Main._ ] "Linguagem Padrão:" "pt-BR"
[ 29/04/2024-12:56:12 ] [ _.Main._ ] "Envs Carregados:" "22"
[ 29/04/2024-12:56:12 ] [ _.Main._ ] "Middlewares Carregados:" "3"
[ 29/04/2024-12:56:12 ] [ _.Main._ ] "Rotas Carregadas:" "4"
[ 29/04/2024-12:56:12 ] [ _.Main._ ] "Iniciado:" "http://localhost:3000"
[ 29/04/2024-12:56:12 ] [ _.Main._ ] ----------------------------------------------------------------
[ 29/04/2024-12:56:13 ] [ _.Main._ ]                     "Principais  dependencias"                    
[ 29/04/2024-12:56:13 ] [ _.Main._ ] ----------------------------------------------------------------
[ 29/04/2024-12:56:13 ] [ _.Main._ ] "Controlador Backend" "Express" ":" "^4.19.2"
[ 29/04/2024-12:56:13 ] [ _.Main._ ] 
[ 29/04/2024-13:04:44 ] [ _.Main._ ] 
[ 29/04/2024-13:04:44 ] [ _.Main._ ] 	"░█▀▀" "░█▀█" "░█▀▄" "░█▀▀"      "░█▀█ ░█▀█ ░█▄ █ ░█▀▀ ░█"
[ 29/04/2024-13:04:44 ] [ _.Main._ ] 	"░█  " "░█░█" "░█▀▄" "░█▀▀"  ▀▀▀ "░█▀▀ ░█▀█ ░█ ▀█ ░█▀▀ ░█"
[ 29/04/2024-13:04:44 ] [ _.Main._ ] 	"░▀▀▀" "░▀▀▀" "░▀░▀" "░▀▀▀"      "░▀   ░▀ ▀ ░▀  ▀ ░▀▀▀ ░▀▀▀"
[ 29/04/2024-13:04:44 ] [ _.Main._ ] 
[ 29/04/2024-13:04:44 ] [ _.Main._ ] 
[ 29/04/2024-13:04:44 ] [ _.Main._ ] ----------------------------------------------------------------
[ 29/04/2024-13:04:45 ] [ _.Main._ ]                          "Estatisticas"                    
[ 29/04/2024-13:04:45 ] [ _.Main._ ] ----------------------------------------------------------------
[ 29/04/2024-13:04:45 ] [ _.Main._ ] "Versão:" "1.0.1"
[ 29/04/2024-13:04:45 ] [ _.Main._ ] "Modo:" "Desenvolvimento"
[ 29/04/2024-13:04:45 ] [ _.Main._ ] "Uptime de iniciação:" "3s "
[ 29/04/2024-13:04:45 ] [ _.Main._ ] "Linguagem Padrão:" "pt-BR"
[ 29/04/2024-13:04:45 ] [ _.Main._ ] "Envs Carregados:" "22"
[ 29/04/2024-13:04:45 ] [ _.Main._ ] "Middlewares Carregados:" "3"
[ 29/04/2024-13:04:45 ] [ _.Main._ ] "Rotas Carregadas:" "4"
[ 29/04/2024-13:04:45 ] [ _.Main._ ] "Iniciado:" "http://localhost:3000"
[ 29/04/2024-13:04:45 ] [ _.Main._ ] ----------------------------------------------------------------
[ 29/04/2024-13:04:45 ] [ _.Main._ ]                     "Principais  dependencias"                    
[ 29/04/2024-13:04:45 ] [ _.Main._ ] ----------------------------------------------------------------
[ 29/04/2024-13:04:45 ] [ _.Main._ ] "Controlador Backend" "Express" ":" "^4.19.2"
[ 29/04/2024-13:04:45 ] [ _.Main._ ] 
[ 29/04/2024-13:05:19 ] [ _.Main._ ] 
[ 29/04/2024-13:05:19 ] [ _.Main._ ] 	"░█▀▀" "░█▀█" "░█▀▄" "░█▀▀"      "░█▀█ ░█▀█ ░█▄ █ ░█▀▀ ░█"
[ 29/04/2024-13:05:19 ] [ _.Main._ ] 	"░█  " "░█░█" "░█▀▄" "░█▀▀"  ▀▀▀ "░█▀▀ ░█▀█ ░█ ▀█ ░█▀▀ ░█"
[ 29/04/2024-13:05:19 ] [ _.Main._ ] 	"░▀▀▀" "░▀▀▀" "░▀░▀" "░▀▀▀"      "░▀   ░▀ ▀ ░▀  ▀ ░▀▀▀ ░▀▀▀"
[ 29/04/2024-13:05:19 ] [ _.Main._ ] 
[ 29/04/2024-13:05:19 ] [ _.Main._ ] 
[ 29/04/2024-13:05:19 ] [ _.Main._ ] ----------------------------------------------------------------
[ 29/04/2024-13:05:19 ] [ _.Main._ ]                          "Estatisticas"                    
[ 29/04/2024-13:05:19 ] [ _.Main._ ] ----------------------------------------------------------------
[ 29/04/2024-13:05:19 ] [ _.Main._ ] "Versão:" "1.0.1"
[ 29/04/2024-13:05:19 ] [ _.Main._ ] "Modo:" "Desenvolvimento"
[ 29/04/2024-13:05:19 ] [ _.Main._ ] "Uptime de iniciação:" "3s "
[ 29/04/2024-13:05:19 ] [ _.Main._ ] "Linguagem Padrão:" "pt-BR"
[ 29/04/2024-13:05:19 ] [ _.Main._ ] "Envs Carregados:" "22"
[ 29/04/2024-13:05:19 ] [ _.Main._ ] "Middlewares Carregados:" "3"
[ 29/04/2024-13:05:19 ] [ _.Main._ ] "Rotas Carregadas:" "4"
[ 29/04/2024-13:05:19 ] [ _.Main._ ] "Iniciado:" "http://localhost:3000"
[ 29/04/2024-13:05:19 ] [ _.Main._ ] ----------------------------------------------------------------
[ 29/04/2024-13:05:19 ] [ _.Main._ ]                     "Principais  dependencias"                    
[ 29/04/2024-13:05:19 ] [ _.Main._ ] ----------------------------------------------------------------
[ 29/04/2024-13:05:19 ] [ _.Main._ ] "Controlador Backend" "Express" ":" "^4.19.2"
[ 29/04/2024-13:05:19 ] [ _.Main._ ] 
[ 29/04/2024-14:22:18 ] [ _.Main._ ] 
[ 29/04/2024-14:22:18 ] [ _.Main._ ] 	"░█▀▀" "░█▀█" "░█▀▄" "░█▀▀"      "░█▀█ ░█▀█ ░█▄ █ ░█▀▀ ░█"
[ 29/04/2024-14:22:18 ] [ _.Main._ ] 	"░█  " "░█░█" "░█▀▄" "░█▀▀"  ▀▀▀ "░█▀▀ ░█▀█ ░█ ▀█ ░█▀▀ ░█"
[ 29/04/2024-14:22:18 ] [ _.Main._ ] 	"░▀▀▀" "░▀▀▀" "░▀░▀" "░▀▀▀"      "░▀   ░▀ ▀ ░▀  ▀ ░▀▀▀ ░▀▀▀"
[ 29/04/2024-14:22:18 ] [ _.Main._ ] 
[ 29/04/2024-14:22:18 ] [ _.Main._ ] 
[ 29/04/2024-14:22:18 ] [ _.Main._ ] ----------------------------------------------------------------
[ 29/04/2024-14:22:18 ] [ _.Main._ ]                          "Estatisticas"                    
[ 29/04/2024-14:22:18 ] [ _.Main._ ] ----------------------------------------------------------------
[ 29/04/2024-14:22:18 ] [ _.Main._ ] "Versão:" "1.0.1"
[ 29/04/2024-14:22:18 ] [ _.Main._ ] "Modo:" "Desenvolvimento"
[ 29/04/2024-14:22:18 ] [ _.Main._ ] "Uptime de iniciação:" "9s "
[ 29/04/2024-14:22:18 ] [ _.Main._ ] "Linguagem Padrão:" "pt-BR"
[ 29/04/2024-14:22:18 ] [ _.Main._ ] "Envs Carregados:" "22"
[ 29/04/2024-14:22:18 ] [ _.Main._ ] "Middlewares Carregados:" "3"
[ 29/04/2024-14:22:18 ] [ _.Main._ ] "Rotas Carregadas:" "4"
[ 29/04/2024-14:22:18 ] [ _.Main._ ] "Iniciado:" "http://localhost:3000"
[ 29/04/2024-14:22:18 ] [ _.Main._ ] ----------------------------------------------------------------
[ 29/04/2024-14:22:18 ] [ _.Main._ ]                     "Principais  dependencias"                    
[ 29/04/2024-14:22:18 ] [ _.Main._ ] ----------------------------------------------------------------
[ 29/04/2024-14:22:18 ] [ _.Main._ ] "Controlador Backend" "Express" ":" "^4.19.2"
[ 29/04/2024-14:22:18 ] [ _.Main._ ] 
[ 29/04/2024-14:40:20 ] [ _.Main._ ] 
[ 29/04/2024-14:40:20 ] [ _.Main._ ] 	"░█▀▀" "░█▀█" "░█▀▄" "░█▀▀"      "░█▀█ ░█▀█ ░█▄ █ ░█▀▀ ░█"
[ 29/04/2024-14:40:20 ] [ _.Main._ ] 	"░█  " "░█░█" "░█▀▄" "░█▀▀"  ▀▀▀ "░█▀▀ ░█▀█ ░█ ▀█ ░█▀▀ ░█"
[ 29/04/2024-14:40:20 ] [ _.Main._ ] 	"░▀▀▀" "░▀▀▀" "░▀░▀" "░▀▀▀"      "░▀   ░▀ ▀ ░▀  ▀ ░▀▀▀ ░▀▀▀"
[ 29/04/2024-14:40:20 ] [ _.Main._ ] 
[ 29/04/2024-14:40:20 ] [ _.Main._ ] 
[ 29/04/2024-14:40:20 ] [ _.Main._ ] ----------------------------------------------------------------
[ 29/04/2024-14:40:20 ] [ _.Main._ ]                          "Estatisticas"                    
[ 29/04/2024-14:40:20 ] [ _.Main._ ] ----------------------------------------------------------------
[ 29/04/2024-14:40:20 ] [ _.Main._ ] "Versão:" "1.0.1"
[ 29/04/2024-14:40:20 ] [ _.Main._ ] "Modo:" "Desenvolvimento"
[ 29/04/2024-14:40:20 ] [ _.Main._ ] "Uptime de iniciação:" "7s "
[ 29/04/2024-14:40:21 ] [ _.Main._ ] "Linguagem Padrão:" "pt-BR"
[ 29/04/2024-14:40:21 ] [ _.Main._ ] "Envs Carregados:" "22"
[ 29/04/2024-14:40:21 ] [ _.Main._ ] "Middlewares Carregados:" "3"
[ 29/04/2024-14:40:21 ] [ _.Main._ ] "Rotas Carregadas:" "4"
[ 29/04/2024-14:40:21 ] [ _.Main._ ] "Iniciado:" "http://localhost:3000"
[ 29/04/2024-14:40:21 ] [ _.Main._ ] ----------------------------------------------------------------
[ 29/04/2024-14:40:21 ] [ _.Main._ ]                     "Principais  dependencias"                    
[ 29/04/2024-14:40:21 ] [ _.Main._ ] ----------------------------------------------------------------
[ 29/04/2024-14:40:21 ] [ _.Main._ ] "Controlador Backend" "Express" ":" "^4.19.2"
[ 29/04/2024-14:40:21 ] [ _.Main._ ] 
[ 29/04/2024-15:30:26 ] [ _.Main._ ] 
[ 29/04/2024-15:30:26 ] [ _.Main._ ] 	"░█▀▀" "░█▀█" "░█▀▄" "░█▀▀"      "░█▀█ ░█▀█ ░█▄ █ ░█▀▀ ░█"
[ 29/04/2024-15:30:26 ] [ _.Main._ ] 	"░█  " "░█░█" "░█▀▄" "░█▀▀"  ▀▀▀ "░█▀▀ ░█▀█ ░█ ▀█ ░█▀▀ ░█"
[ 29/04/2024-15:30:27 ] [ _.Main._ ] 	"░▀▀▀" "░▀▀▀" "░▀░▀" "░▀▀▀"      "░▀   ░▀ ▀ ░▀  ▀ ░▀▀▀ ░▀▀▀"
[ 29/04/2024-15:30:27 ] [ _.Main._ ] 
[ 29/04/2024-15:30:27 ] [ _.Main._ ] 
[ 29/04/2024-15:30:27 ] [ _.Main._ ] ----------------------------------------------------------------
[ 29/04/2024-15:30:27 ] [ _.Main._ ]                          "Estatisticas"                    
[ 29/04/2024-15:30:27 ] [ _.Main._ ] ----------------------------------------------------------------
[ 29/04/2024-15:30:27 ] [ _.Main._ ] "Versão:" "1.0.1"
[ 29/04/2024-15:30:27 ] [ _.Main._ ] "Modo:" "Desenvolvimento"
[ 29/04/2024-15:30:27 ] [ _.Main._ ] "Uptime de iniciação:" "7s "
[ 29/04/2024-15:30:27 ] [ _.Main._ ] "Linguagem Padrão:" "pt-BR"
[ 29/04/2024-15:30:27 ] [ _.Main._ ] "Envs Carregados:" "22"
[ 29/04/2024-15:30:27 ] [ _.Main._ ] "Middlewares Carregados:" "3"
[ 29/04/2024-15:30:27 ] [ _.Main._ ] "Rotas Carregadas:" "5"
[ 29/04/2024-15:30:27 ] [ _.Main._ ] "Iniciado:" "http://localhost:3000"
[ 29/04/2024-15:30:27 ] [ _.Main._ ] ----------------------------------------------------------------
[ 29/04/2024-15:30:27 ] [ _.Main._ ]                     "Principais  dependencias"                    
[ 29/04/2024-15:30:27 ] [ _.Main._ ] ----------------------------------------------------------------
[ 29/04/2024-15:30:27 ] [ _.Main._ ] "Controlador Backend" "Express" ":" "^4.19.2"
[ 29/04/2024-15:30:27 ] [ _.Main._ ] 
[ 29/04/2024-15:31:03 ] [ _.Main._ ] 
[ 29/04/2024-15:31:03 ] [ _.Main._ ] 	"░█▀▀" "░█▀█" "░█▀▄" "░█▀▀"      "░█▀█ ░█▀█ ░█▄ █ ░█▀▀ ░█"
[ 29/04/2024-15:31:03 ] [ _.Main._ ] 	"░█  " "░█░█" "░█▀▄" "░█▀▀"  ▀▀▀ "░█▀▀ ░█▀█ ░█ ▀█ ░█▀▀ ░█"
[ 29/04/2024-15:31:03 ] [ _.Main._ ] 	"░▀▀▀" "░▀▀▀" "░▀░▀" "░▀▀▀"      "░▀   ░▀ ▀ ░▀  ▀ ░▀▀▀ ░▀▀▀"
[ 29/04/2024-15:31:03 ] [ _.Main._ ] 
[ 29/04/2024-15:31:03 ] [ _.Main._ ] 
[ 29/04/2024-15:31:03 ] [ _.Main._ ] ----------------------------------------------------------------
[ 29/04/2024-15:31:03 ] [ _.Main._ ]                          "Estatisticas"                    
[ 29/04/2024-15:31:03 ] [ _.Main._ ] ----------------------------------------------------------------
[ 29/04/2024-15:31:03 ] [ _.Main._ ] "Versão:" "1.0.1"
[ 29/04/2024-15:31:03 ] [ _.Main._ ] "Modo:" "Desenvolvimento"
[ 29/04/2024-15:31:03 ] [ _.Main._ ] "Uptime de iniciação:" "6s "
[ 29/04/2024-15:31:03 ] [ _.Main._ ] "Linguagem Padrão:" "pt-BR"
[ 29/04/2024-15:31:03 ] [ _.Main._ ] "Envs Carregados:" "22"
[ 29/04/2024-15:31:03 ] [ _.Main._ ] "Middlewares Carregados:" "3"
[ 29/04/2024-15:31:03 ] [ _.Main._ ] "Rotas Carregadas:" "5"
[ 29/04/2024-15:31:03 ] [ _.Main._ ] "Iniciado:" "http://localhost:3000"
[ 29/04/2024-15:31:03 ] [ _.Main._ ] ----------------------------------------------------------------
[ 29/04/2024-15:31:03 ] [ _.Main._ ]                     "Principais  dependencias"                    
[ 29/04/2024-15:31:03 ] [ _.Main._ ] ----------------------------------------------------------------
[ 29/04/2024-15:31:03 ] [ _.Main._ ] "Controlador Backend" "Express" ":" "^4.19.2"
[ 29/04/2024-15:31:03 ] [ _.Main._ ] 
[ 29/04/2024-23:35:04 ] [ _.Main._ ] 
[ 29/04/2024-23:35:04 ] [ _.Main._ ] 	"░█▀▀" "░█▀█" "░█▀▄" "░█▀▀"      "░█▀█ ░█▀█ ░█▄ █ ░█▀▀ ░█"
[ 29/04/2024-23:35:04 ] [ _.Main._ ] 	"░█  " "░█░█" "░█▀▄" "░█▀▀"  ▀▀▀ "░█▀▀ ░█▀█ ░█ ▀█ ░█▀▀ ░█"
[ 29/04/2024-23:35:04 ] [ _.Main._ ] 	"░▀▀▀" "░▀▀▀" "░▀░▀" "░▀▀▀"      "░▀   ░▀ ▀ ░▀  ▀ ░▀▀▀ ░▀▀▀"
[ 29/04/2024-23:35:04 ] [ _.Main._ ] 
[ 29/04/2024-23:35:04 ] [ _.Main._ ] 
[ 29/04/2024-23:35:04 ] [ _.Main._ ] ----------------------------------------------------------------
[ 29/04/2024-23:35:04 ] [ _.Main._ ]                          "Estatisticas"                    
[ 29/04/2024-23:35:05 ] [ _.Main._ ] ----------------------------------------------------------------
[ 29/04/2024-23:35:05 ] [ _.Main._ ] "Versão:" "1.0.1"
[ 29/04/2024-23:35:06 ] [ _.Main._ ] "Modo:" "Desenvolvimento"
[ 29/04/2024-23:35:06 ] [ _.Main._ ] "Uptime de iniciação:" "10s "
[ 29/04/2024-23:35:06 ] [ _.Main._ ] "Linguagem Padrão:" "pt-BR"
[ 29/04/2024-23:35:06 ] [ _.Main._ ] "Envs Carregados:" "22"
[ 29/04/2024-23:35:06 ] [ _.Main._ ] "Middlewares Carregados:" "3"
[ 29/04/2024-23:35:06 ] [ _.Main._ ] "Rotas Carregadas:" "5"
[ 29/04/2024-23:35:06 ] [ _.Main._ ] "Iniciado:" "http://localhost:3000"
[ 29/04/2024-23:35:06 ] [ _.Main._ ] ----------------------------------------------------------------
[ 29/04/2024-23:35:06 ] [ _.Main._ ]                     "Principais  dependencias"                    
[ 29/04/2024-23:35:06 ] [ _.Main._ ] ----------------------------------------------------------------
[ 29/04/2024-23:35:06 ] [ _.Main._ ] "Controlador Backend" "Express" ":" "^4.19.2"
[ 29/04/2024-23:35:06 ] [ _.Main._ ] 
