[ 30/04/2024-00:10:08 ] [ _.Main._ ] 
[ 30/04/2024-00:10:08 ] [ _.Main._ ] 	"░█▀▀" "░█▀█" "░█▀▄" "░█▀▀"      "░█▀█ ░█▀█ ░█▄ █ ░█▀▀ ░█"
[ 30/04/2024-00:10:08 ] [ _.Main._ ] 	"░█  " "░█░█" "░█▀▄" "░█▀▀"  ▀▀▀ "░█▀▀ ░█▀█ ░█ ▀█ ░█▀▀ ░█"
[ 30/04/2024-00:10:08 ] [ _.Main._ ] 	"░▀▀▀" "░▀▀▀" "░▀░▀" "░▀▀▀"      "░▀   ░▀ ▀ ░▀  ▀ ░▀▀▀ ░▀▀▀"
[ 30/04/2024-00:10:09 ] [ _.Main._ ] 
[ 30/04/2024-00:10:09 ] [ _.Main._ ] 
[ 30/04/2024-00:10:09 ] [ _.Main._ ] ----------------------------------------------------------------
[ 30/04/2024-00:10:09 ] [ _.Main._ ]                          "Estatisticas"                    
[ 30/04/2024-00:10:09 ] [ _.Main._ ] ----------------------------------------------------------------
[ 30/04/2024-00:10:09 ] [ _.Main._ ] "Versão:" "1.0.1"
[ 30/04/2024-00:10:09 ] [ _.Main._ ] "Modo:" "Desenvolvimento"
[ 30/04/2024-00:10:09 ] [ _.Main._ ] "Uptime de iniciação:" "3s "
[ 30/04/2024-00:10:09 ] [ _.Main._ ] "Linguagem Padrão:" "pt-BR"
[ 30/04/2024-00:10:09 ] [ _.Main._ ] "Envs Carregados:" "22"
[ 30/04/2024-00:10:09 ] [ _.Main._ ] "Middlewares Carregados:" "3"
[ 30/04/2024-00:10:09 ] [ _.Main._ ] "Rotas Carregadas:" "5"
[ 30/04/2024-00:10:09 ] [ _.Main._ ] "Iniciado:" "http://localhost:3000"
[ 30/04/2024-00:10:09 ] [ _.Main._ ] ----------------------------------------------------------------
[ 30/04/2024-00:10:09 ] [ _.Main._ ]                     "Principais  dependencias"                    
[ 30/04/2024-00:10:09 ] [ _.Main._ ] ----------------------------------------------------------------
[ 30/04/2024-00:10:09 ] [ _.Main._ ] "Controlador Backend" "Express" ":" "^4.19.2"
[ 30/04/2024-00:10:09 ] [ _.Main._ ] 
[ 30/04/2024-00:10:35 ] [ _.Main._ ] 
[ 30/04/2024-00:10:35 ] [ _.Main._ ] 	"░█▀▀" "░█▀█" "░█▀▄" "░█▀▀"      "░█▀█ ░█▀█ ░█▄ █ ░█▀▀ ░█"
[ 30/04/2024-00:10:35 ] [ _.Main._ ] 	"░█  " "░█░█" "░█▀▄" "░█▀▀"  ▀▀▀ "░█▀▀ ░█▀█ ░█ ▀█ ░█▀▀ ░█"
[ 30/04/2024-00:10:35 ] [ _.Main._ ] 	"░▀▀▀" "░▀▀▀" "░▀░▀" "░▀▀▀"      "░▀   ░▀ ▀ ░▀  ▀ ░▀▀▀ ░▀▀▀"
[ 30/04/2024-00:10:35 ] [ _.Main._ ] 
[ 30/04/2024-00:10:35 ] [ _.Main._ ] 
[ 30/04/2024-00:10:35 ] [ _.Main._ ] ----------------------------------------------------------------
[ 30/04/2024-00:10:35 ] [ _.Main._ ]                          "Estatisticas"                    
[ 30/04/2024-00:10:35 ] [ _.Main._ ] ----------------------------------------------------------------
[ 30/04/2024-00:10:35 ] [ _.Main._ ] "Versão:" "1.0.1"
[ 30/04/2024-00:10:35 ] [ _.Main._ ] "Modo:" "Desenvolvimento"
[ 30/04/2024-00:10:35 ] [ _.Main._ ] "Uptime de iniciação:" "3s "
[ 30/04/2024-00:10:35 ] [ _.Main._ ] "Linguagem Padrão:" "pt-BR"
[ 30/04/2024-00:10:35 ] [ _.Main._ ] "Envs Carregados:" "22"
[ 30/04/2024-00:10:35 ] [ _.Main._ ] "Middlewares Carregados:" "3"
[ 30/04/2024-00:10:35 ] [ _.Main._ ] "Rotas Carregadas:" "5"
[ 30/04/2024-00:10:35 ] [ _.Main._ ] "Iniciado:" "http://localhost:3000"
[ 30/04/2024-00:10:35 ] [ _.Main._ ] ----------------------------------------------------------------
[ 30/04/2024-00:10:35 ] [ _.Main._ ]                     "Principais  dependencias"                    
[ 30/04/2024-00:10:35 ] [ _.Main._ ] ----------------------------------------------------------------
[ 30/04/2024-00:10:35 ] [ _.Main._ ] "Controlador Backend" "Express" ":" "^4.19.2"
[ 30/04/2024-00:10:35 ] [ _.Main._ ] 
[ 30/04/2024-00:10:55 ] [ _.Main._ ] 
[ 30/04/2024-00:10:55 ] [ _.Main._ ] 	"░█▀▀" "░█▀█" "░█▀▄" "░█▀▀"      "░█▀█ ░█▀█ ░█▄ █ ░█▀▀ ░█"
[ 30/04/2024-00:10:55 ] [ _.Main._ ] 	"░█  " "░█░█" "░█▀▄" "░█▀▀"  ▀▀▀ "░█▀▀ ░█▀█ ░█ ▀█ ░█▀▀ ░█"
[ 30/04/2024-00:10:55 ] [ _.Main._ ] 	"░▀▀▀" "░▀▀▀" "░▀░▀" "░▀▀▀"      "░▀   ░▀ ▀ ░▀  ▀ ░▀▀▀ ░▀▀▀"
[ 30/04/2024-00:10:55 ] [ _.Main._ ] 
[ 30/04/2024-00:10:55 ] [ _.Main._ ] 
[ 30/04/2024-00:10:55 ] [ _.Main._ ] ----------------------------------------------------------------
[ 30/04/2024-00:10:56 ] [ _.Main._ ]                          "Estatisticas"                    
[ 30/04/2024-00:10:56 ] [ _.Main._ ] ----------------------------------------------------------------
[ 30/04/2024-00:10:56 ] [ _.Main._ ] "Versão:" "1.0.1"
[ 30/04/2024-00:10:56 ] [ _.Main._ ] "Modo:" "Desenvolvimento"
[ 30/04/2024-00:10:56 ] [ _.Main._ ] "Uptime de iniciação:" "7s "
[ 30/04/2024-00:10:56 ] [ _.Main._ ] "Linguagem Padrão:" "pt-BR"
[ 30/04/2024-00:10:56 ] [ _.Main._ ] "Envs Carregados:" "22"
[ 30/04/2024-00:10:56 ] [ _.Main._ ] "Middlewares Carregados:" "3"
[ 30/04/2024-00:10:56 ] [ _.Main._ ] "Rotas Carregadas:" "5"
[ 30/04/2024-00:10:56 ] [ _.Main._ ] "Iniciado:" "http://localhost:3000"
[ 30/04/2024-00:10:56 ] [ _.Main._ ] ----------------------------------------------------------------
[ 30/04/2024-00:10:56 ] [ _.Main._ ]                     "Principais  dependencias"                    
[ 30/04/2024-00:10:56 ] [ _.Main._ ] ----------------------------------------------------------------
[ 30/04/2024-00:10:56 ] [ _.Main._ ] "Controlador Backend" "Express" ":" "^4.19.2"
[ 30/04/2024-00:10:56 ] [ _.Main._ ] 
[ 30/04/2024-00:11:29 ] [ _.Main._ ] 
[ 30/04/2024-00:11:29 ] [ _.Main._ ] 	"░█▀▀" "░█▀█" "░█▀▄" "░█▀▀"      "░█▀█ ░█▀█ ░█▄ █ ░█▀▀ ░█"
[ 30/04/2024-00:11:29 ] [ _.Main._ ] 	"░█  " "░█░█" "░█▀▄" "░█▀▀"  ▀▀▀ "░█▀▀ ░█▀█ ░█ ▀█ ░█▀▀ ░█"
[ 30/04/2024-00:11:29 ] [ _.Main._ ] 	"░▀▀▀" "░▀▀▀" "░▀░▀" "░▀▀▀"      "░▀   ░▀ ▀ ░▀  ▀ ░▀▀▀ ░▀▀▀"
[ 30/04/2024-00:11:29 ] [ _.Main._ ] 
[ 30/04/2024-00:11:29 ] [ _.Main._ ] 
[ 30/04/2024-00:11:29 ] [ _.Main._ ] ----------------------------------------------------------------
[ 30/04/2024-00:11:29 ] [ _.Main._ ]                          "Estatisticas"                    
[ 30/04/2024-00:11:29 ] [ _.Main._ ] ----------------------------------------------------------------
[ 30/04/2024-00:11:29 ] [ _.Main._ ] "Versão:" "1.0.1"
[ 30/04/2024-00:11:29 ] [ _.Main._ ] "Modo:" "Desenvolvimento"
[ 30/04/2024-00:11:29 ] [ _.Main._ ] "Uptime de iniciação:" "6s "
[ 30/04/2024-00:11:29 ] [ _.Main._ ] "Linguagem Padrão:" "pt-BR"
[ 30/04/2024-00:11:29 ] [ _.Main._ ] "Envs Carregados:" "22"
[ 30/04/2024-00:11:29 ] [ _.Main._ ] "Middlewares Carregados:" "3"
[ 30/04/2024-00:11:29 ] [ _.Main._ ] "Rotas Carregadas:" "5"
[ 30/04/2024-00:11:29 ] [ _.Main._ ] "Iniciado:" "http://localhost:3000"
[ 30/04/2024-00:11:29 ] [ _.Main._ ] ----------------------------------------------------------------
[ 30/04/2024-00:11:29 ] [ _.Main._ ]                     "Principais  dependencias"                    
[ 30/04/2024-00:11:29 ] [ _.Main._ ] ----------------------------------------------------------------
[ 30/04/2024-00:11:29 ] [ _.Main._ ] "Controlador Backend" "Express" ":" "^4.19.2"
[ 30/04/2024-00:11:29 ] [ _.Main._ ] 
[ 30/04/2024-00:12:23 ] [ _.Main._ ] 
[ 30/04/2024-00:12:23 ] [ _.Main._ ] 	"░█▀▀" "░█▀█" "░█▀▄" "░█▀▀"      "░█▀█ ░█▀█ ░█▄ █ ░█▀▀ ░█"
[ 30/04/2024-00:12:23 ] [ _.Main._ ] 	"░█  " "░█░█" "░█▀▄" "░█▀▀"  ▀▀▀ "░█▀▀ ░█▀█ ░█ ▀█ ░█▀▀ ░█"
[ 30/04/2024-00:12:23 ] [ _.Main._ ] 	"░▀▀▀" "░▀▀▀" "░▀░▀" "░▀▀▀"      "░▀   ░▀ ▀ ░▀  ▀ ░▀▀▀ ░▀▀▀"
[ 30/04/2024-00:12:23 ] [ _.Main._ ] 
[ 30/04/2024-00:12:23 ] [ _.Main._ ] 
[ 30/04/2024-00:12:23 ] [ _.Main._ ] ----------------------------------------------------------------
[ 30/04/2024-00:12:23 ] [ _.Main._ ]                          "Estatisticas"                    
[ 30/04/2024-00:12:23 ] [ _.Main._ ] ----------------------------------------------------------------
[ 30/04/2024-00:12:23 ] [ _.Main._ ] "Versão:" "1.0.1"
[ 30/04/2024-00:12:23 ] [ _.Main._ ] "Modo:" "Desenvolvimento"
[ 30/04/2024-00:12:23 ] [ _.Main._ ] "Uptime de iniciação:" "4s "
[ 30/04/2024-00:12:23 ] [ _.Main._ ] "Linguagem Padrão:" "pt-BR"
[ 30/04/2024-00:12:23 ] [ _.Main._ ] "Envs Carregados:" "22"
[ 30/04/2024-00:12:23 ] [ _.Main._ ] "Middlewares Carregados:" "3"
[ 30/04/2024-00:12:23 ] [ _.Main._ ] "Rotas Carregadas:" "5"
[ 30/04/2024-00:12:23 ] [ _.Main._ ] "Iniciado:" "http://localhost:3000"
[ 30/04/2024-00:12:23 ] [ _.Main._ ] ----------------------------------------------------------------
[ 30/04/2024-00:12:23 ] [ _.Main._ ]                     "Principais  dependencias"                    
[ 30/04/2024-00:12:23 ] [ _.Main._ ] ----------------------------------------------------------------
[ 30/04/2024-00:12:23 ] [ _.Main._ ] "Controlador Backend" "Express" ":" "^4.19.2"
[ 30/04/2024-00:12:23 ] [ _.Main._ ] 
[ 30/04/2024-00:12:30 ] [ _.Main._ ] 
[ 30/04/2024-00:12:30 ] [ _.Main._ ] 	"░█▀▀" "░█▀█" "░█▀▄" "░█▀▀"      "░█▀█ ░█▀█ ░█▄ █ ░█▀▀ ░█"
[ 30/04/2024-00:12:30 ] [ _.Main._ ] 	"░█  " "░█░█" "░█▀▄" "░█▀▀"  ▀▀▀ "░█▀▀ ░█▀█ ░█ ▀█ ░█▀▀ ░█"
[ 30/04/2024-00:12:30 ] [ _.Main._ ] 	"░▀▀▀" "░▀▀▀" "░▀░▀" "░▀▀▀"      "░▀   ░▀ ▀ ░▀  ▀ ░▀▀▀ ░▀▀▀"
[ 30/04/2024-00:12:30 ] [ _.Main._ ] 
[ 30/04/2024-00:12:30 ] [ _.Main._ ] 
[ 30/04/2024-00:12:30 ] [ _.Main._ ] ----------------------------------------------------------------
[ 30/04/2024-00:12:30 ] [ _.Main._ ]                          "Estatisticas"                    
[ 30/04/2024-00:12:30 ] [ _.Main._ ] ----------------------------------------------------------------
[ 30/04/2024-00:12:30 ] [ _.Main._ ] "Versão:" "1.0.1"
[ 30/04/2024-00:12:30 ] [ _.Main._ ] "Modo:" "Desenvolvimento"
[ 30/04/2024-00:12:30 ] [ _.Main._ ] "Uptime de iniciação:" "5s "
[ 30/04/2024-00:12:30 ] [ _.Main._ ] "Linguagem Padrão:" "pt-BR"
[ 30/04/2024-00:12:30 ] [ _.Main._ ] "Envs Carregados:" "22"
[ 30/04/2024-00:12:30 ] [ _.Main._ ] "Middlewares Carregados:" "3"
[ 30/04/2024-00:12:30 ] [ _.Main._ ] "Rotas Carregadas:" "5"
[ 30/04/2024-00:12:30 ] [ _.Main._ ] "Iniciado:" "http://localhost:3000"
[ 30/04/2024-00:12:30 ] [ _.Main._ ] ----------------------------------------------------------------
[ 30/04/2024-00:12:31 ] [ _.Main._ ]                     "Principais  dependencias"                    
[ 30/04/2024-00:12:31 ] [ _.Main._ ] ----------------------------------------------------------------
[ 30/04/2024-00:12:31 ] [ _.Main._ ] "Controlador Backend" "Express" ":" "^4.19.2"
[ 30/04/2024-00:12:31 ] [ _.Main._ ] 
[ 30/04/2024-00:12:39 ] [ _.Main._ ] 
[ 30/04/2024-00:12:39 ] [ _.Main._ ] 	"░█▀▀" "░█▀█" "░█▀▄" "░█▀▀"      "░█▀█ ░█▀█ ░█▄ █ ░█▀▀ ░█"
[ 30/04/2024-00:12:39 ] [ _.Main._ ] 	"░█  " "░█░█" "░█▀▄" "░█▀▀"  ▀▀▀ "░█▀▀ ░█▀█ ░█ ▀█ ░█▀▀ ░█"
[ 30/04/2024-00:12:39 ] [ _.Main._ ] 	"░▀▀▀" "░▀▀▀" "░▀░▀" "░▀▀▀"      "░▀   ░▀ ▀ ░▀  ▀ ░▀▀▀ ░▀▀▀"
[ 30/04/2024-00:12:39 ] [ _.Main._ ] 
[ 30/04/2024-00:12:39 ] [ _.Main._ ] 
[ 30/04/2024-00:12:39 ] [ _.Main._ ] ----------------------------------------------------------------
[ 30/04/2024-00:12:39 ] [ _.Main._ ]                          "Estatisticas"                    
[ 30/04/2024-00:12:39 ] [ _.Main._ ] ----------------------------------------------------------------
[ 30/04/2024-00:12:39 ] [ _.Main._ ] "Versão:" "1.0.1"
[ 30/04/2024-00:12:39 ] [ _.Main._ ] "Modo:" "Desenvolvimento"
[ 30/04/2024-00:12:39 ] [ _.Main._ ] "Uptime de iniciação:" "6s "
[ 30/04/2024-00:12:39 ] [ _.Main._ ] "Linguagem Padrão:" "pt-BR"
[ 30/04/2024-00:12:39 ] [ _.Main._ ] "Envs Carregados:" "22"
[ 30/04/2024-00:12:39 ] [ _.Main._ ] "Middlewares Carregados:" "3"
[ 30/04/2024-00:12:39 ] [ _.Main._ ] "Rotas Carregadas:" "5"
[ 30/04/2024-00:12:39 ] [ _.Main._ ] "Iniciado:" "http://localhost:3000"
[ 30/04/2024-00:12:39 ] [ _.Main._ ] ----------------------------------------------------------------
[ 30/04/2024-00:12:39 ] [ _.Main._ ]                     "Principais  dependencias"                    
[ 30/04/2024-00:12:39 ] [ _.Main._ ] ----------------------------------------------------------------
[ 30/04/2024-00:12:39 ] [ _.Main._ ] "Controlador Backend" "Express" ":" "^4.19.2"
[ 30/04/2024-00:12:39 ] [ _.Main._ ] 
[ 30/04/2024-23:50:18 ] [ _.Main._ ] 
[ 30/04/2024-23:50:18 ] [ _.Main._ ] 	"░█▀▀" "░█▀█" "░█▀▄" "░█▀▀"      "░█▀█ ░█▀█ ░█▄ █ ░█▀▀ ░█"
[ 30/04/2024-23:50:18 ] [ _.Main._ ] 	"░█  " "░█░█" "░█▀▄" "░█▀▀"  ▀▀▀ "░█▀▀ ░█▀█ ░█ ▀█ ░█▀▀ ░█"
[ 30/04/2024-23:50:18 ] [ _.Main._ ] 	"░▀▀▀" "░▀▀▀" "░▀░▀" "░▀▀▀"      "░▀   ░▀ ▀ ░▀  ▀ ░▀▀▀ ░▀▀▀"
[ 30/04/2024-23:50:18 ] [ _.Main._ ] 
[ 30/04/2024-23:50:18 ] [ _.Main._ ] 
[ 30/04/2024-23:50:18 ] [ _.Main._ ] ----------------------------------------------------------------
[ 30/04/2024-23:50:18 ] [ _.Main._ ]                          "Estatisticas"                    
[ 30/04/2024-23:50:18 ] [ _.Main._ ] ----------------------------------------------------------------
[ 30/04/2024-23:50:18 ] [ _.Main._ ] "Versão:" "1.0.1"
[ 30/04/2024-23:50:18 ] [ _.Main._ ] "Modo:" "Desenvolvimento"
[ 30/04/2024-23:50:18 ] [ _.Main._ ] "Uptime de iniciação:" "2s "
[ 30/04/2024-23:50:18 ] [ _.Main._ ] "Linguagem Padrão:" "pt-BR"
[ 30/04/2024-23:50:18 ] [ _.Main._ ] "Envs Carregados:" "22"
[ 30/04/2024-23:50:18 ] [ _.Main._ ] "Middlewares Carregados:" "3"
[ 30/04/2024-23:50:18 ] [ _.Main._ ] "Rotas Carregadas:" "5"
[ 30/04/2024-23:50:18 ] [ _.Main._ ] "Iniciado:" "http://localhost:3000"
[ 30/04/2024-23:50:18 ] [ _.Main._ ] ----------------------------------------------------------------
[ 30/04/2024-23:50:18 ] [ _.Main._ ]                     "Principais  dependencias"                    
[ 30/04/2024-23:50:18 ] [ _.Main._ ] ----------------------------------------------------------------
[ 30/04/2024-23:50:18 ] [ _.Main._ ] "Controlador Backend" "Express" ":" "^4.19.2"
[ 30/04/2024-23:50:18 ] [ _.Main._ ] 
[ 30/04/2024-23:54:58 ] [ _.Main._ ] 
[ 30/04/2024-23:54:58 ] [ _.Main._ ] 	"░█▀▀" "░█▀█" "░█▀▄" "░█▀▀"      "░█▀█ ░█▀█ ░█▄ █ ░█▀▀ ░█"
[ 30/04/2024-23:54:58 ] [ _.Main._ ] 	"░█  " "░█░█" "░█▀▄" "░█▀▀"  ▀▀▀ "░█▀▀ ░█▀█ ░█ ▀█ ░█▀▀ ░█"
[ 30/04/2024-23:54:58 ] [ _.Main._ ] 	"░▀▀▀" "░▀▀▀" "░▀░▀" "░▀▀▀"      "░▀   ░▀ ▀ ░▀  ▀ ░▀▀▀ ░▀▀▀"
[ 30/04/2024-23:54:58 ] [ _.Main._ ] 
[ 30/04/2024-23:54:58 ] [ _.Main._ ] 
[ 30/04/2024-23:54:58 ] [ _.Main._ ] ----------------------------------------------------------------
[ 30/04/2024-23:54:58 ] [ _.Main._ ]                          "Estatisticas"                    
[ 30/04/2024-23:54:58 ] [ _.Main._ ] ----------------------------------------------------------------
[ 30/04/2024-23:54:58 ] [ _.Main._ ] "Versão:" "1.0.1"
[ 30/04/2024-23:54:58 ] [ _.Main._ ] "Modo:" "Desenvolvimento"
[ 30/04/2024-23:54:58 ] [ _.Main._ ] "Uptime de iniciação:" "2s "
[ 30/04/2024-23:54:58 ] [ _.Main._ ] "Linguagem Padrão:" "pt-BR"
[ 30/04/2024-23:54:58 ] [ _.Main._ ] "Envs Carregados:" "22"
[ 30/04/2024-23:54:58 ] [ _.Main._ ] "Middlewares Carregados:" "3"
[ 30/04/2024-23:54:58 ] [ _.Main._ ] "Rotas Carregadas:" "5"
[ 30/04/2024-23:54:58 ] [ _.Main._ ] "Iniciado:" "http://localhost:3000"
[ 30/04/2024-23:54:58 ] [ _.Main._ ] ----------------------------------------------------------------
[ 30/04/2024-23:54:58 ] [ _.Main._ ]                     "Principais  dependencias"                    
[ 30/04/2024-23:54:58 ] [ _.Main._ ] ----------------------------------------------------------------
[ 30/04/2024-23:54:58 ] [ _.Main._ ] "Controlador Backend" "Express" ":" "^4.19.2"
[ 30/04/2024-23:54:59 ] [ _.Main._ ] 
[ 30/04/2024-23:55:31 ] [ _.Main._ ] 
[ 30/04/2024-23:55:31 ] [ _.Main._ ] 	"░█▀▀" "░█▀█" "░█▀▄" "░█▀▀"      "░█▀█ ░█▀█ ░█▄ █ ░█▀▀ ░█"
[ 30/04/2024-23:55:31 ] [ _.Main._ ] 	"░█  " "░█░█" "░█▀▄" "░█▀▀"  ▀▀▀ "░█▀▀ ░█▀█ ░█ ▀█ ░█▀▀ ░█"
[ 30/04/2024-23:55:31 ] [ _.Main._ ] 	"░▀▀▀" "░▀▀▀" "░▀░▀" "░▀▀▀"      "░▀   ░▀ ▀ ░▀  ▀ ░▀▀▀ ░▀▀▀"
[ 30/04/2024-23:55:31 ] [ _.Main._ ] 
[ 30/04/2024-23:55:31 ] [ _.Main._ ] 
[ 30/04/2024-23:55:31 ] [ _.Main._ ] ----------------------------------------------------------------
[ 30/04/2024-23:55:31 ] [ _.Main._ ]                          "Estatisticas"                    
[ 30/04/2024-23:55:31 ] [ _.Main._ ] ----------------------------------------------------------------
[ 30/04/2024-23:55:31 ] [ _.Main._ ] "Versão:" "1.0.1"
[ 30/04/2024-23:55:31 ] [ _.Main._ ] "Modo:" "Desenvolvimento"
[ 30/04/2024-23:55:31 ] [ _.Main._ ] "Uptime de iniciação:" "5s "
[ 30/04/2024-23:55:31 ] [ _.Main._ ] "Linguagem Padrão:" "pt-BR"
[ 30/04/2024-23:55:31 ] [ _.Main._ ] "Envs Carregados:" "22"
[ 30/04/2024-23:55:31 ] [ _.Main._ ] "Middlewares Carregados:" "3"
[ 30/04/2024-23:55:31 ] [ _.Main._ ] "Rotas Carregadas:" "5"
[ 30/04/2024-23:55:31 ] [ _.Main._ ] "Iniciado:" "http://localhost:3000"
[ 30/04/2024-23:55:31 ] [ _.Main._ ] ----------------------------------------------------------------
[ 30/04/2024-23:55:31 ] [ _.Main._ ]                     "Principais  dependencias"                    
[ 30/04/2024-23:55:31 ] [ _.Main._ ] ----------------------------------------------------------------
[ 30/04/2024-23:55:31 ] [ _.Main._ ] "Controlador Backend" "Express" ":" "^4.19.2"
[ 30/04/2024-23:55:31 ] [ _.Main._ ] 
[ 30/04/2024-23:56:01 ] [ _.Main._ ] 
[ 30/04/2024-23:56:01 ] [ _.Main._ ] 	"░█▀▀" "░█▀█" "░█▀▄" "░█▀▀"      "░█▀█ ░█▀█ ░█▄ █ ░█▀▀ ░█"
[ 30/04/2024-23:56:01 ] [ _.Main._ ] 	"░█  " "░█░█" "░█▀▄" "░█▀▀"  ▀▀▀ "░█▀▀ ░█▀█ ░█ ▀█ ░█▀▀ ░█"
[ 30/04/2024-23:56:01 ] [ _.Main._ ] 	"░▀▀▀" "░▀▀▀" "░▀░▀" "░▀▀▀"      "░▀   ░▀ ▀ ░▀  ▀ ░▀▀▀ ░▀▀▀"
[ 30/04/2024-23:56:01 ] [ _.Main._ ] 
[ 30/04/2024-23:56:01 ] [ _.Main._ ] 
[ 30/04/2024-23:56:01 ] [ _.Main._ ] ----------------------------------------------------------------
[ 30/04/2024-23:56:01 ] [ _.Main._ ]                          "Estatisticas"                    
[ 30/04/2024-23:56:01 ] [ _.Main._ ] ----------------------------------------------------------------
[ 30/04/2024-23:56:01 ] [ _.Main._ ] "Versão:" "1.0.1"
[ 30/04/2024-23:56:01 ] [ _.Main._ ] "Modo:" "Desenvolvimento"
[ 30/04/2024-23:56:01 ] [ _.Main._ ] "Uptime de iniciação:" "3s "
[ 30/04/2024-23:56:01 ] [ _.Main._ ] "Struturas Carregadas:" "22"
[ 30/04/2024-23:56:01 ] [ _.Main._ ] "Linguagem Padrão:" "pt-BR"
[ 30/04/2024-23:56:01 ] [ _.Main._ ] "Envs Carregados:" "22"
[ 30/04/2024-23:56:01 ] [ _.Main._ ] "Middlewares Carregados:" "3"
[ 30/04/2024-23:56:01 ] [ _.Main._ ] "Rotas Carregadas:" "5"
[ 30/04/2024-23:56:01 ] [ _.Main._ ] "Iniciado:" "http://localhost:3000"
[ 30/04/2024-23:56:01 ] [ _.Main._ ] ----------------------------------------------------------------
[ 30/04/2024-23:56:01 ] [ _.Main._ ]                     "Principais  dependencias"                    
[ 30/04/2024-23:56:01 ] [ _.Main._ ] ----------------------------------------------------------------
[ 30/04/2024-23:56:01 ] [ _.Main._ ] "Controlador Backend" "Express" ":" "^4.19.2"
[ 30/04/2024-23:56:01 ] [ _.Main._ ] 
[ 30/04/2024-23:56:08 ] [ _.Main._ ] 
[ 30/04/2024-23:56:08 ] [ _.Main._ ] 	"░█▀▀" "░█▀█" "░█▀▄" "░█▀▀"      "░█▀█ ░█▀█ ░█▄ █ ░█▀▀ ░█"
[ 30/04/2024-23:56:08 ] [ _.Main._ ] 	"░█  " "░█░█" "░█▀▄" "░█▀▀"  ▀▀▀ "░█▀▀ ░█▀█ ░█ ▀█ ░█▀▀ ░█"
[ 30/04/2024-23:56:08 ] [ _.Main._ ] 	"░▀▀▀" "░▀▀▀" "░▀░▀" "░▀▀▀"      "░▀   ░▀ ▀ ░▀  ▀ ░▀▀▀ ░▀▀▀"
[ 30/04/2024-23:56:08 ] [ _.Main._ ] 
[ 30/04/2024-23:56:08 ] [ _.Main._ ] 
[ 30/04/2024-23:56:08 ] [ _.Main._ ] ----------------------------------------------------------------
[ 30/04/2024-23:56:08 ] [ _.Main._ ]                          "Estatisticas"                    
[ 30/04/2024-23:56:08 ] [ _.Main._ ] ----------------------------------------------------------------
[ 30/04/2024-23:56:08 ] [ _.Main._ ] "Versão:" "1.0.1"
[ 30/04/2024-23:56:08 ] [ _.Main._ ] "Modo:" "Desenvolvimento"
[ 30/04/2024-23:56:08 ] [ _.Main._ ] "Uptime de iniciação:" "4s "
[ 30/04/2024-23:56:08 ] [ _.Main._ ] "Struturas Carregadas:" "0"
[ 30/04/2024-23:56:08 ] [ _.Main._ ] "Linguagem Padrão:" "pt-BR"
[ 30/04/2024-23:56:08 ] [ _.Main._ ] "Envs Carregados:" "22"
[ 30/04/2024-23:56:08 ] [ _.Main._ ] "Middlewares Carregados:" "3"
[ 30/04/2024-23:56:08 ] [ _.Main._ ] "Rotas Carregadas:" "5"
[ 30/04/2024-23:56:08 ] [ _.Main._ ] "Iniciado:" "http://localhost:3000"
[ 30/04/2024-23:56:08 ] [ _.Main._ ] ----------------------------------------------------------------
[ 30/04/2024-23:56:08 ] [ _.Main._ ]                     "Principais  dependencias"                    
[ 30/04/2024-23:56:08 ] [ _.Main._ ] ----------------------------------------------------------------
[ 30/04/2024-23:56:08 ] [ _.Main._ ] "Controlador Backend" "Express" ":" "^4.19.2"
[ 30/04/2024-23:56:08 ] [ _.Main._ ] 
[ 30/04/2024-23:56:32 ] [ _.Main._ ] 
[ 30/04/2024-23:56:32 ] [ _.Main._ ] 	"░█▀▀" "░█▀█" "░█▀▄" "░█▀▀"      "░█▀█ ░█▀█ ░█▄ █ ░█▀▀ ░█"
[ 30/04/2024-23:56:33 ] [ _.Main._ ] 	"░█  " "░█░█" "░█▀▄" "░█▀▀"  ▀▀▀ "░█▀▀ ░█▀█ ░█ ▀█ ░█▀▀ ░█"
[ 30/04/2024-23:56:33 ] [ _.Main._ ] 	"░▀▀▀" "░▀▀▀" "░▀░▀" "░▀▀▀"      "░▀   ░▀ ▀ ░▀  ▀ ░▀▀▀ ░▀▀▀"
[ 30/04/2024-23:56:33 ] [ _.Main._ ] 
[ 30/04/2024-23:56:33 ] [ _.Main._ ] 
[ 30/04/2024-23:56:33 ] [ _.Main._ ] ----------------------------------------------------------------
[ 30/04/2024-23:56:33 ] [ _.Main._ ]                          "Estatisticas"                    
[ 30/04/2024-23:56:33 ] [ _.Main._ ] ----------------------------------------------------------------
[ 30/04/2024-23:56:33 ] [ _.Main._ ] "Versão:" "1.0.1"
[ 30/04/2024-23:56:33 ] [ _.Main._ ] "Modo:" "Desenvolvimento"
[ 30/04/2024-23:56:33 ] [ _.Main._ ] "Uptime de iniciação:" "4s "
[ 30/04/2024-23:56:33 ] [ _.Main._ ] "Struturas Carregadas:" "0"
[ 30/04/2024-23:56:33 ] [ _.Main._ ] "Linguagem Padrão:" "pt-BR"
[ 30/04/2024-23:56:33 ] [ _.Main._ ] "Envs Carregados:" "22"
[ 30/04/2024-23:56:33 ] [ _.Main._ ] "Middlewares Carregados:" "3"
[ 30/04/2024-23:56:33 ] [ _.Main._ ] "Rotas Carregadas:" "5"
[ 30/04/2024-23:56:33 ] [ _.Main._ ] "Iniciado:" "http://localhost:3000"
[ 30/04/2024-23:56:33 ] [ _.Main._ ] ----------------------------------------------------------------
[ 30/04/2024-23:56:33 ] [ _.Main._ ]                     "Principais  dependencias"                    
[ 30/04/2024-23:56:33 ] [ _.Main._ ] ----------------------------------------------------------------
[ 30/04/2024-23:56:33 ] [ _.Main._ ] "Controlador Backend" "Express" ":" "^4.19.2"
[ 30/04/2024-23:56:33 ] [ _.Main._ ] 
[ 30/04/2024-23:58:53 ] [ _.Main._ ] 
[ 30/04/2024-23:58:53 ] [ _.Main._ ] 	"░█▀▀" "░█▀█" "░█▀▄" "░█▀▀"      "░█▀█ ░█▀█ ░█▄ █ ░█▀▀ ░█"
[ 30/04/2024-23:58:53 ] [ _.Main._ ] 	"░█  " "░█░█" "░█▀▄" "░█▀▀"  ▀▀▀ "░█▀▀ ░█▀█ ░█ ▀█ ░█▀▀ ░█"
[ 30/04/2024-23:58:53 ] [ _.Main._ ] 	"░▀▀▀" "░▀▀▀" "░▀░▀" "░▀▀▀"      "░▀   ░▀ ▀ ░▀  ▀ ░▀▀▀ ░▀▀▀"
[ 30/04/2024-23:58:53 ] [ _.Main._ ] 
[ 30/04/2024-23:58:53 ] [ _.Main._ ] 
[ 30/04/2024-23:58:53 ] [ _.Main._ ] ----------------------------------------------------------------
[ 30/04/2024-23:58:53 ] [ _.Main._ ]                          "Estatisticas"                    
[ 30/04/2024-23:58:54 ] [ _.Main._ ] ----------------------------------------------------------------
[ 30/04/2024-23:58:54 ] [ _.Main._ ] "Versão:" "1.0.1"
[ 30/04/2024-23:58:54 ] [ _.Main._ ] "Modo:" "Desenvolvimento"
[ 30/04/2024-23:58:54 ] [ _.Main._ ] "Uptime de iniciação:" "3s "
[ 30/04/2024-23:58:54 ] [ _.Main._ ] "Struturas Carregadas:" "0"
[ 30/04/2024-23:58:54 ] [ _.Main._ ] "Linguagem Padrão:" "pt-BR"
[ 30/04/2024-23:58:54 ] [ _.Main._ ] "Envs Carregados:" "22"
[ 30/04/2024-23:58:54 ] [ _.Main._ ] "Middlewares Carregados:" "3"
[ 30/04/2024-23:58:54 ] [ _.Main._ ] "Rotas Carregadas:" "5"
[ 30/04/2024-23:58:54 ] [ _.Main._ ] "Iniciado:" "http://localhost:3000"
[ 30/04/2024-23:58:54 ] [ _.Main._ ] ----------------------------------------------------------------
[ 30/04/2024-23:58:54 ] [ _.Main._ ]                     "Principais  dependencias"                    
[ 30/04/2024-23:58:54 ] [ _.Main._ ] ----------------------------------------------------------------
[ 30/04/2024-23:58:54 ] [ _.Main._ ] "Controlador Backend" "Express" ":" "^4.19.2"
[ 30/04/2024-23:58:54 ] [ _.Main._ ] 
[ 30/04/2024-23:59:01 ] [ _.Main._ ] 
[ 30/04/2024-23:59:01 ] [ _.Main._ ] 	"░█▀▀" "░█▀█" "░█▀▄" "░█▀▀"      "░█▀█ ░█▀█ ░█▄ █ ░█▀▀ ░█"
[ 30/04/2024-23:59:01 ] [ _.Main._ ] 	"░█  " "░█░█" "░█▀▄" "░█▀▀"  ▀▀▀ "░█▀▀ ░█▀█ ░█ ▀█ ░█▀▀ ░█"
[ 30/04/2024-23:59:01 ] [ _.Main._ ] 	"░▀▀▀" "░▀▀▀" "░▀░▀" "░▀▀▀"      "░▀   ░▀ ▀ ░▀  ▀ ░▀▀▀ ░▀▀▀"
[ 30/04/2024-23:59:01 ] [ _.Main._ ] 
[ 30/04/2024-23:59:01 ] [ _.Main._ ] 
[ 30/04/2024-23:59:01 ] [ _.Main._ ] ----------------------------------------------------------------
[ 30/04/2024-23:59:01 ] [ _.Main._ ]                          "Estatisticas"                    
[ 30/04/2024-23:59:01 ] [ _.Main._ ] ----------------------------------------------------------------
[ 30/04/2024-23:59:01 ] [ _.Main._ ] "Versão:" "1.0.1"
[ 30/04/2024-23:59:01 ] [ _.Main._ ] "Modo:" "Desenvolvimento"
[ 30/04/2024-23:59:01 ] [ _.Main._ ] "Uptime de iniciação:" "2s "
[ 30/04/2024-23:59:01 ] [ _.Main._ ] "Struturas Carregadas:" "0"
[ 30/04/2024-23:59:01 ] [ _.Main._ ] "Linguagem Padrão:" "pt-BR"
[ 30/04/2024-23:59:01 ] [ _.Main._ ] "Envs Carregados:" "22"
[ 30/04/2024-23:59:01 ] [ _.Main._ ] "Middlewares Carregados:" "3"
[ 30/04/2024-23:59:01 ] [ _.Main._ ] "Rotas Carregadas:" "5"
[ 30/04/2024-23:59:01 ] [ _.Main._ ] "Iniciado:" "http://localhost:3000"
[ 30/04/2024-23:59:01 ] [ _.Main._ ] ----------------------------------------------------------------
[ 30/04/2024-23:59:01 ] [ _.Main._ ]                     "Principais  dependencias"                    
[ 30/04/2024-23:59:01 ] [ _.Main._ ] ----------------------------------------------------------------
[ 30/04/2024-23:59:01 ] [ _.Main._ ] "Controlador Backend" "Express" ":" "^4.19.2"
[ 30/04/2024-23:59:01 ] [ _.Main._ ] 
[ 30/04/2024-23:59:13 ] [ _.Main._ ] 
[ 30/04/2024-23:59:13 ] [ _.Main._ ] 	"░█▀▀" "░█▀█" "░█▀▄" "░█▀▀"      "░█▀█ ░█▀█ ░█▄ █ ░█▀▀ ░█"
[ 30/04/2024-23:59:13 ] [ _.Main._ ] 	"░█  " "░█░█" "░█▀▄" "░█▀▀"  ▀▀▀ "░█▀▀ ░█▀█ ░█ ▀█ ░█▀▀ ░█"
[ 30/04/2024-23:59:13 ] [ _.Main._ ] 	"░▀▀▀" "░▀▀▀" "░▀░▀" "░▀▀▀"      "░▀   ░▀ ▀ ░▀  ▀ ░▀▀▀ ░▀▀▀"
[ 30/04/2024-23:59:13 ] [ _.Main._ ] 
[ 30/04/2024-23:59:13 ] [ _.Main._ ] 
[ 30/04/2024-23:59:13 ] [ _.Main._ ] ----------------------------------------------------------------
[ 30/04/2024-23:59:13 ] [ _.Main._ ]                          "Estatisticas"                    
[ 30/04/2024-23:59:13 ] [ _.Main._ ] ----------------------------------------------------------------
[ 30/04/2024-23:59:13 ] [ _.Main._ ] "Versão:" "1.0.1"
[ 30/04/2024-23:59:13 ] [ _.Main._ ] "Modo:" "Desenvolvimento"
[ 30/04/2024-23:59:13 ] [ _.Main._ ] "Uptime de iniciação:" "3s "
[ 30/04/2024-23:59:13 ] [ _.Main._ ] "Struturas Carregadas:" "0"
[ 30/04/2024-23:59:13 ] [ _.Main._ ] "Linguagem Padrão:" "pt-BR"
[ 30/04/2024-23:59:13 ] [ _.Main._ ] "Envs Carregados:" "22"
[ 30/04/2024-23:59:13 ] [ _.Main._ ] "Middlewares Carregados:" "3"
[ 30/04/2024-23:59:13 ] [ _.Main._ ] "Rotas Carregadas:" "5"
[ 30/04/2024-23:59:13 ] [ _.Main._ ] "Iniciado:" "http://localhost:3000"
[ 30/04/2024-23:59:13 ] [ _.Main._ ] ----------------------------------------------------------------
[ 30/04/2024-23:59:13 ] [ _.Main._ ]                     "Principais  dependencias"                    
[ 30/04/2024-23:59:13 ] [ _.Main._ ] ----------------------------------------------------------------
[ 30/04/2024-23:59:13 ] [ _.Main._ ] "Controlador Backend" "Express" ":" "^4.19.2"
[ 30/04/2024-23:59:13 ] [ _.Main._ ] 
[ 30/04/2024-23:59:33 ] [ _.Main._ ] 
[ 30/04/2024-23:59:33 ] [ _.Main._ ] 	"░█▀▀" "░█▀█" "░█▀▄" "░█▀▀"      "░█▀█ ░█▀█ ░█▄ █ ░█▀▀ ░█"
[ 30/04/2024-23:59:33 ] [ _.Main._ ] 	"░█  " "░█░█" "░█▀▄" "░█▀▀"  ▀▀▀ "░█▀▀ ░█▀█ ░█ ▀█ ░█▀▀ ░█"
[ 30/04/2024-23:59:33 ] [ _.Main._ ] 	"░▀▀▀" "░▀▀▀" "░▀░▀" "░▀▀▀"      "░▀   ░▀ ▀ ░▀  ▀ ░▀▀▀ ░▀▀▀"
[ 30/04/2024-23:59:33 ] [ _.Main._ ] 
[ 30/04/2024-23:59:33 ] [ _.Main._ ] 
[ 30/04/2024-23:59:33 ] [ _.Main._ ] ----------------------------------------------------------------
[ 30/04/2024-23:59:33 ] [ _.Main._ ]                          "Estatisticas"                    
[ 30/04/2024-23:59:33 ] [ _.Main._ ] ----------------------------------------------------------------
[ 30/04/2024-23:59:33 ] [ _.Main._ ] "Versão:" "1.0.1"
[ 30/04/2024-23:59:33 ] [ _.Main._ ] "Modo:" "Desenvolvimento"
[ 30/04/2024-23:59:33 ] [ _.Main._ ] "Uptime de iniciação:" "3s "
[ 30/04/2024-23:59:33 ] [ _.Main._ ] "Struturas Carregadas:" "0"
[ 30/04/2024-23:59:33 ] [ _.Main._ ] "Linguagem Padrão:" "pt-BR"
[ 30/04/2024-23:59:33 ] [ _.Main._ ] "Envs Carregados:" "22"
[ 30/04/2024-23:59:33 ] [ _.Main._ ] "Middlewares Carregados:" "3"
[ 30/04/2024-23:59:33 ] [ _.Main._ ] "Rotas Carregadas:" "5"
[ 30/04/2024-23:59:33 ] [ _.Main._ ] "Iniciado:" "http://localhost:3000"
[ 30/04/2024-23:59:33 ] [ _.Main._ ] ----------------------------------------------------------------
[ 30/04/2024-23:59:33 ] [ _.Main._ ]                     "Principais  dependencias"                    
[ 30/04/2024-23:59:33 ] [ _.Main._ ] ----------------------------------------------------------------
[ 30/04/2024-23:59:33 ] [ _.Main._ ] "Controlador Backend" "Express" ":" "^4.19.2"
[ 30/04/2024-23:59:33 ] [ _.Main._ ] 
[ 30/04/2024-23:59:48 ] [ _.Main._ ] 
[ 30/04/2024-23:59:48 ] [ _.Main._ ] 	"░█▀▀" "░█▀█" "░█▀▄" "░█▀▀"      "░█▀█ ░█▀█ ░█▄ █ ░█▀▀ ░█"
[ 30/04/2024-23:59:49 ] [ _.Main._ ] 	"░█  " "░█░█" "░█▀▄" "░█▀▀"  ▀▀▀ "░█▀▀ ░█▀█ ░█ ▀█ ░█▀▀ ░█"
[ 30/04/2024-23:59:49 ] [ _.Main._ ] 	"░▀▀▀" "░▀▀▀" "░▀░▀" "░▀▀▀"      "░▀   ░▀ ▀ ░▀  ▀ ░▀▀▀ ░▀▀▀"
[ 30/04/2024-23:59:49 ] [ _.Main._ ] 
[ 30/04/2024-23:59:49 ] [ _.Main._ ] 
[ 30/04/2024-23:59:49 ] [ _.Main._ ] ----------------------------------------------------------------
[ 30/04/2024-23:59:49 ] [ _.Main._ ]                          "Estatisticas"                    
[ 30/04/2024-23:59:49 ] [ _.Main._ ] ----------------------------------------------------------------
[ 30/04/2024-23:59:49 ] [ _.Main._ ] "Versão:" "1.0.1"
[ 30/04/2024-23:59:49 ] [ _.Main._ ] "Modo:" "Desenvolvimento"
[ 30/04/2024-23:59:49 ] [ _.Main._ ] "Uptime de iniciação:" "3s "
[ 30/04/2024-23:59:49 ] [ _.Main._ ] "Struturas Carregadas:" "0"
[ 30/04/2024-23:59:49 ] [ _.Main._ ] "Linguagem Padrão:" "pt-BR"
[ 30/04/2024-23:59:49 ] [ _.Main._ ] "Envs Carregados:" "22"
[ 30/04/2024-23:59:49 ] [ _.Main._ ] "Middlewares Carregados:" "3"
[ 30/04/2024-23:59:49 ] [ _.Main._ ] "Rotas Carregadas:" "5"
[ 30/04/2024-23:59:49 ] [ _.Main._ ] "Iniciado:" "http://localhost:3000"
[ 30/04/2024-23:59:49 ] [ _.Main._ ] ----------------------------------------------------------------
[ 30/04/2024-23:59:49 ] [ _.Main._ ]                     "Principais  dependencias"                    
[ 30/04/2024-23:59:49 ] [ _.Main._ ] ----------------------------------------------------------------
[ 30/04/2024-23:59:49 ] [ _.Main._ ] "Controlador Backend" "Express" ":" "^4.19.2"
[ 30/04/2024-23:59:49 ] [ _.Main._ ] 
[ 30/04/2024-23:59:56 ] [ _.Main._ ] 
[ 30/04/2024-23:59:56 ] [ _.Main._ ] 	"░█▀▀" "░█▀█" "░█▀▄" "░█▀▀"      "░█▀█ ░█▀█ ░█▄ █ ░█▀▀ ░█"
[ 30/04/2024-23:59:56 ] [ _.Main._ ] 	"░█  " "░█░█" "░█▀▄" "░█▀▀"  ▀▀▀ "░█▀▀ ░█▀█ ░█ ▀█ ░█▀▀ ░█"
[ 30/04/2024-23:59:56 ] [ _.Main._ ] 	"░▀▀▀" "░▀▀▀" "░▀░▀" "░▀▀▀"      "░▀   ░▀ ▀ ░▀  ▀ ░▀▀▀ ░▀▀▀"
[ 30/04/2024-23:59:56 ] [ _.Main._ ] 
[ 30/04/2024-23:59:56 ] [ _.Main._ ] 
[ 30/04/2024-23:59:56 ] [ _.Main._ ] ----------------------------------------------------------------
[ 30/04/2024-23:59:56 ] [ _.Main._ ]                          "Estatisticas"                    
[ 30/04/2024-23:59:56 ] [ _.Main._ ] ----------------------------------------------------------------
[ 30/04/2024-23:59:56 ] [ _.Main._ ] "Versão:" "1.0.1"
[ 30/04/2024-23:59:56 ] [ _.Main._ ] "Modo:" "Desenvolvimento"
[ 30/04/2024-23:59:56 ] [ _.Main._ ] "Uptime de iniciação:" "4s "
[ 30/04/2024-23:59:56 ] [ _.Main._ ] "Struturas Carregadas:" "0"
[ 30/04/2024-23:59:56 ] [ _.Main._ ] "Linguagem Padrão:" "pt-BR"
[ 30/04/2024-23:59:56 ] [ _.Main._ ] "Envs Carregados:" "22"
[ 30/04/2024-23:59:56 ] [ _.Main._ ] "Middlewares Carregados:" "3"
[ 30/04/2024-23:59:56 ] [ _.Main._ ] "Rotas Carregadas:" "5"
[ 30/04/2024-23:59:56 ] [ _.Main._ ] "Iniciado:" "http://localhost:3000"
[ 30/04/2024-23:59:56 ] [ _.Main._ ] ----------------------------------------------------------------
[ 30/04/2024-23:59:56 ] [ _.Main._ ]                     "Principais  dependencias"                    
[ 30/04/2024-23:59:56 ] [ _.Main._ ] ----------------------------------------------------------------
[ 30/04/2024-23:59:56 ] [ _.Main._ ] "Controlador Backend" "Express" ":" "^4.19.2"
[ 30/04/2024-23:59:56 ] [ _.Main._ ] 
