[ 24/04/2024-22:07:05 ] [ _.Views._ ] TypeError: Cannot read properties of undefined (reading 'language')
    at Eta.eval (eval at compile (C:\Users\Drylian\Documents\GitHub\CorePanel\node_modules\eta\src\compile.ts:29:12), <anonymous>:25:37)
    at Eta.call [as renderAsync] (C:\Users\Drylian\Documents\GitHub\CorePanel\node_modules\eta\src\render.ts:82:26)
    at includeAsync (eval at compile (C:\Users\Drylian\Documents\GitHub\CorePanel\node_modules\eta\src\compile.ts:29:12), <anonymous>:5:45)
    at Eta.eval (eval at compile (C:\Users\Drylian\Documents\GitHub\CorePanel\node_modules\eta\src\compile.ts:29:12), <anonymous>:25:18)
    at Eta.call [as renderAsync] (C:\Users\Drylian\Documents\GitHub\CorePanel\node_modules\eta\src\render.ts:82:26)
    at includeAsync (eval at compile (C:\Users\Drylian\Documents\GitHub\CorePanel\node_modules\eta\src\compile.ts:29:12), <anonymous>:5:45)
    at Eta.eval (eval at compile (C:\Users\Drylian\Documents\GitHub\CorePanel\node_modules\eta\src\compile.ts:29:12), <anonymous>:25:18)
    at Eta.renderAsync (C:\Users\Drylian\Documents\GitHub\CorePanel\node_modules\eta\src\render.ts:82:26)
    at Etalization.send (C:\Users\Drylian\Documents\GitHub\CorePanel\app\Classes\Etalization.ts:118:41)
    at C:\Users\Drylian\Documents\GitHub\CorePanel\app\Http\StructuralHttp.ts:70:14
[ 24/04/2024-22:07:05 ] [ _.Views._ ] Fatal:TypeError: Cannot read properties of undefined (reading 'language')
    at Eta.eval (eval at compile (C:\Users\Drylian\Documents\GitHub\CorePanel\node_modules\eta\src\compile.ts:29:12), <anonymous>:25:37)
    at Eta.call [as renderAsync] (C:\Users\Drylian\Documents\GitHub\CorePanel\node_modules\eta\src\render.ts:82:26)
    at includeAsync (eval at compile (C:\Users\Drylian\Documents\GitHub\CorePanel\node_modules\eta\src\compile.ts:29:12), <anonymous>:5:45)
    at Eta.eval (eval at compile (C:\Users\Drylian\Documents\GitHub\CorePanel\node_modules\eta\src\compile.ts:29:12), <anonymous>:25:18)
    at Eta.call [as renderAsync] (C:\Users\Drylian\Documents\GitHub\CorePanel\node_modules\eta\src\render.ts:82:26)
    at includeAsync (eval at compile (C:\Users\Drylian\Documents\GitHub\CorePanel\node_modules\eta\src\compile.ts:29:12), <anonymous>:5:45)
    at Eta.eval (eval at compile (C:\Users\Drylian\Documents\GitHub\CorePanel\node_modules\eta\src\compile.ts:29:12), <anonymous>:25:18)
    at Eta.renderAsync (C:\Users\Drylian\Documents\GitHub\CorePanel\node_modules\eta\src\render.ts:82:26)
    at Etalization.send (C:\Users\Drylian\Documents\GitHub\CorePanel\app\Classes\Etalization.ts:125:45)
    at processTicksAndRejections (node:internal/process/task_queues:95:5)
[ 24/04/2024-22:11:29 ] [ _.Views._ ] TypeError: Cannot read properties of undefined (reading 'meta')
    at I18alt.LangMeta (C:\Users\Drylian\Documents\GitHub\CorePanel\app\Controllers\Languages.ts:30:17)
    at I18alt.call [as lmt] (C:\Users\Drylian\Documents\GitHub\CorePanel\app\Controllers\Languages.ts:27:38)
    at Eta.eval (eval at compile (C:\Users\Drylian\Documents\GitHub\CorePanel\node_modules\eta\src\compile.ts:29:12), <anonymous>:25:28)
    at Eta.call [as renderAsync] (C:\Users\Drylian\Documents\GitHub\CorePanel\node_modules\eta\src\render.ts:82:26)
    at includeAsync (eval at compile (C:\Users\Drylian\Documents\GitHub\CorePanel\node_modules\eta\src\compile.ts:29:12), <anonymous>:5:45)
    at Eta.eval (eval at compile (C:\Users\Drylian\Documents\GitHub\CorePanel\node_modules\eta\src\compile.ts:29:12), <anonymous>:25:18)
    at Eta.call [as renderAsync] (C:\Users\Drylian\Documents\GitHub\CorePanel\node_modules\eta\src\render.ts:82:26)
    at includeAsync (eval at compile (C:\Users\Drylian\Documents\GitHub\CorePanel\node_modules\eta\src\compile.ts:29:12), <anonymous>:5:45)
    at Eta.eval (eval at compile (C:\Users\Drylian\Documents\GitHub\CorePanel\node_modules\eta\src\compile.ts:29:12), <anonymous>:25:18)
    at Eta.renderAsync (C:\Users\Drylian\Documents\GitHub\CorePanel\node_modules\eta\src\render.ts:82:26)
[ 24/04/2024-22:11:29 ] [ _.Views._ ] Fatal:TypeError: Cannot read properties of undefined (reading 'meta')
    at I18alt.LangMeta (C:\Users\Drylian\Documents\GitHub\CorePanel\app\Controllers\Languages.ts:30:17)
    at I18alt.call [as lmt] (C:\Users\Drylian\Documents\GitHub\CorePanel\app\Controllers\Languages.ts:27:38)
    at Eta.eval (eval at compile (C:\Users\Drylian\Documents\GitHub\CorePanel\node_modules\eta\src\compile.ts:29:12), <anonymous>:25:28)
    at Eta.call [as renderAsync] (C:\Users\Drylian\Documents\GitHub\CorePanel\node_modules\eta\src\render.ts:82:26)
    at includeAsync (eval at compile (C:\Users\Drylian\Documents\GitHub\CorePanel\node_modules\eta\src\compile.ts:29:12), <anonymous>:5:45)
    at Eta.eval (eval at compile (C:\Users\Drylian\Documents\GitHub\CorePanel\node_modules\eta\src\compile.ts:29:12), <anonymous>:25:18)
    at Eta.call [as renderAsync] (C:\Users\Drylian\Documents\GitHub\CorePanel\node_modules\eta\src\render.ts:82:26)
    at includeAsync (eval at compile (C:\Users\Drylian\Documents\GitHub\CorePanel\node_modules\eta\src\compile.ts:29:12), <anonymous>:5:45)
    at Eta.eval (eval at compile (C:\Users\Drylian\Documents\GitHub\CorePanel\node_modules\eta\src\compile.ts:29:12), <anonymous>:25:18)
    at Eta.renderAsync (C:\Users\Drylian\Documents\GitHub\CorePanel\node_modules\eta\src\render.ts:82:26)
