[ 02/05/2024-00:10:13 ] [ _.Compilation._ ] Starting build progress in mode
[ 02/05/2024-00:10:13 ] [ _.Compilation._ ] Cleaning rest trash
[ 02/05/2024-00:10:14 ] [ _.Compilation._ ] Making Client startup
[ 02/05/2024-00:10:14 ] [ _.Compilation._ ] Compiling typescript
[ 02/05/2024-00:10:46 ] [ _.Compilation._ ] Starting build progress in mode
[ 02/05/2024-00:10:46 ] [ _.Compilation._ ] Cleaning rest trash
[ 02/05/2024-00:10:46 ] [ _.Compilation._ ] Making Client startup
[ 02/05/2024-00:10:46 ] [ _.Compilation._ ] Compiling typescript
[ 02/05/2024-00:13:02 ] [ _.Compilation._ ] Starting build progress in mode
[ 02/05/2024-00:13:02 ] [ _.Compilation._ ] Cleaning rest trash
[ 02/05/2024-00:13:02 ] [ _.Compilation._ ] Deleting "./dist"...
[ 02/05/2024-00:13:02 ] [ _.Compilation._ ] Deleting "./build"...
[ 02/05/2024-00:13:02 ] [ _.Compilation._ ] Making Client startup
[ 02/05/2024-00:13:02 ] [ _.Compilation._ ] Compiling typescript
[ 02/05/2024-00:15:14 ] [ _.Compilation._ ] Starting build progress in mode
[ 02/05/2024-00:15:15 ] [ _.Compilation._ ] Cleaning rest trash
[ 02/05/2024-00:15:15 ] [ _.Compilation._ ] Deleting "./dist"...
[ 02/05/2024-00:15:15 ] [ _.Compilation._ ] Deleting "./build"...
[ 02/05/2024-00:15:15 ] [ _.Compilation._ ] Making Client startup
[ 02/05/2024-00:15:15 ] [ _.Compilation._ ] Compiling typescript
[ 02/05/2024-00:17:05 ] [ _.Compilation._ ] Starting build progress in mode
[ 02/05/2024-00:17:05 ] [ _.Compilation._ ] Cleaning rest trash
[ 02/05/2024-00:17:05 ] [ _.Compilation._ ] Deleting "./dist"...
[ 02/05/2024-00:17:05 ] [ _.Compilation._ ] Deleting "./build"...
[ 02/05/2024-00:17:06 ] [ _.Compilation._ ] Making Client startup
[ 02/05/2024-00:17:06 ] [ _.Compilation._ ] Compiling typescript
[ 02/05/2024-00:18:31 ] [ _.Compilation._ ] Starting build progress in mode
[ 02/05/2024-00:18:31 ] [ _.Compilation._ ] Cleaning rest trash
[ 02/05/2024-00:18:31 ] [ _.Compilation._ ] Deleting "./dist"...
[ 02/05/2024-00:18:32 ] [ _.Compilation._ ] Deleting "./build"...
[ 02/05/2024-00:18:32 ] [ _.Compilation._ ] Making Client startup
[ 02/05/2024-00:18:32 ] [ _.Compilation._ ] Compiling typescript
[ 02/05/2024-00:20:16 ] [ _.Compilation._ ] Starting build progress in mode
[ 02/05/2024-00:20:16 ] [ _.Compilation._ ] Cleaning rest trash
[ 02/05/2024-00:20:16 ] [ _.Compilation._ ] Deleting "./dist"...
[ 02/05/2024-00:20:16 ] [ _.Compilation._ ] Deleting "./build"...
[ 02/05/2024-00:20:16 ] [ _.Compilation._ ] Making Client startup
[ 02/05/2024-00:20:16 ] [ _.Compilation._ ] Compiling typescript
[ 02/05/2024-00:21:19 ] [ _.Compilation._ ] Starting build progress in mode
[ 02/05/2024-00:21:19 ] [ _.Compilation._ ] Cleaning rest trash
[ 02/05/2024-00:21:20 ] [ _.Compilation._ ] Deleting "./dist"...
[ 02/05/2024-00:21:20 ] [ _.Compilation._ ] Deleting "./build"...
[ 02/05/2024-00:21:20 ] [ _.Compilation._ ] Making Client startup
[ 02/05/2024-00:21:20 ] [ _.Compilation._ ] Compiling typescript
[ 02/05/2024-00:21:58 ] [ _.Compilation._ ] Starting build progress in mode
[ 02/05/2024-00:21:58 ] [ _.Compilation._ ] Cleaning rest trash
[ 02/05/2024-00:21:58 ] [ _.Compilation._ ] Deleting "./dist"...
[ 02/05/2024-00:21:58 ] [ _.Compilation._ ] Deleting "./build"...
[ 02/05/2024-00:21:59 ] [ _.Compilation._ ] Making Client startup
[ 02/05/2024-00:21:59 ] [ _.Compilation._ ] Compiling typescript
[ 02/05/2024-00:23:08 ] [ _.Compilation._ ] Starting build progress in mode
[ 02/05/2024-00:23:08 ] [ _.Compilation._ ] Cleaning rest trash
[ 02/05/2024-00:23:08 ] [ _.Compilation._ ] Deleting "./dist"...
[ 02/05/2024-00:23:08 ] [ _.Compilation._ ] Deleting "./build"...
[ 02/05/2024-00:23:08 ] [ _.Compilation._ ] Making Client startup
[ 02/05/2024-00:23:08 ] [ _.Compilation._ ] Compiling typescript
[ 02/05/2024-00:23:18 ] [ _.Compilation._ ] Typescript compilled successfully, starting file union
[ 02/05/2024-00:28:03 ] [ _.Compilation._ ] Starting build progress in mode
[ 02/05/2024-00:28:03 ] [ _.Compilation._ ] Cleaning rest trash
[ 02/05/2024-00:28:03 ] [ _.Compilation._ ] Deleting "./dist"...
[ 02/05/2024-00:28:03 ] [ _.Compilation._ ] Deleting "./build"...
[ 02/05/2024-00:28:03 ] [ _.Compilation._ ] Making Client startup
[ 02/05/2024-00:28:03 ] [ _.Compilation._ ] Compiling typescript
[ 02/05/2024-00:28:16 ] [ _.Compilation._ ] Typescript compilled successfully, starting file union
[ 02/05/2024-00:30:00 ] [ _.Compilation._ ] Starting build progress in mode
[ 02/05/2024-00:30:00 ] [ _.Compilation._ ] Cleaning rest trash
[ 02/05/2024-00:30:00 ] [ _.Compilation._ ] Deleting "./dist"...
[ 02/05/2024-00:30:00 ] [ _.Compilation._ ] Deleting "./build"...
[ 02/05/2024-00:30:00 ] [ _.Compilation._ ] Making Client startup
[ 02/05/2024-00:30:00 ] [ _.Compilation._ ] Compiling typescript
[ 02/05/2024-00:30:12 ] [ _.Compilation._ ] Typescript compilled successfully, starting file union
[ 02/05/2024-00:30:33 ] [ _.Compilation._ ] Starting build progress in mode
[ 02/05/2024-00:30:33 ] [ _.Compilation._ ] Cleaning rest trash
[ 02/05/2024-00:30:33 ] [ _.Compilation._ ] Deleting "./dist"...
[ 02/05/2024-00:30:33 ] [ _.Compilation._ ] Deleting "./build"...
[ 02/05/2024-00:30:33 ] [ _.Compilation._ ] Making Client startup
[ 02/05/2024-00:30:33 ] [ _.Compilation._ ] Compiling typescript
[ 02/05/2024-00:30:46 ] [ _.Compilation._ ] Typescript compilled successfully, starting file union
[ 02/05/2024-00:31:10 ] [ _.Compilation._ ] Starting build progress in mode
[ 02/05/2024-00:31:10 ] [ _.Compilation._ ] Cleaning rest trash
[ 02/05/2024-00:31:10 ] [ _.Compilation._ ] Deleting "./dist"...
[ 02/05/2024-00:31:10 ] [ _.Compilation._ ] Deleting "./build"...
[ 02/05/2024-00:31:10 ] [ _.Compilation._ ] Making Client startup
[ 02/05/2024-00:31:10 ] [ _.Compilation._ ] Compiling typescript
[ 02/05/2024-00:31:20 ] [ _.Compilation._ ] Typescript compilled successfully, starting file union
[ 02/05/2024-00:33:11 ] [ _.Compilation._ ] Starting build progress in mode
[ 02/05/2024-00:33:11 ] [ _.Compilation._ ] Cleaning rest trash
[ 02/05/2024-00:33:11 ] [ _.Compilation._ ] Deleting "./dist" ...
[ 02/05/2024-00:33:11 ] [ _.Compilation._ ] Deleting "./build" ...
[ 02/05/2024-00:33:12 ] [ _.Compilation._ ] Making Client startup
[ 02/05/2024-00:33:12 ] [ _.Compilation._ ] Compiling typescript
[ 02/05/2024-00:33:28 ] [ _.Compilation._ ] Typescript compilled successfully, starting file union
[ 02/05/2024-00:33:39 ] [ _.Compilation._ ] Starting build progress in mode
[ 02/05/2024-00:33:39 ] [ _.Compilation._ ] Cleaning rest trash
[ 02/05/2024-00:33:39 ] [ _.Compilation._ ] Deleting "./dist" ...
[ 02/05/2024-00:33:40 ] [ _.Compilation._ ] Deleting "./build" ...
[ 02/05/2024-00:33:40 ] [ _.Compilation._ ] Making Client startup
[ 02/05/2024-00:33:40 ] [ _.Compilation._ ] Compiling typescript
[ 02/05/2024-00:33:50 ] [ _.Compilation._ ] Typescript compilled successfully, starting file union
[ 02/05/2024-00:34:00 ] [ _.Compilation._ ] Starting build progress in mode
[ 02/05/2024-00:34:00 ] [ _.Compilation._ ] Cleaning rest trash
[ 02/05/2024-00:34:00 ] [ _.Compilation._ ] Deleting "./dist" ...
[ 02/05/2024-00:34:01 ] [ _.Compilation._ ] Making Client startup
[ 02/05/2024-00:34:01 ] [ _.Compilation._ ] Compiling typescript
[ 02/05/2024-00:34:11 ] [ _.Compilation._ ] Typescript compilled successfully, starting file union
[ 02/05/2024-00:35:14 ] [ _.Compilation._ ] Starting build progress in mode
[ 02/05/2024-00:35:14 ] [ _.Compilation._ ] Cleaning rest trash
[ 02/05/2024-00:35:15 ] [ _.Compilation._ ] Deleting "./dist" ...
[ 02/05/2024-00:35:15 ] [ _.Compilation._ ] Deleting "./build" ...
[ 02/05/2024-00:35:15 ] [ _.Compilation._ ] Making Client startup
[ 02/05/2024-00:35:15 ] [ _.Compilation._ ] Compiling typescript
[ 02/05/2024-00:35:26 ] [ _.Compilation._ ] Typescript compilled successfully, starting file union
[ 02/05/2024-00:36:55 ] [ _.Compilation._ ] Starting build progress in mode
[ 02/05/2024-00:36:55 ] [ _.Compilation._ ] Cleaning rest trash
[ 02/05/2024-00:36:55 ] [ _.Compilation._ ] Deleting "./dist" ...
[ 02/05/2024-00:36:55 ] [ _.Compilation._ ] Deleting "./build" ...
[ 02/05/2024-00:36:55 ] [ _.Compilation._ ] Making Client startup
[ 02/05/2024-00:36:55 ] [ _.Compilation._ ] Compiling typescript
[ 02/05/2024-00:37:07 ] [ _.Compilation._ ] Typescript compilled successfully, starting file union
[ 02/05/2024-01:05:27 ] [ _.Compilation._ ] Starting build progress in mode
[ 02/05/2024-01:05:27 ] [ _.Compilation._ ] Cleaning rest trash
[ 02/05/2024-01:05:28 ] [ _.Compilation._ ] Deleting "./dist" ...
[ 02/05/2024-01:05:28 ] [ _.Compilation._ ] Deleting "./build" ...
[ 02/05/2024-01:05:28 ] [ _.Compilation._ ] Compiling typescript
[ 02/05/2024-01:05:38 ] [ _.Compilation._ ] Typescript compilled successfully
[ 02/05/2024-01:05:38 ] [ _.Compilation._ ] Deleting deleting unnecessary files
[ 02/05/2024-01:05:38 ] [ _.Compilation._ ] Starting file union
[ 02/05/2024-01:06:29 ] [ _.Compilation._ ] Starting build progress in mode
[ 02/05/2024-01:06:29 ] [ _.Compilation._ ] Cleaning rest trash
[ 02/05/2024-01:06:29 ] [ _.Compilation._ ] Deleting "./dist" ...
[ 02/05/2024-01:06:29 ] [ _.Compilation._ ] Deleting "./build" ...
[ 02/05/2024-01:06:30 ] [ _.Compilation._ ] Compiling typescript
[ 02/05/2024-01:06:42 ] [ _.Compilation._ ] Typescript compilled successfully
[ 02/05/2024-01:06:42 ] [ _.Compilation._ ] Deleting deleting unnecessary files
[ 02/05/2024-01:06:42 ] [ _.Compilation._ ] Starting file union
[ 02/05/2024-01:08:28 ] [ _.Compilation._ ] Starting build progress in mode
[ 02/05/2024-01:08:28 ] [ _.Compilation._ ] Cleaning rest trash
[ 02/05/2024-01:08:28 ] [ _.Compilation._ ] Deleting "./dist" ...
[ 02/05/2024-01:08:28 ] [ _.Compilation._ ] Deleting "./build" ...
[ 02/05/2024-01:08:28 ] [ _.Compilation._ ] Compiling typescript
[ 02/05/2024-01:08:42 ] [ _.Compilation._ ] Typescript compilled successfully
[ 02/05/2024-01:08:42 ] [ _.Compilation._ ] Deleting deleting unnecessary files
[ 02/05/2024-01:08:42 ] [ _.Compilation._ ] Starting file union
[ 02/05/2024-01:08:42 ] [ _.Compilation._ ] Union Complete, copying asset files
[ 02/05/2024-01:09:23 ] [ _.Compilation._ ] Starting build progress in mode
[ 02/05/2024-01:09:23 ] [ _.Compilation._ ] Cleaning rest trash
[ 02/05/2024-01:09:23 ] [ _.Compilation._ ] Deleting "./dist" ...
[ 02/05/2024-01:09:23 ] [ _.Compilation._ ] Deleting "./build" ...
[ 02/05/2024-01:09:23 ] [ _.Compilation._ ] Compiling typescript
[ 02/05/2024-01:09:37 ] [ _.Compilation._ ] Typescript compilled successfully
[ 02/05/2024-01:09:37 ] [ _.Compilation._ ] Deleting deleting unnecessary files
[ 02/05/2024-01:09:37 ] [ _.Compilation._ ] Starting file union
[ 02/05/2024-01:09:39 ] [ _.Compilation._ ] Union Complete, copying asset files
[ 02/05/2024-01:21:51 ] [ _.Compilation._ ] Starting build progress in mode
[ 02/05/2024-01:21:51 ] [ _.Compilation._ ] Cleaning rest trash
[ 02/05/2024-01:21:51 ] [ _.Compilation._ ] Deleting "./dist" ...
[ 02/05/2024-01:21:51 ] [ _.Compilation._ ] Deleting "./build" ...
[ 02/05/2024-01:21:52 ] [ _.Compilation._ ] Compiling typescript
[ 02/05/2024-01:22:02 ] [ _.Compilation._ ] Typescript compilled successfully
[ 02/05/2024-01:22:02 ] [ _.Compilation._ ] Deleting deleting unnecessary files
[ 02/05/2024-01:22:02 ] [ _.Compilation._ ] Starting code obfuscation
[ 02/05/2024-01:22:02 ] [ _.Compilation._ ] Starting Obfuscate...


[ 02/05/2024-01:22:09 ] [ _.Compilation._ ] Starting file union
[ 02/05/2024-01:22:09 ] [ _.Compilation._ ] Union Complete, copying asset files
[ 02/05/2024-01:25:36 ] [ _.Compilation._ ] Starting build progress in mode
[ 02/05/2024-01:25:36 ] [ _.Compilation._ ] Cleaning rest trash
[ 02/05/2024-01:25:36 ] [ _.Compilation._ ] Deleting "./dist" ...
[ 02/05/2024-01:25:36 ] [ _.Compilation._ ] Deleting "./build" ...
[ 02/05/2024-01:25:36 ] [ _.Compilation._ ] Compiling typescript
[ 02/05/2024-01:25:46 ] [ _.Compilation._ ] Typescript compilled successfully
[ 02/05/2024-01:25:46 ] [ _.Compilation._ ] Deleting deleting unnecessary files
[ 02/05/2024-01:25:46 ] [ _.Compilation._ ] Starting code obfuscation
[ 02/05/2024-01:25:46 ] [ _.Compilation._ ] Starting Obfuscate...


[ 02/05/2024-01:25:55 ] [ _.Compilation._ ] Starting file union
[ 02/05/2024-01:25:55 ] [ _.Compilation._ ] Union Complete, copying asset files
[ 02/05/2024-01:28:05 ] [ _.Compilation._ ] Starting build progress in mode
[ 02/05/2024-01:28:05 ] [ _.Compilation._ ] Cleaning rest trash
[ 02/05/2024-01:28:05 ] [ _.Compilation._ ] Deleting "./dist" ...
[ 02/05/2024-01:28:05 ] [ _.Compilation._ ] Deleting "./build" ...
[ 02/05/2024-01:28:05 ] [ _.Compilation._ ] Compiling typescript
[ 02/05/2024-01:28:15 ] [ _.Compilation._ ] Typescript compilled successfully
[ 02/05/2024-01:28:15 ] [ _.Compilation._ ] Deleting deleting unnecessary files
[ 02/05/2024-01:28:15 ] [ _.Compilation._ ] Starting code obfuscation
[ 02/05/2024-01:28:15 ] [ _.Compilation._ ] Starting Obfuscate...


[ 02/05/2024-01:28:26 ] [ _.Compilation._ ] Starting file union
[ 02/05/2024-01:28:28 ] [ _.Compilation._ ] Union Complete, copying asset files
[ 02/05/2024-01:31:33 ] [ _.Compilation._ ] Starting build progress in mode
[ 02/05/2024-01:31:33 ] [ _.Compilation._ ] Cleaning rest trash
[ 02/05/2024-01:31:33 ] [ _.Compilation._ ] Deleting "./dist" ...
[ 02/05/2024-01:31:33 ] [ _.Compilation._ ] Deleting "./build" ...
[ 02/05/2024-01:31:34 ] [ _.Compilation._ ] Compiling typescript
[ 02/05/2024-01:31:48 ] [ _.Compilation._ ] Typescript compilled successfully
[ 02/05/2024-01:31:48 ] [ _.Compilation._ ] Deleting deleting unnecessary files
[ 02/05/2024-01:31:48 ] [ _.Compilation._ ] Starting code obfuscation
[ 02/05/2024-01:31:48 ] [ _.Compilation._ ] Starting Obfuscate...


[ 02/05/2024-01:32:02 ] [ _.Compilation._ ] Starting file union
[ 02/05/2024-01:32:05 ] [ _.Compilation._ ] Union Complete, copying asset files
[ 02/05/2024-01:34:05 ] [ _.Compilation._ ] Starting build progress in mode
[ 02/05/2024-01:34:05 ] [ _.Compilation._ ] Cleaning rest trash
[ 02/05/2024-01:34:05 ] [ _.Compilation._ ] Deleting "./dist" ...
[ 02/05/2024-01:34:05 ] [ _.Compilation._ ] Deleting "./build" ...
[ 02/05/2024-01:34:05 ] [ _.Compilation._ ] Compiling typescript
[ 02/05/2024-01:34:20 ] [ _.Compilation._ ] Typescript compilled successfully
[ 02/05/2024-01:34:20 ] [ _.Compilation._ ] Deleting deleting unnecessary files
[ 02/05/2024-01:34:20 ] [ _.Compilation._ ] Starting code obfuscation
[ 02/05/2024-01:34:20 ] [ _.Compilation._ ] Starting Obfuscate...


[ 02/05/2024-01:34:31 ] [ _.Compilation._ ] Starting file union
[ 02/05/2024-01:34:33 ] [ _.Compilation._ ] Union Complete, copying asset files
[ 02/05/2024-01:36:17 ] [ _.Compilation._ ] Starting build progress in mode
[ 02/05/2024-01:36:17 ] [ _.Compilation._ ] Cleaning rest trash
[ 02/05/2024-01:36:18 ] [ _.Compilation._ ] Deleting "./dist" ...
[ 02/05/2024-01:36:18 ] [ _.Compilation._ ] Deleting "./build" ...
[ 02/05/2024-01:36:18 ] [ _.Compilation._ ] Compiling typescript
[ 02/05/2024-01:36:37 ] [ _.Compilation._ ] Starting build progress in mode
[ 02/05/2024-01:36:37 ] [ _.Compilation._ ] Cleaning rest trash
[ 02/05/2024-01:36:37 ] [ _.Compilation._ ] Deleting "./build" ...
[ 02/05/2024-01:36:38 ] [ _.Compilation._ ] Compiling typescript
[ 02/05/2024-01:36:49 ] [ _.Compilation._ ] Typescript compilled successfully
[ 02/05/2024-01:36:49 ] [ _.Compilation._ ] Deleting deleting unnecessary files
[ 02/05/2024-01:36:49 ] [ _.Compilation._ ] Starting file union
[ 02/05/2024-01:36:52 ] [ _.Compilation._ ] Union Complete, copying asset files
[ 02/05/2024-01:42:49 ] [ _.Compilation._ ] Starting build progress in mode
[ 02/05/2024-01:42:49 ] [ _.Compilation._ ] Cleaning rest trash
[ 02/05/2024-01:42:49 ] [ _.Compilation._ ] Deleting "./dist" ...
[ 02/05/2024-01:42:49 ] [ _.Compilation._ ] Deleting "./build" ...
[ 02/05/2024-01:42:50 ] [ _.Compilation._ ] Compiling typescript
[ 02/05/2024-01:43:03 ] [ _.Compilation._ ] Typescript compilled successfully
[ 02/05/2024-01:43:03 ] [ _.Compilation._ ] Deleting deleting unnecessary files
[ 02/05/2024-01:43:03 ] [ _.Compilation._ ] Starting file union
[ 02/05/2024-01:44:26 ] [ _.Compilation._ ] Starting build progress in mode
[ 02/05/2024-01:44:26 ] [ _.Compilation._ ] Cleaning rest trash
[ 02/05/2024-01:44:26 ] [ _.Compilation._ ] Deleting "./dist" ...
[ 02/05/2024-01:44:26 ] [ _.Compilation._ ] Deleting "./build" ...
[ 02/05/2024-01:44:26 ] [ _.Compilation._ ] Compiling typescript
[ 02/05/2024-01:44:36 ] [ _.Compilation._ ] Typescript compilled successfully
[ 02/05/2024-01:44:36 ] [ _.Compilation._ ] Deleting deleting unnecessary files
[ 02/05/2024-01:44:36 ] [ _.Compilation._ ] Starting file union
[ 02/05/2024-01:44:37 ] [ _.Compilation._ ] Union Complete, copying asset files
[ 02/05/2024-01:45:48 ] [ _.Compilation._ ] Starting build progress in mode
[ 02/05/2024-01:45:48 ] [ _.Compilation._ ] Cleaning rest trash
[ 02/05/2024-01:45:49 ] [ _.Compilation._ ] Deleting "./dist" ...
[ 02/05/2024-01:45:49 ] [ _.Compilation._ ] Deleting "./build" ...
[ 02/05/2024-01:45:49 ] [ _.Compilation._ ] Compiling typescript
[ 02/05/2024-01:46:02 ] [ _.Compilation._ ] Typescript compilled successfully
[ 02/05/2024-01:46:02 ] [ _.Compilation._ ] Deleting deleting unnecessary files
[ 02/05/2024-01:46:02 ] [ _.Compilation._ ] Starting file union
[ 02/05/2024-01:46:02 ] [ _.Compilation._ ] Union Complete, copying asset files
[ 02/05/2024-01:46:57 ] [ _.Compilation._ ] Starting build progress in mode
[ 02/05/2024-01:46:57 ] [ _.Compilation._ ] Cleaning rest trash
[ 02/05/2024-01:46:57 ] [ _.Compilation._ ] Deleting "./dist" ...
[ 02/05/2024-01:46:57 ] [ _.Compilation._ ] Deleting "./build" ...
[ 02/05/2024-01:46:57 ] [ _.Compilation._ ] Compiling typescript
[ 02/05/2024-01:47:10 ] [ _.Compilation._ ] Starting build progress in mode
[ 02/05/2024-01:47:10 ] [ _.Compilation._ ] Cleaning rest trash
[ 02/05/2024-01:47:10 ] [ _.Compilation._ ] Deleting "./build" ...
[ 02/05/2024-01:47:11 ] [ _.Compilation._ ] Compiling typescript
[ 02/05/2024-01:47:34 ] [ _.Compilation._ ] Starting build progress in mode
[ 02/05/2024-01:47:34 ] [ _.Compilation._ ] Cleaning rest trash
[ 02/05/2024-01:47:34 ] [ _.Compilation._ ] Deleting "./dist" ...
[ 02/05/2024-01:47:34 ] [ _.Compilation._ ] Deleting "./build" ...
[ 02/05/2024-01:47:34 ] [ _.Compilation._ ] Compiling typescript
[ 02/05/2024-01:47:44 ] [ _.Compilation._ ] Typescript compilled successfully
[ 02/05/2024-01:47:44 ] [ _.Compilation._ ] Deleting deleting unnecessary files
[ 02/05/2024-01:47:44 ] [ _.Compilation._ ] Starting code obfuscation
[ 02/05/2024-01:47:44 ] [ _.Compilation._ ] Starting Obfuscate...


[ 02/05/2024-01:47:48 ] [ _.Compilation._ ] Starting file union
[ 02/05/2024-01:47:48 ] [ _.Compilation._ ] Union Complete, copying asset files
[ 02/05/2024-01:49:50 ] [ _.Compilation._ ] Starting build progress in mode
[ 02/05/2024-01:49:50 ] [ _.Compilation._ ] Cleaning rest trash
[ 02/05/2024-01:49:50 ] [ _.Compilation._ ] Deleting "./dist" ...
[ 02/05/2024-01:49:50 ] [ _.Compilation._ ] Deleting "./build" ...
[ 02/05/2024-01:49:50 ] [ _.Compilation._ ] Compiling typescript
[ 02/05/2024-01:50:10 ] [ _.Compilation._ ] Starting build progress in mode
[ 02/05/2024-01:50:10 ] [ _.Compilation._ ] Cleaning rest trash
[ 02/05/2024-01:50:11 ] [ _.Compilation._ ] Deleting "./build" ...
[ 02/05/2024-01:50:11 ] [ _.Compilation._ ] Compiling typescript
[ 02/05/2024-01:50:21 ] [ _.Compilation._ ] Typescript compilled successfully
[ 02/05/2024-01:50:21 ] [ _.Compilation._ ] Deleting deleting unnecessary files
[ 02/05/2024-01:50:21 ] [ _.Compilation._ ] Starting code obfuscation
[ 02/05/2024-01:50:21 ] [ _.Compilation._ ] Starting Obfuscate...


[ 02/05/2024-01:50:25 ] [ _.Compilation._ ] Starting file union
[ 02/05/2024-01:50:25 ] [ _.Compilation._ ] Union Complete, copying asset files
[ 02/05/2024-01:54:38 ] [ _.Compilation._ ] Starting build progress in mode
[ 02/05/2024-01:54:38 ] [ _.Compilation._ ] Cleaning rest trash
[ 02/05/2024-01:54:38 ] [ _.Compilation._ ] Deleting "./dist" ...
[ 02/05/2024-01:54:38 ] [ _.Compilation._ ] Deleting "./build" ...
[ 02/05/2024-01:54:38 ] [ _.Compilation._ ] Deleting "./app/Structurales.ts" ...
[ 02/05/2024-01:54:38 ] [ _.Compilation._ ] Compiling typescript
[ 02/05/2024-01:54:48 ] [ _.Compilation._ ] Typescript compilled successfully
[ 02/05/2024-01:54:48 ] [ _.Compilation._ ] Deleting deleting unnecessary files
[ 02/05/2024-01:54:48 ] [ _.Compilation._ ] Starting code obfuscation
[ 02/05/2024-01:54:48 ] [ _.Compilation._ ] Starting Obfuscate...


[ 02/05/2024-01:54:51 ] [ _.Compilation._ ] Starting file union
[ 02/05/2024-01:54:52 ] [ _.Compilation._ ] Union Complete, copying asset files
[ 02/05/2024-01:54:52 ] [ _.Compilation._ ] Ending build
[ 02/05/2024-01:56:06 ] [ _.Compilation._ ] Starting build progress in mode
[ 02/05/2024-01:56:06 ] [ _.Compilation._ ] Cleaning rest trash
[ 02/05/2024-01:56:06 ] [ _.Compilation._ ] Deleting "./dist" ...
[ 02/05/2024-01:56:06 ] [ _.Compilation._ ] Deleting "./build" ...
[ 02/05/2024-01:56:06 ] [ _.Compilation._ ] Deleting "./app/Structurales.ts" ...
[ 02/05/2024-01:56:07 ] [ _.Compilation._ ] Compiling typescript
[ 02/05/2024-01:56:17 ] [ _.Compilation._ ] Typescript compilled successfully
[ 02/05/2024-01:56:17 ] [ _.Compilation._ ] Deleting deleting unnecessary files
[ 02/05/2024-01:56:17 ] [ _.Compilation._ ] Starting code obfuscation
[ 02/05/2024-01:56:17 ] [ _.Compilation._ ] Starting Obfuscate...


[ 02/05/2024-01:56:20 ] [ _.Compilation._ ] Starting file union
[ 02/05/2024-01:56:21 ] [ _.Compilation._ ] Union Complete, copying asset files
[ 02/05/2024-01:56:21 ] [ _.Compilation._ ] Ending build
