[ 30/04/2024-00:10:08 ] [ _.SQL._ ] "Query": "PRAGMA foreign_keys = OFF"
[ 30/04/2024-00:10:08 ] [ _.SQL._ ] "Query": "BEGIN TRANSACTION"
[ 30/04/2024-00:10:08 ] [ _.SQL._ ] "Query": "SELECT * FROM "sqlite_master" WHERE "type" = 'table' AND "name" IN ('users','Activities')"
[ 30/04/2024-00:10:08 ] [ _.SQL._ ] "Query": "SELECT * FROM "sqlite_master" WHERE "type" = 'index' AND "tbl_name" IN ('users','Activities')"
[ 30/04/2024-00:10:08 ] [ _.SQL._ ] "Query": "SELECT * FROM "sqlite_master" WHERE "type" = 'table' AND "name" = 'typeorm_metadata'"
[ 30/04/2024-00:10:08 ] [ _.SQL._ ] "Query": "CREATE TABLE "users" ("id" integer PRIMARY KEY AUTOINCREMENT NOT NULL, "username" varchar NOT NULL, "email" varchar NOT NULL, "lang" varchar NOT NULL DEFAULT ('pt-BR'), "password" varchar NOT NULL, "permission" integer NOT NULL DEFAULT (1), "uuid" varchar NOT NULL, "remember" varchar, "suspended" boolean, "suspendedReason" varchar, "createdAt" datetime NOT NULL DEFAULT (datetime('now')), "updatedAt" datetime NOT NULL DEFAULT (datetime('now')))"
[ 30/04/2024-00:10:08 ] [ _.SQL._ ] "Query": "CREATE TABLE "Activities" ("id" integer PRIMARY KEY AUTOINCREMENT NOT NULL, "createdAt" datetime NOT NULL DEFAULT (datetime('now')), "updatedAt" datetime NOT NULL DEFAULT (datetime('now')), "user_uuid" varchar NOT NULL, "type" varchar NOT NULL, "action" varchar NOT NULL, "path" varchar NOT NULL, "ip" varchar NOT NULL, "alert" varchar NOT NULL, "admin" boolean NOT NULL)"
[ 30/04/2024-00:10:08 ] [ _.SQL._ ] "Query": "COMMIT"
[ 30/04/2024-00:10:08 ] [ _.SQL._ ] "Query": "PRAGMA foreign_keys = ON"
[ 30/04/2024-00:10:09 ] [ _.SQL._ ] "Query": "BEGIN TRANSACTION"
[ 30/04/2024-00:10:10 ] [ _.SQL._ ] "Query": "INSERT INTO "users"("id", "username", "email", "lang", "password", "permission", "uuid", "remember", "suspended", "suspendedReason", "createdAt", "updatedAt") VALUES (NULL, ?, ?, ?, ?, 8, ?, NULL, NULL, NULL, datetime('now'), datetime('now'))"
[ 30/04/2024-00:10:10 ] [ _.SQL._ ] "Params": "["admin","admin@gmail.com","pt-BR","$2b$10$X8ou1rRh9SY0y7rfEJS4q.h/8Tc4gJVKqFr4XtFQK7u5nuRl5j8iy","a8fff5f1-20cc-4bc5-959e-a7b0930964ae"]"
[ 30/04/2024-00:10:10 ] [ _.SQL._ ] "Query": "SELECT "User"."id" AS "User_id", "User"."lang" AS "User_lang", "User"."permission" AS "User_permission", "User"."createdAt" AS "User_createdAt", "User"."updatedAt" AS "User_updatedAt" FROM "users" "User" WHERE "User"."id" = 1"
[ 30/04/2024-00:10:10 ] [ _.SQL._ ] "Params": "[]"
[ 30/04/2024-00:10:10 ] [ _.SQL._ ] "Query": "COMMIT"
[ 30/04/2024-00:10:10 ] [ _.SQL._ ] "Query": "BEGIN TRANSACTION"
[ 30/04/2024-00:10:10 ] [ _.SQL._ ] "Query": "INSERT INTO "Activities"("id", "createdAt", "updatedAt", "user_uuid", "type", "action", "path", "ip", "alert", "admin") VALUES (NULL, datetime('now'), datetime('now'), ?, ?, ?, ?, ?, ?, 1)"
[ 30/04/2024-00:10:10 ] [ _.SQL._ ] "Params": "["System","System","Criou o usuário admin","Internal","Internal","Info"]"
[ 30/04/2024-00:10:10 ] [ _.SQL._ ] "Query": "SELECT "Activities"."id" AS "Activities_id", "Activities"."createdAt" AS "Activities_createdAt", "Activities"."updatedAt" AS "Activities_updatedAt" FROM "Activities" "Activities" WHERE "Activities"."id" = 1"
[ 30/04/2024-00:10:10 ] [ _.SQL._ ] "Params": "[]"
[ 30/04/2024-00:10:10 ] [ _.SQL._ ] "Query": "COMMIT"
[ 30/04/2024-00:10:34 ] [ _.SQL._ ] "Query": "PRAGMA foreign_keys = OFF"
[ 30/04/2024-00:10:34 ] [ _.SQL._ ] "Query": "BEGIN TRANSACTION"
[ 30/04/2024-00:10:34 ] [ _.SQL._ ] "Query": "SELECT * FROM "sqlite_master" WHERE "type" = 'table' AND "name" IN ('users','Activities')"
[ 30/04/2024-00:10:34 ] [ _.SQL._ ] "Query": "SELECT * FROM "sqlite_master" WHERE "type" = 'index' AND "tbl_name" IN ('users','Activities')"
[ 30/04/2024-00:10:34 ] [ _.SQL._ ] "Query": "SELECT * FROM "sqlite_master" WHERE "type" = 'table' AND "name" = 'typeorm_metadata'"
[ 30/04/2024-00:10:34 ] [ _.SQL._ ] "Query": "CREATE TABLE "users" ("id" integer PRIMARY KEY AUTOINCREMENT NOT NULL, "username" varchar NOT NULL, "email" varchar NOT NULL, "lang" varchar NOT NULL DEFAULT ('pt-BR'), "password" varchar NOT NULL, "permission" integer NOT NULL DEFAULT (1), "uuid" varchar NOT NULL, "remember" varchar, "suspended" boolean, "suspendedReason" varchar, "createdAt" datetime NOT NULL DEFAULT (datetime('now')), "updatedAt" datetime NOT NULL DEFAULT (datetime('now')))"
[ 30/04/2024-00:10:35 ] [ _.SQL._ ] "Query": "CREATE TABLE "Activities" ("id" integer PRIMARY KEY AUTOINCREMENT NOT NULL, "createdAt" datetime NOT NULL DEFAULT (datetime('now')), "updatedAt" datetime NOT NULL DEFAULT (datetime('now')), "user_uuid" varchar NOT NULL, "type" varchar NOT NULL, "action" varchar NOT NULL, "path" varchar NOT NULL, "ip" varchar NOT NULL, "alert" varchar NOT NULL, "admin" boolean NOT NULL)"
[ 30/04/2024-00:10:35 ] [ _.SQL._ ] "Query": "COMMIT"
[ 30/04/2024-00:10:35 ] [ _.SQL._ ] "Query": "PRAGMA foreign_keys = ON"
[ 30/04/2024-00:10:36 ] [ _.SQL._ ] "Query": "BEGIN TRANSACTION"
[ 30/04/2024-00:10:36 ] [ _.SQL._ ] "Query": "INSERT INTO "users"("id", "username", "email", "lang", "password", "permission", "uuid", "remember", "suspended", "suspendedReason", "createdAt", "updatedAt") VALUES (NULL, ?, ?, ?, ?, 8, ?, NULL, NULL, NULL, datetime('now'), datetime('now'))"
[ 30/04/2024-00:10:36 ] [ _.SQL._ ] "Params": "["admin","admin@gmail.com","pt-BR","$2b$10$gxLgBwE4AVoh4AtJmvbD7eAqtC0V5ZrRcYErPOelAPvc3TcEEFrzu","ffe9917c-3321-423e-98d1-0522af9c1c69"]"
[ 30/04/2024-00:10:36 ] [ _.SQL._ ] "Query": "SELECT "User"."id" AS "User_id", "User"."lang" AS "User_lang", "User"."permission" AS "User_permission", "User"."createdAt" AS "User_createdAt", "User"."updatedAt" AS "User_updatedAt" FROM "users" "User" WHERE "User"."id" = 1"
[ 30/04/2024-00:10:36 ] [ _.SQL._ ] "Params": "[]"
[ 30/04/2024-00:10:36 ] [ _.SQL._ ] "Query": "COMMIT"
[ 30/04/2024-00:10:36 ] [ _.SQL._ ] "Query": "BEGIN TRANSACTION"
[ 30/04/2024-00:10:36 ] [ _.SQL._ ] "Query": "INSERT INTO "Activities"("id", "createdAt", "updatedAt", "user_uuid", "type", "action", "path", "ip", "alert", "admin") VALUES (NULL, datetime('now'), datetime('now'), ?, ?, ?, ?, ?, ?, 1)"
[ 30/04/2024-00:10:36 ] [ _.SQL._ ] "Params": "["System","System","Criou o usuário admin","Internal","Internal","Info"]"
[ 30/04/2024-00:10:36 ] [ _.SQL._ ] "Query": "SELECT "Activities"."id" AS "Activities_id", "Activities"."createdAt" AS "Activities_createdAt", "Activities"."updatedAt" AS "Activities_updatedAt" FROM "Activities" "Activities" WHERE "Activities"."id" = 1"
[ 30/04/2024-00:10:36 ] [ _.SQL._ ] "Params": "[]"
[ 30/04/2024-00:10:36 ] [ _.SQL._ ] "Query": "COMMIT"
[ 30/04/2024-00:10:48 ] [ _.SQL._ ] "Query": "PRAGMA foreign_keys = OFF"
[ 30/04/2024-00:10:55 ] [ _.SQL._ ] "Query": "PRAGMA foreign_keys = OFF"
[ 30/04/2024-00:10:55 ] [ _.SQL._ ] "Query": "BEGIN TRANSACTION"
[ 30/04/2024-00:10:55 ] [ _.SQL._ ] "Query": "SELECT * FROM "sqlite_master" WHERE "type" = 'table' AND "name" IN ('users','Activities')"
[ 30/04/2024-00:10:55 ] [ _.SQL._ ] "Query": "SELECT * FROM "sqlite_master" WHERE "type" = 'index' AND "tbl_name" IN ('users','Activities')"
[ 30/04/2024-00:10:55 ] [ _.SQL._ ] "Query": "SELECT * FROM "sqlite_master" WHERE "type" = 'table' AND "name" = 'typeorm_metadata'"
[ 30/04/2024-00:10:55 ] [ _.SQL._ ] "Query": "CREATE TABLE "users" ("id" integer PRIMARY KEY AUTOINCREMENT NOT NULL, "username" varchar NOT NULL, "email" varchar NOT NULL, "lang" varchar NOT NULL DEFAULT ('pt-BR'), "password" varchar NOT NULL, "permission" integer NOT NULL DEFAULT (1), "uuid" varchar NOT NULL, "remember" varchar, "suspended" boolean, "suspendedReason" varchar, "createdAt" datetime NOT NULL DEFAULT (datetime('now')), "updatedAt" datetime NOT NULL DEFAULT (datetime('now')))"
[ 30/04/2024-00:10:55 ] [ _.SQL._ ] "Query": "CREATE TABLE "Activities" ("id" integer PRIMARY KEY AUTOINCREMENT NOT NULL, "createdAt" datetime NOT NULL DEFAULT (datetime('now')), "updatedAt" datetime NOT NULL DEFAULT (datetime('now')), "user_uuid" varchar NOT NULL, "type" varchar NOT NULL, "action" varchar NOT NULL, "path" varchar NOT NULL, "ip" varchar NOT NULL, "alert" varchar NOT NULL, "admin" boolean NOT NULL)"
[ 30/04/2024-00:10:55 ] [ _.SQL._ ] "Query": "COMMIT"
[ 30/04/2024-00:10:55 ] [ _.SQL._ ] "Query": "PRAGMA foreign_keys = ON"
[ 30/04/2024-00:10:56 ] [ _.SQL._ ] "Query": "BEGIN TRANSACTION"
[ 30/04/2024-00:10:56 ] [ _.SQL._ ] "Query": "INSERT INTO "users"("id", "username", "email", "lang", "password", "permission", "uuid", "remember", "suspended", "suspendedReason", "createdAt", "updatedAt") VALUES (NULL, ?, ?, ?, ?, 8, ?, NULL, NULL, NULL, datetime('now'), datetime('now'))"
[ 30/04/2024-00:10:56 ] [ _.SQL._ ] "Params": "["admin","admin@gmail.com","pt-BR","$2b$10$Yc8dDnaXvXuqX618XckrReqwzWLJwl6rnT0/cSKinx5alM52piIMS","e045b902-11ff-4003-88b2-1fb70c126d8c"]"
[ 30/04/2024-00:10:56 ] [ _.SQL._ ] "Query": "SELECT "User"."id" AS "User_id", "User"."lang" AS "User_lang", "User"."permission" AS "User_permission", "User"."createdAt" AS "User_createdAt", "User"."updatedAt" AS "User_updatedAt" FROM "users" "User" WHERE "User"."id" = 1"
[ 30/04/2024-00:10:56 ] [ _.SQL._ ] "Params": "[]"
[ 30/04/2024-00:10:56 ] [ _.SQL._ ] "Query": "COMMIT"
[ 30/04/2024-00:10:56 ] [ _.SQL._ ] "Query": "BEGIN TRANSACTION"
[ 30/04/2024-00:10:56 ] [ _.SQL._ ] "Query": "INSERT INTO "Activities"("id", "createdAt", "updatedAt", "user_uuid", "type", "action", "path", "ip", "alert", "admin") VALUES (NULL, datetime('now'), datetime('now'), ?, ?, ?, ?, ?, ?, 1)"
[ 30/04/2024-00:10:56 ] [ _.SQL._ ] "Params": "["System","System","Criou o usuário admin","Internal","Internal","Info"]"
[ 30/04/2024-00:10:56 ] [ _.SQL._ ] "Query": "SELECT "Activities"."id" AS "Activities_id", "Activities"."createdAt" AS "Activities_createdAt", "Activities"."updatedAt" AS "Activities_updatedAt" FROM "Activities" "Activities" WHERE "Activities"."id" = 1"
[ 30/04/2024-00:10:56 ] [ _.SQL._ ] "Params": "[]"
[ 30/04/2024-00:10:56 ] [ _.SQL._ ] "Query": "COMMIT"
[ 30/04/2024-00:11:21 ] [ _.SQL._ ] "Query": "PRAGMA foreign_keys = OFF"
[ 30/04/2024-00:11:21 ] [ _.SQL._ ] "Query": "BEGIN TRANSACTION"
[ 30/04/2024-00:11:21 ] [ _.SQL._ ] "Query": "SELECT * FROM "sqlite_master" WHERE "type" = 'table' AND "name" IN ('users','Activities')"
[ 30/04/2024-00:11:21 ] [ _.SQL._ ] "Query": "SELECT * FROM "sqlite_master" WHERE "type" = 'index' AND "tbl_name" IN ('users','Activities')"
[ 30/04/2024-00:11:21 ] [ _.SQL._ ] "Query": "SELECT * FROM "sqlite_master" WHERE "type" = 'table' AND "name" = 'typeorm_metadata'"
[ 30/04/2024-00:11:21 ] [ _.SQL._ ] "Query": "CREATE TABLE "users" ("id" integer PRIMARY KEY AUTOINCREMENT NOT NULL, "username" varchar NOT NULL, "email" varchar NOT NULL, "lang" varchar NOT NULL DEFAULT ('pt-BR'), "password" varchar NOT NULL, "permission" integer NOT NULL DEFAULT (1), "uuid" varchar NOT NULL, "remember" varchar, "suspended" boolean, "suspendedReason" varchar, "createdAt" datetime NOT NULL DEFAULT (datetime('now')), "updatedAt" datetime NOT NULL DEFAULT (datetime('now')))"
[ 30/04/2024-00:11:21 ] [ _.SQL._ ] "Query": "CREATE TABLE "Activities" ("id" integer PRIMARY KEY AUTOINCREMENT NOT NULL, "createdAt" datetime NOT NULL DEFAULT (datetime('now')), "updatedAt" datetime NOT NULL DEFAULT (datetime('now')), "user_uuid" varchar NOT NULL, "type" varchar NOT NULL, "action" varchar NOT NULL, "path" varchar NOT NULL, "ip" varchar NOT NULL, "alert" varchar NOT NULL, "admin" boolean NOT NULL)"
[ 30/04/2024-00:11:21 ] [ _.SQL._ ] "Query": "COMMIT"
[ 30/04/2024-00:11:22 ] [ _.SQL._ ] "Query": "PRAGMA foreign_keys = ON"
[ 30/04/2024-00:11:28 ] [ _.SQL._ ] "Query": "PRAGMA foreign_keys = OFF"
[ 30/04/2024-00:11:28 ] [ _.SQL._ ] "Query": "BEGIN TRANSACTION"
[ 30/04/2024-00:11:28 ] [ _.SQL._ ] "Query": "SELECT * FROM "sqlite_master" WHERE "type" = 'table' AND "name" IN ('users','Activities')"
[ 30/04/2024-00:11:28 ] [ _.SQL._ ] "Query": "SELECT * FROM "sqlite_master" WHERE "type" = 'index' AND "tbl_name" IN ('users','Activities')"
[ 30/04/2024-00:11:28 ] [ _.SQL._ ] "Query": "SELECT * FROM "sqlite_master" WHERE "type" = 'table' AND "name" = 'typeorm_metadata'"
[ 30/04/2024-00:11:29 ] [ _.SQL._ ] "Query": "CREATE TABLE "users" ("id" integer PRIMARY KEY AUTOINCREMENT NOT NULL, "username" varchar NOT NULL, "email" varchar NOT NULL, "lang" varchar NOT NULL DEFAULT ('pt-BR'), "password" varchar NOT NULL, "permission" integer NOT NULL DEFAULT (1), "uuid" varchar NOT NULL, "remember" varchar, "suspended" boolean, "suspendedReason" varchar, "createdAt" datetime NOT NULL DEFAULT (datetime('now')), "updatedAt" datetime NOT NULL DEFAULT (datetime('now')))"
[ 30/04/2024-00:11:29 ] [ _.SQL._ ] "Query": "CREATE TABLE "Activities" ("id" integer PRIMARY KEY AUTOINCREMENT NOT NULL, "createdAt" datetime NOT NULL DEFAULT (datetime('now')), "updatedAt" datetime NOT NULL DEFAULT (datetime('now')), "user_uuid" varchar NOT NULL, "type" varchar NOT NULL, "action" varchar NOT NULL, "path" varchar NOT NULL, "ip" varchar NOT NULL, "alert" varchar NOT NULL, "admin" boolean NOT NULL)"
[ 30/04/2024-00:11:29 ] [ _.SQL._ ] "Query": "COMMIT"
[ 30/04/2024-00:11:29 ] [ _.SQL._ ] "Query": "PRAGMA foreign_keys = ON"
[ 30/04/2024-00:11:30 ] [ _.SQL._ ] "Query": "BEGIN TRANSACTION"
[ 30/04/2024-00:11:30 ] [ _.SQL._ ] "Query": "INSERT INTO "users"("id", "username", "email", "lang", "password", "permission", "uuid", "remember", "suspended", "suspendedReason", "createdAt", "updatedAt") VALUES (NULL, ?, ?, ?, ?, 8, ?, NULL, NULL, NULL, datetime('now'), datetime('now'))"
[ 30/04/2024-00:11:30 ] [ _.SQL._ ] "Params": "["admin","admin@gmail.com","pt-BR","$2b$10$xnvlOabmy/IJVUXzhFGcouiAeY6ZFdf97j1GCqx9NSI.vZuYKRXBC","b77a03c3-d4f7-4746-bbb7-2c350e22b332"]"
[ 30/04/2024-00:11:30 ] [ _.SQL._ ] "Query": "SELECT "User"."id" AS "User_id", "User"."lang" AS "User_lang", "User"."permission" AS "User_permission", "User"."createdAt" AS "User_createdAt", "User"."updatedAt" AS "User_updatedAt" FROM "users" "User" WHERE "User"."id" = 1"
[ 30/04/2024-00:11:30 ] [ _.SQL._ ] "Params": "[]"
[ 30/04/2024-00:11:30 ] [ _.SQL._ ] "Query": "COMMIT"
[ 30/04/2024-00:11:30 ] [ _.SQL._ ] "Query": "BEGIN TRANSACTION"
[ 30/04/2024-00:11:30 ] [ _.SQL._ ] "Query": "INSERT INTO "Activities"("id", "createdAt", "updatedAt", "user_uuid", "type", "action", "path", "ip", "alert", "admin") VALUES (NULL, datetime('now'), datetime('now'), ?, ?, ?, ?, ?, ?, 1)"
[ 30/04/2024-00:11:30 ] [ _.SQL._ ] "Params": "["System","System","Criou o usuário admin","Internal","Internal","Info"]"
[ 30/04/2024-00:11:30 ] [ _.SQL._ ] "Query": "SELECT "Activities"."id" AS "Activities_id", "Activities"."createdAt" AS "Activities_createdAt", "Activities"."updatedAt" AS "Activities_updatedAt" FROM "Activities" "Activities" WHERE "Activities"."id" = 1"
[ 30/04/2024-00:11:30 ] [ _.SQL._ ] "Params": "[]"
[ 30/04/2024-00:11:30 ] [ _.SQL._ ] "Query": "COMMIT"
[ 30/04/2024-00:12:23 ] [ _.SQL._ ] "Query": "PRAGMA foreign_keys = OFF"
[ 30/04/2024-00:12:23 ] [ _.SQL._ ] "Query": "BEGIN TRANSACTION"
[ 30/04/2024-00:12:23 ] [ _.SQL._ ] "Query": "SELECT * FROM "sqlite_master" WHERE "type" = 'table' AND "name" IN ('users','Activities')"
[ 30/04/2024-00:12:23 ] [ _.SQL._ ] "Query": "SELECT * FROM "sqlite_master" WHERE "type" = 'index' AND "tbl_name" IN ('users','Activities')"
[ 30/04/2024-00:12:23 ] [ _.SQL._ ] "Query": "SELECT * FROM "sqlite_master" WHERE "type" = 'table' AND "name" = 'typeorm_metadata'"
[ 30/04/2024-00:12:23 ] [ _.SQL._ ] "Query": "CREATE TABLE "users" ("id" integer PRIMARY KEY AUTOINCREMENT NOT NULL, "username" varchar NOT NULL, "email" varchar NOT NULL, "lang" varchar NOT NULL DEFAULT ('pt-BR'), "password" varchar NOT NULL, "permission" integer NOT NULL DEFAULT (1), "uuid" varchar NOT NULL, "remember" varchar, "suspended" boolean, "suspendedReason" varchar, "createdAt" datetime NOT NULL DEFAULT (datetime('now')), "updatedAt" datetime NOT NULL DEFAULT (datetime('now')))"
[ 30/04/2024-00:12:23 ] [ _.SQL._ ] "Query": "CREATE TABLE "Activities" ("id" integer PRIMARY KEY AUTOINCREMENT NOT NULL, "createdAt" datetime NOT NULL DEFAULT (datetime('now')), "updatedAt" datetime NOT NULL DEFAULT (datetime('now')), "user_uuid" varchar NOT NULL, "type" varchar NOT NULL, "action" varchar NOT NULL, "path" varchar NOT NULL, "ip" varchar NOT NULL, "alert" varchar NOT NULL, "admin" boolean NOT NULL)"
[ 30/04/2024-00:12:23 ] [ _.SQL._ ] "Query": "COMMIT"
[ 30/04/2024-00:12:23 ] [ _.SQL._ ] "Query": "PRAGMA foreign_keys = ON"
[ 30/04/2024-00:12:24 ] [ _.SQL._ ] "Query": "BEGIN TRANSACTION"
[ 30/04/2024-00:12:24 ] [ _.SQL._ ] "Query": "INSERT INTO "users"("id", "username", "email", "lang", "password", "permission", "uuid", "remember", "suspended", "suspendedReason", "createdAt", "updatedAt") VALUES (NULL, ?, ?, ?, ?, 8, ?, NULL, NULL, NULL, datetime('now'), datetime('now'))"
[ 30/04/2024-00:12:24 ] [ _.SQL._ ] "Params": "["admin","admin@gmail.com","pt-BR","$2b$10$/NS14B1k.Me6dh.QvgqgIeL.t9cjAo3pXeVlC1u.i2BQCuupj5Yn2","22f98c26-7c4f-4909-be79-ab18392259f8"]"
[ 30/04/2024-00:12:24 ] [ _.SQL._ ] "Query": "SELECT "User"."id" AS "User_id", "User"."lang" AS "User_lang", "User"."permission" AS "User_permission", "User"."createdAt" AS "User_createdAt", "User"."updatedAt" AS "User_updatedAt" FROM "users" "User" WHERE "User"."id" = 1"
[ 30/04/2024-00:12:24 ] [ _.SQL._ ] "Params": "[]"
[ 30/04/2024-00:12:24 ] [ _.SQL._ ] "Query": "COMMIT"
[ 30/04/2024-00:12:24 ] [ _.SQL._ ] "Query": "BEGIN TRANSACTION"
[ 30/04/2024-00:12:24 ] [ _.SQL._ ] "Query": "INSERT INTO "Activities"("id", "createdAt", "updatedAt", "user_uuid", "type", "action", "path", "ip", "alert", "admin") VALUES (NULL, datetime('now'), datetime('now'), ?, ?, ?, ?, ?, ?, 1)"
[ 30/04/2024-00:12:24 ] [ _.SQL._ ] "Params": "["System","System","Criou o usuário admin","Internal","Internal","Info"]"
[ 30/04/2024-00:12:24 ] [ _.SQL._ ] "Query": "SELECT "Activities"."id" AS "Activities_id", "Activities"."createdAt" AS "Activities_createdAt", "Activities"."updatedAt" AS "Activities_updatedAt" FROM "Activities" "Activities" WHERE "Activities"."id" = 1"
[ 30/04/2024-00:12:24 ] [ _.SQL._ ] "Params": "[]"
[ 30/04/2024-00:12:24 ] [ _.SQL._ ] "Query": "COMMIT"
[ 30/04/2024-00:12:29 ] [ _.SQL._ ] "Query": "PRAGMA foreign_keys = OFF"
[ 30/04/2024-00:12:29 ] [ _.SQL._ ] "Query": "BEGIN TRANSACTION"
[ 30/04/2024-00:12:29 ] [ _.SQL._ ] "Query": "SELECT * FROM "sqlite_master" WHERE "type" = 'table' AND "name" IN ('users','Activities')"
[ 30/04/2024-00:12:29 ] [ _.SQL._ ] "Query": "SELECT * FROM "sqlite_master" WHERE "type" = 'index' AND "tbl_name" IN ('users','Activities')"
[ 30/04/2024-00:12:29 ] [ _.SQL._ ] "Query": "SELECT * FROM "sqlite_master" WHERE "type" = 'table' AND "name" = 'typeorm_metadata'"
[ 30/04/2024-00:12:30 ] [ _.SQL._ ] "Query": "CREATE TABLE "users" ("id" integer PRIMARY KEY AUTOINCREMENT NOT NULL, "username" varchar NOT NULL, "email" varchar NOT NULL, "lang" varchar NOT NULL DEFAULT ('pt-BR'), "password" varchar NOT NULL, "permission" integer NOT NULL DEFAULT (1), "uuid" varchar NOT NULL, "remember" varchar, "suspended" boolean, "suspendedReason" varchar, "createdAt" datetime NOT NULL DEFAULT (datetime('now')), "updatedAt" datetime NOT NULL DEFAULT (datetime('now')))"
[ 30/04/2024-00:12:30 ] [ _.SQL._ ] "Query": "CREATE TABLE "Activities" ("id" integer PRIMARY KEY AUTOINCREMENT NOT NULL, "createdAt" datetime NOT NULL DEFAULT (datetime('now')), "updatedAt" datetime NOT NULL DEFAULT (datetime('now')), "user_uuid" varchar NOT NULL, "type" varchar NOT NULL, "action" varchar NOT NULL, "path" varchar NOT NULL, "ip" varchar NOT NULL, "alert" varchar NOT NULL, "admin" boolean NOT NULL)"
[ 30/04/2024-00:12:30 ] [ _.SQL._ ] "Query": "COMMIT"
[ 30/04/2024-00:12:30 ] [ _.SQL._ ] "Query": "PRAGMA foreign_keys = ON"
[ 30/04/2024-00:12:31 ] [ _.SQL._ ] "Query": "BEGIN TRANSACTION"
[ 30/04/2024-00:12:31 ] [ _.SQL._ ] "Query": "INSERT INTO "users"("id", "username", "email", "lang", "password", "permission", "uuid", "remember", "suspended", "suspendedReason", "createdAt", "updatedAt") VALUES (NULL, ?, ?, ?, ?, 8, ?, NULL, NULL, NULL, datetime('now'), datetime('now'))"
[ 30/04/2024-00:12:31 ] [ _.SQL._ ] "Params": "["admin","admin@gmail.com","pt-BR","$2b$10$K7SFvtc6xM7kuMbKzJ3ANuFYlvIptADZnCY2DutQFSSpe5lx6123i","897e7cc6-7ecb-4efa-980e-019ff3a72deb"]"
[ 30/04/2024-00:12:31 ] [ _.SQL._ ] "Query": "SELECT "User"."id" AS "User_id", "User"."lang" AS "User_lang", "User"."permission" AS "User_permission", "User"."createdAt" AS "User_createdAt", "User"."updatedAt" AS "User_updatedAt" FROM "users" "User" WHERE "User"."id" = 1"
[ 30/04/2024-00:12:31 ] [ _.SQL._ ] "Params": "[]"
[ 30/04/2024-00:12:31 ] [ _.SQL._ ] "Query": "COMMIT"
[ 30/04/2024-00:12:31 ] [ _.SQL._ ] "Query": "BEGIN TRANSACTION"
[ 30/04/2024-00:12:31 ] [ _.SQL._ ] "Query": "INSERT INTO "Activities"("id", "createdAt", "updatedAt", "user_uuid", "type", "action", "path", "ip", "alert", "admin") VALUES (NULL, datetime('now'), datetime('now'), ?, ?, ?, ?, ?, ?, 1)"
[ 30/04/2024-00:12:31 ] [ _.SQL._ ] "Params": "["System","System","Criou o usuário admin","Internal","Internal","Info"]"
[ 30/04/2024-00:12:31 ] [ _.SQL._ ] "Query": "SELECT "Activities"."id" AS "Activities_id", "Activities"."createdAt" AS "Activities_createdAt", "Activities"."updatedAt" AS "Activities_updatedAt" FROM "Activities" "Activities" WHERE "Activities"."id" = 1"
[ 30/04/2024-00:12:31 ] [ _.SQL._ ] "Params": "[]"
[ 30/04/2024-00:12:31 ] [ _.SQL._ ] "Query": "COMMIT"
[ 30/04/2024-00:12:38 ] [ _.SQL._ ] "Query": "PRAGMA foreign_keys = OFF"
[ 30/04/2024-00:12:38 ] [ _.SQL._ ] "Query": "BEGIN TRANSACTION"
[ 30/04/2024-00:12:38 ] [ _.SQL._ ] "Query": "SELECT * FROM "sqlite_master" WHERE "type" = 'table' AND "name" IN ('users','Activities')"
[ 30/04/2024-00:12:38 ] [ _.SQL._ ] "Query": "SELECT * FROM "sqlite_master" WHERE "type" = 'index' AND "tbl_name" IN ('users','Activities')"
[ 30/04/2024-00:12:38 ] [ _.SQL._ ] "Query": "SELECT * FROM "sqlite_master" WHERE "type" = 'table' AND "name" = 'typeorm_metadata'"
[ 30/04/2024-00:12:38 ] [ _.SQL._ ] "Query": "CREATE TABLE "users" ("id" integer PRIMARY KEY AUTOINCREMENT NOT NULL, "username" varchar NOT NULL, "email" varchar NOT NULL, "lang" varchar NOT NULL DEFAULT ('pt-BR'), "password" varchar NOT NULL, "permission" integer NOT NULL DEFAULT (1), "uuid" varchar NOT NULL, "remember" varchar, "suspended" boolean, "suspendedReason" varchar, "createdAt" datetime NOT NULL DEFAULT (datetime('now')), "updatedAt" datetime NOT NULL DEFAULT (datetime('now')))"
[ 30/04/2024-00:12:38 ] [ _.SQL._ ] "Query": "CREATE TABLE "Activities" ("id" integer PRIMARY KEY AUTOINCREMENT NOT NULL, "createdAt" datetime NOT NULL DEFAULT (datetime('now')), "updatedAt" datetime NOT NULL DEFAULT (datetime('now')), "user_uuid" varchar NOT NULL, "type" varchar NOT NULL, "action" varchar NOT NULL, "path" varchar NOT NULL, "ip" varchar NOT NULL, "alert" varchar NOT NULL, "admin" boolean NOT NULL)"
[ 30/04/2024-00:12:38 ] [ _.SQL._ ] "Query": "COMMIT"
[ 30/04/2024-00:12:38 ] [ _.SQL._ ] "Query": "PRAGMA foreign_keys = ON"
[ 30/04/2024-00:12:39 ] [ _.SQL._ ] "Query": "BEGIN TRANSACTION"
[ 30/04/2024-00:12:39 ] [ _.SQL._ ] "Query": "INSERT INTO "users"("id", "username", "email", "lang", "password", "permission", "uuid", "remember", "suspended", "suspendedReason", "createdAt", "updatedAt") VALUES (NULL, ?, ?, ?, ?, 8, ?, NULL, NULL, NULL, datetime('now'), datetime('now'))"
[ 30/04/2024-00:12:39 ] [ _.SQL._ ] "Params": "["admin","admin@gmail.com","pt-BR","$2b$10$oe5/jB3l.v7dmtHZOAOgreCMs.KSgQlKfcw7hEoRckICL.oWNx4K2","0e2722ff-65bc-42b6-a258-6027f2157f11"]"
[ 30/04/2024-00:12:39 ] [ _.SQL._ ] "Query": "SELECT "User"."id" AS "User_id", "User"."lang" AS "User_lang", "User"."permission" AS "User_permission", "User"."createdAt" AS "User_createdAt", "User"."updatedAt" AS "User_updatedAt" FROM "users" "User" WHERE "User"."id" = 1"
[ 30/04/2024-00:12:39 ] [ _.SQL._ ] "Params": "[]"
[ 30/04/2024-00:12:39 ] [ _.SQL._ ] "Query": "COMMIT"
[ 30/04/2024-00:12:39 ] [ _.SQL._ ] "Query": "BEGIN TRANSACTION"
[ 30/04/2024-00:12:39 ] [ _.SQL._ ] "Query": "INSERT INTO "Activities"("id", "createdAt", "updatedAt", "user_uuid", "type", "action", "path", "ip", "alert", "admin") VALUES (NULL, datetime('now'), datetime('now'), ?, ?, ?, ?, ?, ?, 1)"
[ 30/04/2024-00:12:39 ] [ _.SQL._ ] "Params": "["System","System","Criou o usuário admin","Internal","Internal","Info"]"
[ 30/04/2024-00:12:39 ] [ _.SQL._ ] "Query": "SELECT "Activities"."id" AS "Activities_id", "Activities"."createdAt" AS "Activities_createdAt", "Activities"."updatedAt" AS "Activities_updatedAt" FROM "Activities" "Activities" WHERE "Activities"."id" = 1"
[ 30/04/2024-00:12:39 ] [ _.SQL._ ] "Params": "[]"
[ 30/04/2024-00:12:39 ] [ _.SQL._ ] "Query": "COMMIT"
[ 30/04/2024-00:13:28 ] [ _.SQL._ ] "Query": "SELECT "User"."id" AS "User_id", "User"."username" AS "User_username", "User"."email" AS "User_email", "User"."lang" AS "User_lang", "User"."password" AS "User_password", "User"."permission" AS "User_permission", "User"."uuid" AS "User_uuid", "User"."remember" AS "User_remember", "User"."suspended" AS "User_suspended", "User"."suspendedReason" AS "User_suspendedReason", "User"."createdAt" AS "User_createdAt", "User"."updatedAt" AS "User_updatedAt" FROM "users" "User" WHERE (("User"."remember" = ?)) LIMIT 1"
[ 30/04/2024-00:13:28 ] [ _.SQL._ ] "Params": "["remember_me_qiZyZshByftVA7GzjQIsZzrFo53ooezlVHetjlPVztcw7yp7JdK3Cq2MHlR1dtVC"]"
[ 30/04/2024-00:13:31 ] [ _.SQL._ ] "Query": "SELECT "User"."id" AS "User_id", "User"."username" AS "User_username", "User"."email" AS "User_email", "User"."lang" AS "User_lang", "User"."password" AS "User_password", "User"."permission" AS "User_permission", "User"."uuid" AS "User_uuid", "User"."remember" AS "User_remember", "User"."suspended" AS "User_suspended", "User"."suspendedReason" AS "User_suspendedReason", "User"."createdAt" AS "User_createdAt", "User"."updatedAt" AS "User_updatedAt" FROM "users" "User" WHERE (("User"."email" = ?)) LIMIT 1"
[ 30/04/2024-00:13:31 ] [ _.SQL._ ] "Params": "["admin@gmail.com"]"
[ 30/04/2024-00:13:31 ] [ _.SQL._ ] "Query": "UPDATE "users" SET "remember" = ?, "updatedAt" = CURRENT_TIMESTAMP WHERE "uuid" = ?"
[ 30/04/2024-00:13:31 ] [ _.SQL._ ] "Params": "["3de8c9a9-d4f7-4ff4-b909-7236910b9327","0e2722ff-65bc-42b6-a258-6027f2157f11"]"
[ 30/04/2024-00:13:31 ] [ _.SQL._ ] "Query": "BEGIN TRANSACTION"
[ 30/04/2024-00:13:31 ] [ _.SQL._ ] "Query": "INSERT INTO "Activities"("id", "createdAt", "updatedAt", "user_uuid", "type", "action", "path", "ip", "alert", "admin") VALUES (NULL, datetime('now'), datetime('now'), ?, ?, ?, ?, ?, ?, 0)"
[ 30/04/2024-00:13:31 ] [ _.SQL._ ] "Params": "["0e2722ff-65bc-42b6-a258-6027f2157f11","User","MakedLogin","/auth/login","127.0.0.1","Info"]"
[ 30/04/2024-00:13:31 ] [ _.SQL._ ] "Query": "SELECT "Activities"."id" AS "Activities_id", "Activities"."createdAt" AS "Activities_createdAt", "Activities"."updatedAt" AS "Activities_updatedAt" FROM "Activities" "Activities" WHERE "Activities"."id" = 2"
[ 30/04/2024-00:13:31 ] [ _.SQL._ ] "Params": "[]"
[ 30/04/2024-00:13:31 ] [ _.SQL._ ] "Query": "COMMIT"
[ 30/04/2024-23:50:18 ] [ _.SQL._ ] "Query": "PRAGMA foreign_keys = OFF"
[ 30/04/2024-23:50:18 ] [ _.SQL._ ] "Query": "BEGIN TRANSACTION"
[ 30/04/2024-23:50:18 ] [ _.SQL._ ] "Query": "SELECT * FROM "sqlite_master" WHERE "type" = 'table' AND "name" IN ('users','Activities')"
[ 30/04/2024-23:50:18 ] [ _.SQL._ ] "Query": "SELECT * FROM "sqlite_master" WHERE "type" = 'index' AND "tbl_name" IN ('users','Activities')"
[ 30/04/2024-23:50:18 ] [ _.SQL._ ] "Query": "SELECT * FROM "sqlite_master" WHERE "type" = 'table' AND "name" = 'typeorm_metadata'"
[ 30/04/2024-23:50:18 ] [ _.SQL._ ] "Query": "CREATE TABLE "users" ("id" integer PRIMARY KEY AUTOINCREMENT NOT NULL, "username" varchar NOT NULL, "email" varchar NOT NULL, "lang" varchar NOT NULL DEFAULT ('pt-BR'), "password" varchar NOT NULL, "permission" integer NOT NULL DEFAULT (1), "uuid" varchar NOT NULL, "remember" varchar, "suspended" boolean, "suspendedReason" varchar, "createdAt" datetime NOT NULL DEFAULT (datetime('now')), "updatedAt" datetime NOT NULL DEFAULT (datetime('now')))"
[ 30/04/2024-23:50:18 ] [ _.SQL._ ] "Query": "CREATE TABLE "Activities" ("id" integer PRIMARY KEY AUTOINCREMENT NOT NULL, "createdAt" datetime NOT NULL DEFAULT (datetime('now')), "updatedAt" datetime NOT NULL DEFAULT (datetime('now')), "user_uuid" varchar NOT NULL, "type" varchar NOT NULL, "action" varchar NOT NULL, "path" varchar NOT NULL, "ip" varchar NOT NULL, "alert" varchar NOT NULL, "admin" boolean NOT NULL)"
[ 30/04/2024-23:50:18 ] [ _.SQL._ ] "Query": "COMMIT"
[ 30/04/2024-23:50:18 ] [ _.SQL._ ] "Query": "PRAGMA foreign_keys = ON"
[ 30/04/2024-23:50:19 ] [ _.SQL._ ] "Query": "BEGIN TRANSACTION"
[ 30/04/2024-23:50:19 ] [ _.SQL._ ] "Query": "INSERT INTO "users"("id", "username", "email", "lang", "password", "permission", "uuid", "remember", "suspended", "suspendedReason", "createdAt", "updatedAt") VALUES (NULL, ?, ?, ?, ?, 8, ?, NULL, NULL, NULL, datetime('now'), datetime('now'))"
[ 30/04/2024-23:50:19 ] [ _.SQL._ ] "Params": "["admin","admin@gmail.com","pt-BR","$2b$10$kVDVKiL0gU2xgwL1mpi./uUTsv///EvEmwCHJJAju3/b0XJijBb6u","5e57fd24-1498-4ec4-ab84-82baa23cbbd6"]"
[ 30/04/2024-23:50:19 ] [ _.SQL._ ] "Query": "SELECT "User"."id" AS "User_id", "User"."lang" AS "User_lang", "User"."permission" AS "User_permission", "User"."createdAt" AS "User_createdAt", "User"."updatedAt" AS "User_updatedAt" FROM "users" "User" WHERE "User"."id" = 1"
[ 30/04/2024-23:50:19 ] [ _.SQL._ ] "Params": "[]"
[ 30/04/2024-23:50:19 ] [ _.SQL._ ] "Query": "COMMIT"
[ 30/04/2024-23:50:19 ] [ _.SQL._ ] "Query": "BEGIN TRANSACTION"
[ 30/04/2024-23:50:19 ] [ _.SQL._ ] "Query": "INSERT INTO "Activities"("id", "createdAt", "updatedAt", "user_uuid", "type", "action", "path", "ip", "alert", "admin") VALUES (NULL, datetime('now'), datetime('now'), ?, ?, ?, ?, ?, ?, 1)"
[ 30/04/2024-23:50:19 ] [ _.SQL._ ] "Params": "["System","System","Criou o usuário admin","Internal","Internal","Info"]"
[ 30/04/2024-23:50:19 ] [ _.SQL._ ] "Query": "SELECT "Activities"."id" AS "Activities_id", "Activities"."createdAt" AS "Activities_createdAt", "Activities"."updatedAt" AS "Activities_updatedAt" FROM "Activities" "Activities" WHERE "Activities"."id" = 1"
[ 30/04/2024-23:50:19 ] [ _.SQL._ ] "Params": "[]"
[ 30/04/2024-23:50:19 ] [ _.SQL._ ] "Query": "COMMIT"
[ 30/04/2024-23:54:58 ] [ _.SQL._ ] "Query": "PRAGMA foreign_keys = OFF"
[ 30/04/2024-23:54:58 ] [ _.SQL._ ] "Query": "BEGIN TRANSACTION"
[ 30/04/2024-23:54:58 ] [ _.SQL._ ] "Query": "SELECT * FROM "sqlite_master" WHERE "type" = 'table' AND "name" IN ('users','Activities')"
[ 30/04/2024-23:54:58 ] [ _.SQL._ ] "Query": "SELECT * FROM "sqlite_master" WHERE "type" = 'index' AND "tbl_name" IN ('users','Activities')"
[ 30/04/2024-23:54:58 ] [ _.SQL._ ] "Query": "SELECT * FROM "sqlite_master" WHERE "type" = 'table' AND "name" = 'typeorm_metadata'"
[ 30/04/2024-23:54:58 ] [ _.SQL._ ] "Query": "CREATE TABLE "users" ("id" integer PRIMARY KEY AUTOINCREMENT NOT NULL, "username" varchar NOT NULL, "email" varchar NOT NULL, "lang" varchar NOT NULL DEFAULT ('pt-BR'), "password" varchar NOT NULL, "permission" integer NOT NULL DEFAULT (1), "uuid" varchar NOT NULL, "remember" varchar, "suspended" boolean, "suspendedReason" varchar, "createdAt" datetime NOT NULL DEFAULT (datetime('now')), "updatedAt" datetime NOT NULL DEFAULT (datetime('now')))"
[ 30/04/2024-23:54:58 ] [ _.SQL._ ] "Query": "CREATE TABLE "Activities" ("id" integer PRIMARY KEY AUTOINCREMENT NOT NULL, "createdAt" datetime NOT NULL DEFAULT (datetime('now')), "updatedAt" datetime NOT NULL DEFAULT (datetime('now')), "user_uuid" varchar NOT NULL, "type" varchar NOT NULL, "action" varchar NOT NULL, "path" varchar NOT NULL, "ip" varchar NOT NULL, "alert" varchar NOT NULL, "admin" boolean NOT NULL)"
[ 30/04/2024-23:54:58 ] [ _.SQL._ ] "Query": "COMMIT"
[ 30/04/2024-23:54:58 ] [ _.SQL._ ] "Query": "PRAGMA foreign_keys = ON"
[ 30/04/2024-23:54:59 ] [ _.SQL._ ] "Query": "BEGIN TRANSACTION"
[ 30/04/2024-23:54:59 ] [ _.SQL._ ] "Query": "INSERT INTO "users"("id", "username", "email", "lang", "password", "permission", "uuid", "remember", "suspended", "suspendedReason", "createdAt", "updatedAt") VALUES (NULL, ?, ?, ?, ?, 8, ?, NULL, NULL, NULL, datetime('now'), datetime('now'))"
[ 30/04/2024-23:54:59 ] [ _.SQL._ ] "Params": "["admin","admin@gmail.com","pt-BR","$2b$10$OpGYk.JiTKwKiLOf.0BDNeNqU.k.OUmP2nzVo7cYXfWcsF1jPewcm","fc50f9ca-544d-46fc-9551-1f71b5bb748c"]"
[ 30/04/2024-23:54:59 ] [ _.SQL._ ] "Query": "SELECT "User"."id" AS "User_id", "User"."lang" AS "User_lang", "User"."permission" AS "User_permission", "User"."createdAt" AS "User_createdAt", "User"."updatedAt" AS "User_updatedAt" FROM "users" "User" WHERE "User"."id" = 1"
[ 30/04/2024-23:54:59 ] [ _.SQL._ ] "Params": "[]"
[ 30/04/2024-23:54:59 ] [ _.SQL._ ] "Query": "COMMIT"
[ 30/04/2024-23:54:59 ] [ _.SQL._ ] "Query": "BEGIN TRANSACTION"
[ 30/04/2024-23:54:59 ] [ _.SQL._ ] "Query": "INSERT INTO "Activities"("id", "createdAt", "updatedAt", "user_uuid", "type", "action", "path", "ip", "alert", "admin") VALUES (NULL, datetime('now'), datetime('now'), ?, ?, ?, ?, ?, ?, 1)"
[ 30/04/2024-23:54:59 ] [ _.SQL._ ] "Params": "["System","System","Criou o usuário admin","Internal","Internal","Info"]"
[ 30/04/2024-23:54:59 ] [ _.SQL._ ] "Query": "SELECT "Activities"."id" AS "Activities_id", "Activities"."createdAt" AS "Activities_createdAt", "Activities"."updatedAt" AS "Activities_updatedAt" FROM "Activities" "Activities" WHERE "Activities"."id" = 1"
[ 30/04/2024-23:54:59 ] [ _.SQL._ ] "Params": "[]"
[ 30/04/2024-23:54:59 ] [ _.SQL._ ] "Query": "COMMIT"
[ 30/04/2024-23:55:30 ] [ _.SQL._ ] "Query": "PRAGMA foreign_keys = OFF"
[ 30/04/2024-23:55:30 ] [ _.SQL._ ] "Query": "BEGIN TRANSACTION"
[ 30/04/2024-23:55:30 ] [ _.SQL._ ] "Query": "SELECT * FROM "sqlite_master" WHERE "type" = 'table' AND "name" IN ('users','Activities')"
[ 30/04/2024-23:55:30 ] [ _.SQL._ ] "Query": "SELECT * FROM "sqlite_master" WHERE "type" = 'index' AND "tbl_name" IN ('users','Activities')"
[ 30/04/2024-23:55:30 ] [ _.SQL._ ] "Query": "SELECT * FROM "sqlite_master" WHERE "type" = 'table' AND "name" = 'typeorm_metadata'"
[ 30/04/2024-23:55:30 ] [ _.SQL._ ] "Query": "CREATE TABLE "users" ("id" integer PRIMARY KEY AUTOINCREMENT NOT NULL, "username" varchar NOT NULL, "email" varchar NOT NULL, "lang" varchar NOT NULL DEFAULT ('pt-BR'), "password" varchar NOT NULL, "permission" integer NOT NULL DEFAULT (1), "uuid" varchar NOT NULL, "remember" varchar, "suspended" boolean, "suspendedReason" varchar, "createdAt" datetime NOT NULL DEFAULT (datetime('now')), "updatedAt" datetime NOT NULL DEFAULT (datetime('now')))"
[ 30/04/2024-23:55:31 ] [ _.SQL._ ] "Query": "CREATE TABLE "Activities" ("id" integer PRIMARY KEY AUTOINCREMENT NOT NULL, "createdAt" datetime NOT NULL DEFAULT (datetime('now')), "updatedAt" datetime NOT NULL DEFAULT (datetime('now')), "user_uuid" varchar NOT NULL, "type" varchar NOT NULL, "action" varchar NOT NULL, "path" varchar NOT NULL, "ip" varchar NOT NULL, "alert" varchar NOT NULL, "admin" boolean NOT NULL)"
[ 30/04/2024-23:55:31 ] [ _.SQL._ ] "Query": "COMMIT"
[ 30/04/2024-23:55:31 ] [ _.SQL._ ] "Query": "PRAGMA foreign_keys = ON"
[ 30/04/2024-23:55:32 ] [ _.SQL._ ] "Query": "BEGIN TRANSACTION"
[ 30/04/2024-23:55:32 ] [ _.SQL._ ] "Query": "INSERT INTO "users"("id", "username", "email", "lang", "password", "permission", "uuid", "remember", "suspended", "suspendedReason", "createdAt", "updatedAt") VALUES (NULL, ?, ?, ?, ?, 8, ?, NULL, NULL, NULL, datetime('now'), datetime('now'))"
[ 30/04/2024-23:55:32 ] [ _.SQL._ ] "Params": "["admin","admin@gmail.com","pt-BR","$2b$10$.JG5IZiBNKrCWQwlYDi5GueqDkrX3gnjJvB7AF7egrp4Q0Cb9zrry","12bdcf8e-d469-432a-b4f5-68d401088aab"]"
[ 30/04/2024-23:55:32 ] [ _.SQL._ ] "Query": "SELECT "User"."id" AS "User_id", "User"."lang" AS "User_lang", "User"."permission" AS "User_permission", "User"."createdAt" AS "User_createdAt", "User"."updatedAt" AS "User_updatedAt" FROM "users" "User" WHERE "User"."id" = 1"
[ 30/04/2024-23:55:32 ] [ _.SQL._ ] "Params": "[]"
[ 30/04/2024-23:55:32 ] [ _.SQL._ ] "Query": "COMMIT"
[ 30/04/2024-23:55:32 ] [ _.SQL._ ] "Query": "BEGIN TRANSACTION"
[ 30/04/2024-23:55:32 ] [ _.SQL._ ] "Query": "INSERT INTO "Activities"("id", "createdAt", "updatedAt", "user_uuid", "type", "action", "path", "ip", "alert", "admin") VALUES (NULL, datetime('now'), datetime('now'), ?, ?, ?, ?, ?, ?, 1)"
[ 30/04/2024-23:55:32 ] [ _.SQL._ ] "Params": "["System","System","Criou o usuário admin","Internal","Internal","Info"]"
[ 30/04/2024-23:55:32 ] [ _.SQL._ ] "Query": "SELECT "Activities"."id" AS "Activities_id", "Activities"."createdAt" AS "Activities_createdAt", "Activities"."updatedAt" AS "Activities_updatedAt" FROM "Activities" "Activities" WHERE "Activities"."id" = 1"
[ 30/04/2024-23:55:32 ] [ _.SQL._ ] "Params": "[]"
[ 30/04/2024-23:55:32 ] [ _.SQL._ ] "Query": "COMMIT"
[ 30/04/2024-23:56:00 ] [ _.SQL._ ] "Query": "PRAGMA foreign_keys = OFF"
[ 30/04/2024-23:56:00 ] [ _.SQL._ ] "Query": "BEGIN TRANSACTION"
[ 30/04/2024-23:56:00 ] [ _.SQL._ ] "Query": "SELECT * FROM "sqlite_master" WHERE "type" = 'table' AND "name" IN ('users','Activities')"
[ 30/04/2024-23:56:00 ] [ _.SQL._ ] "Query": "SELECT * FROM "sqlite_master" WHERE "type" = 'index' AND "tbl_name" IN ('users','Activities')"
[ 30/04/2024-23:56:00 ] [ _.SQL._ ] "Query": "SELECT * FROM "sqlite_master" WHERE "type" = 'table' AND "name" = 'typeorm_metadata'"
[ 30/04/2024-23:56:01 ] [ _.SQL._ ] "Query": "CREATE TABLE "users" ("id" integer PRIMARY KEY AUTOINCREMENT NOT NULL, "username" varchar NOT NULL, "email" varchar NOT NULL, "lang" varchar NOT NULL DEFAULT ('pt-BR'), "password" varchar NOT NULL, "permission" integer NOT NULL DEFAULT (1), "uuid" varchar NOT NULL, "remember" varchar, "suspended" boolean, "suspendedReason" varchar, "createdAt" datetime NOT NULL DEFAULT (datetime('now')), "updatedAt" datetime NOT NULL DEFAULT (datetime('now')))"
[ 30/04/2024-23:56:01 ] [ _.SQL._ ] "Query": "CREATE TABLE "Activities" ("id" integer PRIMARY KEY AUTOINCREMENT NOT NULL, "createdAt" datetime NOT NULL DEFAULT (datetime('now')), "updatedAt" datetime NOT NULL DEFAULT (datetime('now')), "user_uuid" varchar NOT NULL, "type" varchar NOT NULL, "action" varchar NOT NULL, "path" varchar NOT NULL, "ip" varchar NOT NULL, "alert" varchar NOT NULL, "admin" boolean NOT NULL)"
[ 30/04/2024-23:56:01 ] [ _.SQL._ ] "Query": "COMMIT"
[ 30/04/2024-23:56:01 ] [ _.SQL._ ] "Query": "PRAGMA foreign_keys = ON"
[ 30/04/2024-23:56:01 ] [ _.SQL._ ] "Query": "BEGIN TRANSACTION"
[ 30/04/2024-23:56:01 ] [ _.SQL._ ] "Query": "INSERT INTO "users"("id", "username", "email", "lang", "password", "permission", "uuid", "remember", "suspended", "suspendedReason", "createdAt", "updatedAt") VALUES (NULL, ?, ?, ?, ?, 8, ?, NULL, NULL, NULL, datetime('now'), datetime('now'))"
[ 30/04/2024-23:56:01 ] [ _.SQL._ ] "Params": "["admin","admin@gmail.com","pt-BR","$2b$10$ucIWQN9WLPjSvO0TknE/guosawPAOkNhxwrrk3dXpfapPmBkFdU2C","d864c227-7629-469e-bd1c-e874ef1e2332"]"
[ 30/04/2024-23:56:01 ] [ _.SQL._ ] "Query": "SELECT "User"."id" AS "User_id", "User"."lang" AS "User_lang", "User"."permission" AS "User_permission", "User"."createdAt" AS "User_createdAt", "User"."updatedAt" AS "User_updatedAt" FROM "users" "User" WHERE "User"."id" = 1"
[ 30/04/2024-23:56:02 ] [ _.SQL._ ] "Params": "[]"
[ 30/04/2024-23:56:02 ] [ _.SQL._ ] "Query": "COMMIT"
[ 30/04/2024-23:56:02 ] [ _.SQL._ ] "Query": "BEGIN TRANSACTION"
[ 30/04/2024-23:56:02 ] [ _.SQL._ ] "Query": "INSERT INTO "Activities"("id", "createdAt", "updatedAt", "user_uuid", "type", "action", "path", "ip", "alert", "admin") VALUES (NULL, datetime('now'), datetime('now'), ?, ?, ?, ?, ?, ?, 1)"
[ 30/04/2024-23:56:02 ] [ _.SQL._ ] "Params": "["System","System","Criou o usuário admin","Internal","Internal","Info"]"
[ 30/04/2024-23:56:02 ] [ _.SQL._ ] "Query": "SELECT "Activities"."id" AS "Activities_id", "Activities"."createdAt" AS "Activities_createdAt", "Activities"."updatedAt" AS "Activities_updatedAt" FROM "Activities" "Activities" WHERE "Activities"."id" = 1"
[ 30/04/2024-23:56:02 ] [ _.SQL._ ] "Params": "[]"
[ 30/04/2024-23:56:02 ] [ _.SQL._ ] "Query": "COMMIT"
[ 30/04/2024-23:56:07 ] [ _.SQL._ ] "Query": "PRAGMA foreign_keys = OFF"
[ 30/04/2024-23:56:07 ] [ _.SQL._ ] "Query": "BEGIN TRANSACTION"
[ 30/04/2024-23:56:07 ] [ _.SQL._ ] "Query": "SELECT * FROM "sqlite_master" WHERE "type" = 'table' AND "name" IN ('users','Activities')"
[ 30/04/2024-23:56:07 ] [ _.SQL._ ] "Query": "SELECT * FROM "sqlite_master" WHERE "type" = 'index' AND "tbl_name" IN ('users','Activities')"
[ 30/04/2024-23:56:07 ] [ _.SQL._ ] "Query": "SELECT * FROM "sqlite_master" WHERE "type" = 'table' AND "name" = 'typeorm_metadata'"
[ 30/04/2024-23:56:07 ] [ _.SQL._ ] "Query": "CREATE TABLE "users" ("id" integer PRIMARY KEY AUTOINCREMENT NOT NULL, "username" varchar NOT NULL, "email" varchar NOT NULL, "lang" varchar NOT NULL DEFAULT ('pt-BR'), "password" varchar NOT NULL, "permission" integer NOT NULL DEFAULT (1), "uuid" varchar NOT NULL, "remember" varchar, "suspended" boolean, "suspendedReason" varchar, "createdAt" datetime NOT NULL DEFAULT (datetime('now')), "updatedAt" datetime NOT NULL DEFAULT (datetime('now')))"
[ 30/04/2024-23:56:07 ] [ _.SQL._ ] "Query": "CREATE TABLE "Activities" ("id" integer PRIMARY KEY AUTOINCREMENT NOT NULL, "createdAt" datetime NOT NULL DEFAULT (datetime('now')), "updatedAt" datetime NOT NULL DEFAULT (datetime('now')), "user_uuid" varchar NOT NULL, "type" varchar NOT NULL, "action" varchar NOT NULL, "path" varchar NOT NULL, "ip" varchar NOT NULL, "alert" varchar NOT NULL, "admin" boolean NOT NULL)"
[ 30/04/2024-23:56:08 ] [ _.SQL._ ] "Query": "COMMIT"
[ 30/04/2024-23:56:08 ] [ _.SQL._ ] "Query": "PRAGMA foreign_keys = ON"
[ 30/04/2024-23:56:08 ] [ _.SQL._ ] "Query": "BEGIN TRANSACTION"
[ 30/04/2024-23:56:08 ] [ _.SQL._ ] "Query": "INSERT INTO "users"("id", "username", "email", "lang", "password", "permission", "uuid", "remember", "suspended", "suspendedReason", "createdAt", "updatedAt") VALUES (NULL, ?, ?, ?, ?, 8, ?, NULL, NULL, NULL, datetime('now'), datetime('now'))"
[ 30/04/2024-23:56:08 ] [ _.SQL._ ] "Params": "["admin","admin@gmail.com","pt-BR","$2b$10$myibDwIYvh5fEGuWMhHXw.WU4GxjcGmroFkjvMHYPuMToDQHizbBm","8139c46b-37d9-4a21-9a59-57a63dd93cec"]"
[ 30/04/2024-23:56:08 ] [ _.SQL._ ] "Query": "SELECT "User"."id" AS "User_id", "User"."lang" AS "User_lang", "User"."permission" AS "User_permission", "User"."createdAt" AS "User_createdAt", "User"."updatedAt" AS "User_updatedAt" FROM "users" "User" WHERE "User"."id" = 1"
[ 30/04/2024-23:56:08 ] [ _.SQL._ ] "Params": "[]"
[ 30/04/2024-23:56:08 ] [ _.SQL._ ] "Query": "COMMIT"
[ 30/04/2024-23:56:08 ] [ _.SQL._ ] "Query": "BEGIN TRANSACTION"
[ 30/04/2024-23:56:08 ] [ _.SQL._ ] "Query": "INSERT INTO "Activities"("id", "createdAt", "updatedAt", "user_uuid", "type", "action", "path", "ip", "alert", "admin") VALUES (NULL, datetime('now'), datetime('now'), ?, ?, ?, ?, ?, ?, 1)"
[ 30/04/2024-23:56:08 ] [ _.SQL._ ] "Params": "["System","System","Criou o usuário admin","Internal","Internal","Info"]"
[ 30/04/2024-23:56:08 ] [ _.SQL._ ] "Query": "SELECT "Activities"."id" AS "Activities_id", "Activities"."createdAt" AS "Activities_createdAt", "Activities"."updatedAt" AS "Activities_updatedAt" FROM "Activities" "Activities" WHERE "Activities"."id" = 1"
[ 30/04/2024-23:56:08 ] [ _.SQL._ ] "Params": "[]"
[ 30/04/2024-23:56:08 ] [ _.SQL._ ] "Query": "COMMIT"
[ 30/04/2024-23:56:32 ] [ _.SQL._ ] "Query": "PRAGMA foreign_keys = OFF"
[ 30/04/2024-23:56:32 ] [ _.SQL._ ] "Query": "BEGIN TRANSACTION"
[ 30/04/2024-23:56:32 ] [ _.SQL._ ] "Query": "SELECT * FROM "sqlite_master" WHERE "type" = 'table' AND "name" IN ('users','Activities')"
[ 30/04/2024-23:56:32 ] [ _.SQL._ ] "Query": "SELECT * FROM "sqlite_master" WHERE "type" = 'index' AND "tbl_name" IN ('users','Activities')"
[ 30/04/2024-23:56:32 ] [ _.SQL._ ] "Query": "SELECT * FROM "sqlite_master" WHERE "type" = 'table' AND "name" = 'typeorm_metadata'"
[ 30/04/2024-23:56:32 ] [ _.SQL._ ] "Query": "CREATE TABLE "users" ("id" integer PRIMARY KEY AUTOINCREMENT NOT NULL, "username" varchar NOT NULL, "email" varchar NOT NULL, "lang" varchar NOT NULL DEFAULT ('pt-BR'), "password" varchar NOT NULL, "permission" integer NOT NULL DEFAULT (1), "uuid" varchar NOT NULL, "remember" varchar, "suspended" boolean, "suspendedReason" varchar, "createdAt" datetime NOT NULL DEFAULT (datetime('now')), "updatedAt" datetime NOT NULL DEFAULT (datetime('now')))"
[ 30/04/2024-23:56:32 ] [ _.SQL._ ] "Query": "CREATE TABLE "Activities" ("id" integer PRIMARY KEY AUTOINCREMENT NOT NULL, "createdAt" datetime NOT NULL DEFAULT (datetime('now')), "updatedAt" datetime NOT NULL DEFAULT (datetime('now')), "user_uuid" varchar NOT NULL, "type" varchar NOT NULL, "action" varchar NOT NULL, "path" varchar NOT NULL, "ip" varchar NOT NULL, "alert" varchar NOT NULL, "admin" boolean NOT NULL)"
[ 30/04/2024-23:56:32 ] [ _.SQL._ ] "Query": "COMMIT"
[ 30/04/2024-23:56:32 ] [ _.SQL._ ] "Query": "PRAGMA foreign_keys = ON"
[ 30/04/2024-23:56:33 ] [ _.SQL._ ] "Query": "BEGIN TRANSACTION"
[ 30/04/2024-23:56:34 ] [ _.SQL._ ] "Query": "INSERT INTO "users"("id", "username", "email", "lang", "password", "permission", "uuid", "remember", "suspended", "suspendedReason", "createdAt", "updatedAt") VALUES (NULL, ?, ?, ?, ?, 8, ?, NULL, NULL, NULL, datetime('now'), datetime('now'))"
[ 30/04/2024-23:56:34 ] [ _.SQL._ ] "Params": "["admin","admin@gmail.com","pt-BR","$2b$10$t4VDJbxXBq8knPOjq8a1xeDfrvh0cDGzZ7gA97zkBt.pypub8upsa","ca824287-c6df-406d-82a7-c0bd685f93d4"]"
[ 30/04/2024-23:56:34 ] [ _.SQL._ ] "Query": "SELECT "User"."id" AS "User_id", "User"."lang" AS "User_lang", "User"."permission" AS "User_permission", "User"."createdAt" AS "User_createdAt", "User"."updatedAt" AS "User_updatedAt" FROM "users" "User" WHERE "User"."id" = 1"
[ 30/04/2024-23:56:34 ] [ _.SQL._ ] "Params": "[]"
[ 30/04/2024-23:56:34 ] [ _.SQL._ ] "Query": "COMMIT"
[ 30/04/2024-23:56:34 ] [ _.SQL._ ] "Query": "BEGIN TRANSACTION"
[ 30/04/2024-23:56:34 ] [ _.SQL._ ] "Query": "INSERT INTO "Activities"("id", "createdAt", "updatedAt", "user_uuid", "type", "action", "path", "ip", "alert", "admin") VALUES (NULL, datetime('now'), datetime('now'), ?, ?, ?, ?, ?, ?, 1)"
[ 30/04/2024-23:56:34 ] [ _.SQL._ ] "Params": "["System","System","Criou o usuário admin","Internal","Internal","Info"]"
[ 30/04/2024-23:56:34 ] [ _.SQL._ ] "Query": "SELECT "Activities"."id" AS "Activities_id", "Activities"."createdAt" AS "Activities_createdAt", "Activities"."updatedAt" AS "Activities_updatedAt" FROM "Activities" "Activities" WHERE "Activities"."id" = 1"
[ 30/04/2024-23:56:34 ] [ _.SQL._ ] "Params": "[]"
[ 30/04/2024-23:56:34 ] [ _.SQL._ ] "Query": "COMMIT"
[ 30/04/2024-23:58:53 ] [ _.SQL._ ] "Query": "PRAGMA foreign_keys = OFF"
[ 30/04/2024-23:58:53 ] [ _.SQL._ ] "Query": "BEGIN TRANSACTION"
[ 30/04/2024-23:58:53 ] [ _.SQL._ ] "Query": "SELECT * FROM "sqlite_master" WHERE "type" = 'table' AND "name" IN ('users','Activities')"
[ 30/04/2024-23:58:53 ] [ _.SQL._ ] "Query": "SELECT * FROM "sqlite_master" WHERE "type" = 'index' AND "tbl_name" IN ('users','Activities')"
[ 30/04/2024-23:58:53 ] [ _.SQL._ ] "Query": "SELECT * FROM "sqlite_master" WHERE "type" = 'table' AND "name" = 'typeorm_metadata'"
[ 30/04/2024-23:58:53 ] [ _.SQL._ ] "Query": "CREATE TABLE "users" ("id" integer PRIMARY KEY AUTOINCREMENT NOT NULL, "username" varchar NOT NULL, "email" varchar NOT NULL, "lang" varchar NOT NULL DEFAULT ('pt-BR'), "password" varchar NOT NULL, "permission" integer NOT NULL DEFAULT (1), "uuid" varchar NOT NULL, "remember" varchar, "suspended" boolean, "suspendedReason" varchar, "createdAt" datetime NOT NULL DEFAULT (datetime('now')), "updatedAt" datetime NOT NULL DEFAULT (datetime('now')))"
[ 30/04/2024-23:58:53 ] [ _.SQL._ ] "Query": "CREATE TABLE "Activities" ("id" integer PRIMARY KEY AUTOINCREMENT NOT NULL, "createdAt" datetime NOT NULL DEFAULT (datetime('now')), "updatedAt" datetime NOT NULL DEFAULT (datetime('now')), "user_uuid" varchar NOT NULL, "type" varchar NOT NULL, "action" varchar NOT NULL, "path" varchar NOT NULL, "ip" varchar NOT NULL, "alert" varchar NOT NULL, "admin" boolean NOT NULL)"
[ 30/04/2024-23:58:53 ] [ _.SQL._ ] "Query": "COMMIT"
[ 30/04/2024-23:58:53 ] [ _.SQL._ ] "Query": "PRAGMA foreign_keys = ON"
[ 30/04/2024-23:58:54 ] [ _.SQL._ ] "Query": "BEGIN TRANSACTION"
[ 30/04/2024-23:58:54 ] [ _.SQL._ ] "Query": "INSERT INTO "users"("id", "username", "email", "lang", "password", "permission", "uuid", "remember", "suspended", "suspendedReason", "createdAt", "updatedAt") VALUES (NULL, ?, ?, ?, ?, 8, ?, NULL, NULL, NULL, datetime('now'), datetime('now'))"
[ 30/04/2024-23:58:54 ] [ _.SQL._ ] "Params": "["admin","admin@gmail.com","pt-BR","$2b$10$0.2GHOimDrY1lwgj2DJglej4ecAqKOPpcI/db5QgvFMcfeQ.9mOdC","66f28dc7-840e-47ac-bd9f-8d7894f5f5d4"]"
[ 30/04/2024-23:58:54 ] [ _.SQL._ ] "Query": "SELECT "User"."id" AS "User_id", "User"."lang" AS "User_lang", "User"."permission" AS "User_permission", "User"."createdAt" AS "User_createdAt", "User"."updatedAt" AS "User_updatedAt" FROM "users" "User" WHERE "User"."id" = 1"
[ 30/04/2024-23:58:54 ] [ _.SQL._ ] "Params": "[]"
[ 30/04/2024-23:58:54 ] [ _.SQL._ ] "Query": "COMMIT"
[ 30/04/2024-23:58:54 ] [ _.SQL._ ] "Query": "BEGIN TRANSACTION"
[ 30/04/2024-23:58:54 ] [ _.SQL._ ] "Query": "INSERT INTO "Activities"("id", "createdAt", "updatedAt", "user_uuid", "type", "action", "path", "ip", "alert", "admin") VALUES (NULL, datetime('now'), datetime('now'), ?, ?, ?, ?, ?, ?, 1)"
[ 30/04/2024-23:58:54 ] [ _.SQL._ ] "Params": "["System","System","Criou o usuário admin","Internal","Internal","Info"]"
[ 30/04/2024-23:58:54 ] [ _.SQL._ ] "Query": "SELECT "Activities"."id" AS "Activities_id", "Activities"."createdAt" AS "Activities_createdAt", "Activities"."updatedAt" AS "Activities_updatedAt" FROM "Activities" "Activities" WHERE "Activities"."id" = 1"
[ 30/04/2024-23:58:54 ] [ _.SQL._ ] "Params": "[]"
[ 30/04/2024-23:58:54 ] [ _.SQL._ ] "Query": "COMMIT"
[ 30/04/2024-23:59:01 ] [ _.SQL._ ] "Query": "PRAGMA foreign_keys = OFF"
[ 30/04/2024-23:59:01 ] [ _.SQL._ ] "Query": "BEGIN TRANSACTION"
[ 30/04/2024-23:59:01 ] [ _.SQL._ ] "Query": "SELECT * FROM "sqlite_master" WHERE "type" = 'table' AND "name" IN ('users','Activities')"
[ 30/04/2024-23:59:01 ] [ _.SQL._ ] "Query": "SELECT * FROM "sqlite_master" WHERE "type" = 'index' AND "tbl_name" IN ('users','Activities')"
[ 30/04/2024-23:59:01 ] [ _.SQL._ ] "Query": "SELECT * FROM "sqlite_master" WHERE "type" = 'table' AND "name" = 'typeorm_metadata'"
[ 30/04/2024-23:59:01 ] [ _.SQL._ ] "Query": "CREATE TABLE "users" ("id" integer PRIMARY KEY AUTOINCREMENT NOT NULL, "username" varchar NOT NULL, "email" varchar NOT NULL, "lang" varchar NOT NULL DEFAULT ('pt-BR'), "password" varchar NOT NULL, "permission" integer NOT NULL DEFAULT (1), "uuid" varchar NOT NULL, "remember" varchar, "suspended" boolean, "suspendedReason" varchar, "createdAt" datetime NOT NULL DEFAULT (datetime('now')), "updatedAt" datetime NOT NULL DEFAULT (datetime('now')))"
[ 30/04/2024-23:59:01 ] [ _.SQL._ ] "Query": "CREATE TABLE "Activities" ("id" integer PRIMARY KEY AUTOINCREMENT NOT NULL, "createdAt" datetime NOT NULL DEFAULT (datetime('now')), "updatedAt" datetime NOT NULL DEFAULT (datetime('now')), "user_uuid" varchar NOT NULL, "type" varchar NOT NULL, "action" varchar NOT NULL, "path" varchar NOT NULL, "ip" varchar NOT NULL, "alert" varchar NOT NULL, "admin" boolean NOT NULL)"
[ 30/04/2024-23:59:01 ] [ _.SQL._ ] "Query": "COMMIT"
[ 30/04/2024-23:59:01 ] [ _.SQL._ ] "Query": "PRAGMA foreign_keys = ON"
[ 30/04/2024-23:59:01 ] [ _.SQL._ ] "Query": "BEGIN TRANSACTION"
[ 30/04/2024-23:59:01 ] [ _.SQL._ ] "Query": "INSERT INTO "users"("id", "username", "email", "lang", "password", "permission", "uuid", "remember", "suspended", "suspendedReason", "createdAt", "updatedAt") VALUES (NULL, ?, ?, ?, ?, 8, ?, NULL, NULL, NULL, datetime('now'), datetime('now'))"
[ 30/04/2024-23:59:01 ] [ _.SQL._ ] "Params": "["admin","admin@gmail.com","pt-BR","$2b$10$qlSWnXck62cAd6slmnbysOwLVgzkLb6hmCZJc41dXE2vC5aVSKxR2","8084836b-ecfb-46cf-9679-9d26a92d8a78"]"
[ 30/04/2024-23:59:01 ] [ _.SQL._ ] "Query": "SELECT "User"."id" AS "User_id", "User"."lang" AS "User_lang", "User"."permission" AS "User_permission", "User"."createdAt" AS "User_createdAt", "User"."updatedAt" AS "User_updatedAt" FROM "users" "User" WHERE "User"."id" = 1"
[ 30/04/2024-23:59:01 ] [ _.SQL._ ] "Params": "[]"
[ 30/04/2024-23:59:01 ] [ _.SQL._ ] "Query": "COMMIT"
[ 30/04/2024-23:59:01 ] [ _.SQL._ ] "Query": "BEGIN TRANSACTION"
[ 30/04/2024-23:59:01 ] [ _.SQL._ ] "Query": "INSERT INTO "Activities"("id", "createdAt", "updatedAt", "user_uuid", "type", "action", "path", "ip", "alert", "admin") VALUES (NULL, datetime('now'), datetime('now'), ?, ?, ?, ?, ?, ?, 1)"
[ 30/04/2024-23:59:01 ] [ _.SQL._ ] "Params": "["System","System","Criou o usuário admin","Internal","Internal","Info"]"
[ 30/04/2024-23:59:01 ] [ _.SQL._ ] "Query": "SELECT "Activities"."id" AS "Activities_id", "Activities"."createdAt" AS "Activities_createdAt", "Activities"."updatedAt" AS "Activities_updatedAt" FROM "Activities" "Activities" WHERE "Activities"."id" = 1"
[ 30/04/2024-23:59:02 ] [ _.SQL._ ] "Params": "[]"
[ 30/04/2024-23:59:02 ] [ _.SQL._ ] "Query": "COMMIT"
[ 30/04/2024-23:59:13 ] [ _.SQL._ ] "Query": "PRAGMA foreign_keys = OFF"
[ 30/04/2024-23:59:13 ] [ _.SQL._ ] "Query": "BEGIN TRANSACTION"
[ 30/04/2024-23:59:13 ] [ _.SQL._ ] "Query": "SELECT * FROM "sqlite_master" WHERE "type" = 'table' AND "name" IN ('users','Activities')"
[ 30/04/2024-23:59:13 ] [ _.SQL._ ] "Query": "SELECT * FROM "sqlite_master" WHERE "type" = 'index' AND "tbl_name" IN ('users','Activities')"
[ 30/04/2024-23:59:13 ] [ _.SQL._ ] "Query": "SELECT * FROM "sqlite_master" WHERE "type" = 'table' AND "name" = 'typeorm_metadata'"
[ 30/04/2024-23:59:13 ] [ _.SQL._ ] "Query": "CREATE TABLE "users" ("id" integer PRIMARY KEY AUTOINCREMENT NOT NULL, "username" varchar NOT NULL, "email" varchar NOT NULL, "lang" varchar NOT NULL DEFAULT ('pt-BR'), "password" varchar NOT NULL, "permission" integer NOT NULL DEFAULT (1), "uuid" varchar NOT NULL, "remember" varchar, "suspended" boolean, "suspendedReason" varchar, "createdAt" datetime NOT NULL DEFAULT (datetime('now')), "updatedAt" datetime NOT NULL DEFAULT (datetime('now')))"
[ 30/04/2024-23:59:13 ] [ _.SQL._ ] "Query": "CREATE TABLE "Activities" ("id" integer PRIMARY KEY AUTOINCREMENT NOT NULL, "createdAt" datetime NOT NULL DEFAULT (datetime('now')), "updatedAt" datetime NOT NULL DEFAULT (datetime('now')), "user_uuid" varchar NOT NULL, "type" varchar NOT NULL, "action" varchar NOT NULL, "path" varchar NOT NULL, "ip" varchar NOT NULL, "alert" varchar NOT NULL, "admin" boolean NOT NULL)"
[ 30/04/2024-23:59:13 ] [ _.SQL._ ] "Query": "COMMIT"
[ 30/04/2024-23:59:13 ] [ _.SQL._ ] "Query": "PRAGMA foreign_keys = ON"
[ 30/04/2024-23:59:14 ] [ _.SQL._ ] "Query": "BEGIN TRANSACTION"
[ 30/04/2024-23:59:14 ] [ _.SQL._ ] "Query": "INSERT INTO "users"("id", "username", "email", "lang", "password", "permission", "uuid", "remember", "suspended", "suspendedReason", "createdAt", "updatedAt") VALUES (NULL, ?, ?, ?, ?, 8, ?, NULL, NULL, NULL, datetime('now'), datetime('now'))"
[ 30/04/2024-23:59:14 ] [ _.SQL._ ] "Params": "["admin","admin@gmail.com","pt-BR","$2b$10$/LLtmop09mBUii9WgooRH.qWT0gYnJCjSDITLRbP9aseyU7QOEeii","65e8fc1d-d598-407c-899c-71feea07601d"]"
[ 30/04/2024-23:59:14 ] [ _.SQL._ ] "Query": "SELECT "User"."id" AS "User_id", "User"."lang" AS "User_lang", "User"."permission" AS "User_permission", "User"."createdAt" AS "User_createdAt", "User"."updatedAt" AS "User_updatedAt" FROM "users" "User" WHERE "User"."id" = 1"
[ 30/04/2024-23:59:14 ] [ _.SQL._ ] "Params": "[]"
[ 30/04/2024-23:59:14 ] [ _.SQL._ ] "Query": "COMMIT"
[ 30/04/2024-23:59:14 ] [ _.SQL._ ] "Query": "BEGIN TRANSACTION"
[ 30/04/2024-23:59:14 ] [ _.SQL._ ] "Query": "INSERT INTO "Activities"("id", "createdAt", "updatedAt", "user_uuid", "type", "action", "path", "ip", "alert", "admin") VALUES (NULL, datetime('now'), datetime('now'), ?, ?, ?, ?, ?, ?, 1)"
[ 30/04/2024-23:59:14 ] [ _.SQL._ ] "Params": "["System","System","Criou o usuário admin","Internal","Internal","Info"]"
[ 30/04/2024-23:59:14 ] [ _.SQL._ ] "Query": "SELECT "Activities"."id" AS "Activities_id", "Activities"."createdAt" AS "Activities_createdAt", "Activities"."updatedAt" AS "Activities_updatedAt" FROM "Activities" "Activities" WHERE "Activities"."id" = 1"
[ 30/04/2024-23:59:14 ] [ _.SQL._ ] "Params": "[]"
[ 30/04/2024-23:59:14 ] [ _.SQL._ ] "Query": "COMMIT"
[ 30/04/2024-23:59:32 ] [ _.SQL._ ] "Query": "PRAGMA foreign_keys = OFF"
[ 30/04/2024-23:59:32 ] [ _.SQL._ ] "Query": "BEGIN TRANSACTION"
[ 30/04/2024-23:59:32 ] [ _.SQL._ ] "Query": "SELECT * FROM "sqlite_master" WHERE "type" = 'table' AND "name" IN ('users','Activities')"
[ 30/04/2024-23:59:32 ] [ _.SQL._ ] "Query": "SELECT * FROM "sqlite_master" WHERE "type" = 'index' AND "tbl_name" IN ('users','Activities')"
[ 30/04/2024-23:59:32 ] [ _.SQL._ ] "Query": "SELECT * FROM "sqlite_master" WHERE "type" = 'table' AND "name" = 'typeorm_metadata'"
[ 30/04/2024-23:59:32 ] [ _.SQL._ ] "Query": "CREATE TABLE "users" ("id" integer PRIMARY KEY AUTOINCREMENT NOT NULL, "username" varchar NOT NULL, "email" varchar NOT NULL, "lang" varchar NOT NULL DEFAULT ('pt-BR'), "password" varchar NOT NULL, "permission" integer NOT NULL DEFAULT (1), "uuid" varchar NOT NULL, "remember" varchar, "suspended" boolean, "suspendedReason" varchar, "createdAt" datetime NOT NULL DEFAULT (datetime('now')), "updatedAt" datetime NOT NULL DEFAULT (datetime('now')))"
[ 30/04/2024-23:59:32 ] [ _.SQL._ ] "Query": "CREATE TABLE "Activities" ("id" integer PRIMARY KEY AUTOINCREMENT NOT NULL, "createdAt" datetime NOT NULL DEFAULT (datetime('now')), "updatedAt" datetime NOT NULL DEFAULT (datetime('now')), "user_uuid" varchar NOT NULL, "type" varchar NOT NULL, "action" varchar NOT NULL, "path" varchar NOT NULL, "ip" varchar NOT NULL, "alert" varchar NOT NULL, "admin" boolean NOT NULL)"
[ 30/04/2024-23:59:33 ] [ _.SQL._ ] "Query": "COMMIT"
[ 30/04/2024-23:59:33 ] [ _.SQL._ ] "Query": "PRAGMA foreign_keys = ON"
[ 30/04/2024-23:59:34 ] [ _.SQL._ ] "Query": "BEGIN TRANSACTION"
[ 30/04/2024-23:59:34 ] [ _.SQL._ ] "Query": "INSERT INTO "users"("id", "username", "email", "lang", "password", "permission", "uuid", "remember", "suspended", "suspendedReason", "createdAt", "updatedAt") VALUES (NULL, ?, ?, ?, ?, 8, ?, NULL, NULL, NULL, datetime('now'), datetime('now'))"
[ 30/04/2024-23:59:34 ] [ _.SQL._ ] "Params": "["admin","admin@gmail.com","pt-BR","$2b$10$wkwXzNWSNaZ6csGpno.FHu4dCcbrrn/XnIWJwLKtAsBWLYRXL0Im.","99b3621c-1e8a-4f63-b415-71f99adb44b8"]"
[ 30/04/2024-23:59:34 ] [ _.SQL._ ] "Query": "SELECT "User"."id" AS "User_id", "User"."lang" AS "User_lang", "User"."permission" AS "User_permission", "User"."createdAt" AS "User_createdAt", "User"."updatedAt" AS "User_updatedAt" FROM "users" "User" WHERE "User"."id" = 1"
[ 30/04/2024-23:59:34 ] [ _.SQL._ ] "Params": "[]"
[ 30/04/2024-23:59:34 ] [ _.SQL._ ] "Query": "COMMIT"
[ 30/04/2024-23:59:34 ] [ _.SQL._ ] "Query": "BEGIN TRANSACTION"
[ 30/04/2024-23:59:34 ] [ _.SQL._ ] "Query": "INSERT INTO "Activities"("id", "createdAt", "updatedAt", "user_uuid", "type", "action", "path", "ip", "alert", "admin") VALUES (NULL, datetime('now'), datetime('now'), ?, ?, ?, ?, ?, ?, 1)"
[ 30/04/2024-23:59:34 ] [ _.SQL._ ] "Params": "["System","System","Criou o usuário admin","Internal","Internal","Info"]"
[ 30/04/2024-23:59:34 ] [ _.SQL._ ] "Query": "SELECT "Activities"."id" AS "Activities_id", "Activities"."createdAt" AS "Activities_createdAt", "Activities"."updatedAt" AS "Activities_updatedAt" FROM "Activities" "Activities" WHERE "Activities"."id" = 1"
[ 30/04/2024-23:59:34 ] [ _.SQL._ ] "Params": "[]"
[ 30/04/2024-23:59:34 ] [ _.SQL._ ] "Query": "COMMIT"
[ 30/04/2024-23:59:48 ] [ _.SQL._ ] "Query": "PRAGMA foreign_keys = OFF"
[ 30/04/2024-23:59:48 ] [ _.SQL._ ] "Query": "BEGIN TRANSACTION"
[ 30/04/2024-23:59:48 ] [ _.SQL._ ] "Query": "SELECT * FROM "sqlite_master" WHERE "type" = 'table' AND "name" IN ('users','Activities')"
[ 30/04/2024-23:59:48 ] [ _.SQL._ ] "Query": "SELECT * FROM "sqlite_master" WHERE "type" = 'index' AND "tbl_name" IN ('users','Activities')"
[ 30/04/2024-23:59:48 ] [ _.SQL._ ] "Query": "SELECT * FROM "sqlite_master" WHERE "type" = 'table' AND "name" = 'typeorm_metadata'"
[ 30/04/2024-23:59:48 ] [ _.SQL._ ] "Query": "CREATE TABLE "users" ("id" integer PRIMARY KEY AUTOINCREMENT NOT NULL, "username" varchar NOT NULL, "email" varchar NOT NULL, "lang" varchar NOT NULL DEFAULT ('pt-BR'), "password" varchar NOT NULL, "permission" integer NOT NULL DEFAULT (1), "uuid" varchar NOT NULL, "remember" varchar, "suspended" boolean, "suspendedReason" varchar, "createdAt" datetime NOT NULL DEFAULT (datetime('now')), "updatedAt" datetime NOT NULL DEFAULT (datetime('now')))"
[ 30/04/2024-23:59:48 ] [ _.SQL._ ] "Query": "CREATE TABLE "Activities" ("id" integer PRIMARY KEY AUTOINCREMENT NOT NULL, "createdAt" datetime NOT NULL DEFAULT (datetime('now')), "updatedAt" datetime NOT NULL DEFAULT (datetime('now')), "user_uuid" varchar NOT NULL, "type" varchar NOT NULL, "action" varchar NOT NULL, "path" varchar NOT NULL, "ip" varchar NOT NULL, "alert" varchar NOT NULL, "admin" boolean NOT NULL)"
[ 30/04/2024-23:59:48 ] [ _.SQL._ ] "Query": "COMMIT"
[ 30/04/2024-23:59:48 ] [ _.SQL._ ] "Query": "PRAGMA foreign_keys = ON"
[ 30/04/2024-23:59:50 ] [ _.SQL._ ] "Query": "BEGIN TRANSACTION"
[ 30/04/2024-23:59:50 ] [ _.SQL._ ] "Query": "INSERT INTO "users"("id", "username", "email", "lang", "password", "permission", "uuid", "remember", "suspended", "suspendedReason", "createdAt", "updatedAt") VALUES (NULL, ?, ?, ?, ?, 8, ?, NULL, NULL, NULL, datetime('now'), datetime('now'))"
[ 30/04/2024-23:59:50 ] [ _.SQL._ ] "Params": "["admin","admin@gmail.com","pt-BR","$2b$10$hB47Ct.NgPJ35YQ5jz9wNeiQXagNPcNwqCezoMYa0uWvcPyvewX2G","edb23301-122a-4855-bd8f-9a3e5fb4fedf"]"
[ 30/04/2024-23:59:50 ] [ _.SQL._ ] "Query": "SELECT "User"."id" AS "User_id", "User"."lang" AS "User_lang", "User"."permission" AS "User_permission", "User"."createdAt" AS "User_createdAt", "User"."updatedAt" AS "User_updatedAt" FROM "users" "User" WHERE "User"."id" = 1"
[ 30/04/2024-23:59:50 ] [ _.SQL._ ] "Params": "[]"
[ 30/04/2024-23:59:50 ] [ _.SQL._ ] "Query": "COMMIT"
[ 30/04/2024-23:59:50 ] [ _.SQL._ ] "Query": "BEGIN TRANSACTION"
[ 30/04/2024-23:59:50 ] [ _.SQL._ ] "Query": "INSERT INTO "Activities"("id", "createdAt", "updatedAt", "user_uuid", "type", "action", "path", "ip", "alert", "admin") VALUES (NULL, datetime('now'), datetime('now'), ?, ?, ?, ?, ?, ?, 1)"
[ 30/04/2024-23:59:50 ] [ _.SQL._ ] "Params": "["System","System","Criou o usuário admin","Internal","Internal","Info"]"
[ 30/04/2024-23:59:50 ] [ _.SQL._ ] "Query": "SELECT "Activities"."id" AS "Activities_id", "Activities"."createdAt" AS "Activities_createdAt", "Activities"."updatedAt" AS "Activities_updatedAt" FROM "Activities" "Activities" WHERE "Activities"."id" = 1"
[ 30/04/2024-23:59:50 ] [ _.SQL._ ] "Params": "[]"
[ 30/04/2024-23:59:50 ] [ _.SQL._ ] "Query": "COMMIT"
[ 30/04/2024-23:59:55 ] [ _.SQL._ ] "Query": "PRAGMA foreign_keys = OFF"
[ 30/04/2024-23:59:55 ] [ _.SQL._ ] "Query": "BEGIN TRANSACTION"
[ 30/04/2024-23:59:55 ] [ _.SQL._ ] "Query": "SELECT * FROM "sqlite_master" WHERE "type" = 'table' AND "name" IN ('users','Activities')"
[ 30/04/2024-23:59:55 ] [ _.SQL._ ] "Query": "SELECT * FROM "sqlite_master" WHERE "type" = 'index' AND "tbl_name" IN ('users','Activities')"
[ 30/04/2024-23:59:56 ] [ _.SQL._ ] "Query": "SELECT * FROM "sqlite_master" WHERE "type" = 'table' AND "name" = 'typeorm_metadata'"
[ 30/04/2024-23:59:56 ] [ _.SQL._ ] "Query": "CREATE TABLE "users" ("id" integer PRIMARY KEY AUTOINCREMENT NOT NULL, "username" varchar NOT NULL, "email" varchar NOT NULL, "lang" varchar NOT NULL DEFAULT ('pt-BR'), "password" varchar NOT NULL, "permission" integer NOT NULL DEFAULT (1), "uuid" varchar NOT NULL, "remember" varchar, "suspended" boolean, "suspendedReason" varchar, "createdAt" datetime NOT NULL DEFAULT (datetime('now')), "updatedAt" datetime NOT NULL DEFAULT (datetime('now')))"
[ 30/04/2024-23:59:56 ] [ _.SQL._ ] "Query": "CREATE TABLE "Activities" ("id" integer PRIMARY KEY AUTOINCREMENT NOT NULL, "createdAt" datetime NOT NULL DEFAULT (datetime('now')), "updatedAt" datetime NOT NULL DEFAULT (datetime('now')), "user_uuid" varchar NOT NULL, "type" varchar NOT NULL, "action" varchar NOT NULL, "path" varchar NOT NULL, "ip" varchar NOT NULL, "alert" varchar NOT NULL, "admin" boolean NOT NULL)"
[ 30/04/2024-23:59:56 ] [ _.SQL._ ] "Query": "COMMIT"
[ 30/04/2024-23:59:56 ] [ _.SQL._ ] "Query": "PRAGMA foreign_keys = ON"
[ 30/04/2024-23:59:56 ] [ _.SQL._ ] "Query": "BEGIN TRANSACTION"
[ 30/04/2024-23:59:56 ] [ _.SQL._ ] "Query": "INSERT INTO "users"("id", "username", "email", "lang", "password", "permission", "uuid", "remember", "suspended", "suspendedReason", "createdAt", "updatedAt") VALUES (NULL, ?, ?, ?, ?, 8, ?, NULL, NULL, NULL, datetime('now'), datetime('now'))"
[ 30/04/2024-23:59:56 ] [ _.SQL._ ] "Params": "["admin","admin@gmail.com","pt-BR","$2b$10$ev0M6h1.QQJz99DUB68fsuCMrGSsY.RLsT4wk5NY79OXLySW9JXlC","60017b1e-d561-4e73-b93b-b197f4bb9119"]"
[ 30/04/2024-23:59:56 ] [ _.SQL._ ] "Query": "SELECT "User"."id" AS "User_id", "User"."lang" AS "User_lang", "User"."permission" AS "User_permission", "User"."createdAt" AS "User_createdAt", "User"."updatedAt" AS "User_updatedAt" FROM "users" "User" WHERE "User"."id" = 1"
[ 30/04/2024-23:59:56 ] [ _.SQL._ ] "Params": "[]"
[ 30/04/2024-23:59:56 ] [ _.SQL._ ] "Query": "COMMIT"
[ 30/04/2024-23:59:56 ] [ _.SQL._ ] "Query": "BEGIN TRANSACTION"
[ 30/04/2024-23:59:57 ] [ _.SQL._ ] "Query": "INSERT INTO "Activities"("id", "createdAt", "updatedAt", "user_uuid", "type", "action", "path", "ip", "alert", "admin") VALUES (NULL, datetime('now'), datetime('now'), ?, ?, ?, ?, ?, ?, 1)"
[ 30/04/2024-23:59:57 ] [ _.SQL._ ] "Params": "["System","System","Criou o usuário admin","Internal","Internal","Info"]"
[ 30/04/2024-23:59:57 ] [ _.SQL._ ] "Query": "SELECT "Activities"."id" AS "Activities_id", "Activities"."createdAt" AS "Activities_createdAt", "Activities"."updatedAt" AS "Activities_updatedAt" FROM "Activities" "Activities" WHERE "Activities"."id" = 1"
[ 30/04/2024-23:59:57 ] [ _.SQL._ ] "Params": "[]"
[ 30/04/2024-23:59:57 ] [ _.SQL._ ] "Query": "COMMIT"
