[ 29/04/2024-17:07:59 ] [ _.Tailwind._ ] Erro ao executar o comando: Command failed: tailwindcss -i ./app/Assets/css/main.css -o ./app/Assets/css/tailwind.css --watch

Rebuilding...

Done in 2483ms.

Rebuilding...

Done in 264ms.

Rebuilding...

Done in 128ms.

Rebuilding...

Done in 101ms.

Rebuilding...

Done in 165ms.

Rebuilding...

Done in 95ms.

Rebuilding...

Done in 109ms.

Rebuilding...

Done in 99ms.

Rebuilding...

Done in 147ms.

Rebuilding...

Done in 193ms.

Rebuilding...

Done in 90ms.

Rebuilding...

Done in 83ms.

Rebuilding...

Done in 90ms.

Rebuilding...

Done in 127ms.

Rebuilding...

Done in 201ms.

Rebuilding...

Done in 177ms.

Rebuilding...

Done in 129ms.

Rebuilding...

Done in 348ms.

Rebuilding...

Done in 413ms.

Rebuilding...

Done in 76ms.

Rebuilding...

Done in 134ms.

Rebuilding...

Done in 145ms.

Rebuilding...

Done in 234ms.

Rebuilding...

Done in 489ms.

Rebuilding...

Done in 166ms.

Rebuilding...

Done in 110ms.

Rebuilding...

Done in 243ms.

Rebuilding...

Done in 220ms.

Rebuilding...

Done in 96ms.

Rebuilding...

Done in 162ms.

Rebuilding...

Done in 153ms.

Rebuilding...

Done in 89ms.

Rebuilding...

Done in 134ms.

Rebuilding...

Done in 115ms.

Rebuilding...

Done in 65ms.

Rebuilding...

Done in 344ms.

Rebuilding...

Done in 856ms.

Rebuilding...

Done in 259ms.

Rebuilding...

Done in 156ms.

Rebuilding...

Done in 101ms.

Rebuilding...

Done in 161ms.

Rebuilding...

Done in 73ms.

Rebuilding...

Done in 101ms.

Rebuilding...

Done in 178ms.

Rebuilding...

Done in 133ms.

Rebuilding...

Done in 267ms.

Rebuilding...

Done in 234ms.

Rebuilding...

Done in 118ms.

Rebuilding...

Done in 144ms.

Rebuilding...

Done in 102ms.

Rebuilding...

Done in 69ms.

Rebuilding...

Done in 146ms.

Rebuilding...

Done in 174ms.

Rebuilding...

Done in 85ms.

Rebuilding...

Done in 98ms.

Rebuilding...

Done in 199ms.

Rebuilding...

Done in 979ms.

Rebuilding...

Done in 931ms.

Rebuilding...

Done in 211ms.

Rebuilding...

Done in 208ms.

Rebuilding...

Done in 658ms.

Rebuilding...

Done in 89ms.

Rebuilding...

Done in 173ms.

Rebuilding...

Done in 102ms.

Rebuilding...

Done in 1408ms.

Rebuilding...

Done in 154ms.

Rebuilding...

Done in 774ms.

Rebuilding...

Done in 96ms.

Rebuilding...

Done in 1488ms.

Rebuilding...

Done in 1346ms.

Rebuilding...

Done in 232ms.

Rebuilding...

Done in 1428ms.

Rebuilding...

Done in 434ms.

Rebuilding...

Done in 509ms.

Rebuilding...

Done in 326ms.

Rebuilding...

Done in 113ms.

Rebuilding...

Done in 150ms.

Rebuilding...

Done in 70ms.

Rebuilding...

Done in 72ms.

Rebuilding...

Done in 200ms.

Rebuilding...

Done in 100ms.

Rebuilding...

Done in 132ms.

Rebuilding...

Done in 72ms.

Rebuilding...

Done in 216ms.

Rebuilding...

Done in 118ms.

Rebuilding...

Done in 135ms.

Rebuilding...

Done in 89ms.

Rebuilding...

Done in 202ms.

Rebuilding...

Done in 204ms.

Rebuilding...

Done in 203ms.

Rebuilding...

Done in 137ms.

Rebuilding...

Done in 1234ms.

Rebuilding...

Done in 175ms.

Rebuilding...

Done in 183ms.

Rebuilding...

Done in 71ms.

Rebuilding...

Done in 3631ms.

Rebuilding...

Done in 80ms.

Rebuilding...

Done in 354ms.

Rebuilding...

Done in 138ms.

Rebuilding...

Done in 138ms.

Rebuilding...

Done in 156ms.

Rebuilding...

Done in 382ms.

Rebuilding...

Done in 92ms.

Rebuilding...

Done in 328ms.

Rebuilding...

Done in 348ms.

Rebuilding...

Done in 8000ms.

Rebuilding...

Done in 81ms.

Rebuilding...

Done in 120ms.

Rebuilding...

Done in 156ms.

Rebuilding...

Done in 10110ms.

Rebuilding...

Done in 588ms.

<--- Last few GCs --->

[9256:0000021163C3BC90]  5806297 ms: Mark-Compact 2014.1 (2084.3) -> 2007.0 (2093.6) MB, 3958.50 / 0.00 ms  (average mu = 0.645, current mu = 0.162) allocation failure; scavenge might not succeed
[9256:0000021163C3BC90]  5816338 ms: Mark-Compact 2023.0 (2093.6) -> 2014.5 (2100.8) MB, 9667.14 / 0.00 ms  (average mu = 0.293, current mu = 0.037) allocation failure; scavenge might not succeed


<--- JS stacktrace --->

FATAL ERROR: Reached heap limit Allocation failed - JavaScript heap out of memory
 1: 00007FF6FB30433F node::SetCppgcReference+15695
 2: 00007FF6FB27EC26 EVP_MD_meth_get_input_blocksize+78566
 3: 00007FF6FB280A11 EVP_MD_meth_get_input_blocksize+86225
 4: 00007FF6FBCEA7E1 v8::Isolate::ReportExternalAllocationLimitReached+65
 5: 00007FF6FBCD3F78 v8::Function::Experimental_IsNopFunction+1336
 6: 00007FF6FBB357E0 v8::Platform::SystemClockTimeMillis+659552
 7: 00007FF6FBB32868 v8::Platform::SystemClockTimeMillis+647400
 8: 00007FF6FBB47B7A v8::Platform::SystemClockTimeMillis+734202
 9: 00007FF6FBB483F7 v8::Platform::SystemClockTimeMillis+736375
10: 00007FF6FBB56D1F v8::Platform::SystemClockTimeMillis+796063
11: 00007FF6FB8172E5 v8::CodeEvent::GetFunctionName+116773
12: 00007FF69BD5AAFA 

